07-Dec-2022 11:52:31.077 INFORMACIÓN [main] org.apache.catalina.core.StandardServer.await Se ha recibido un comando de apagado a través del puerto de apagado. Parando la instancia del Servidor.
07-Dec-2022 11:52:31.084 INFORMACIÓN [main] org.apache.coyote.AbstractProtocol.pause Pausing ProtocolHandler ["http-nio-8080"]
07-Dec-2022 11:52:31.348 INFORMACIÓN [main] org.apache.catalina.core.StandardService.stopInternal Parando servicio [Catalina]
07-Dec-2022 11:52:31.499 INFORMACIÓN [main] org.apache.coyote.AbstractProtocol.stop Stopping ProtocolHandler ["http-nio-8080"]
07-Dec-2022 11:52:31.518 INFORMACIÓN [main] org.apache.coyote.AbstractProtocol.destroy Destroying ProtocolHandler ["http-nio-8080"]
07-Dec-2022 11:52:34.276 INFORMACIÓN [main] org.apache.catalina.startup.VersionLoggerListener.log Nombre de la versión del servidor: Apache Tomcat/10.0.16
07-Dec-2022 11:52:34.279 INFORMACIÓN [main] org.apache.catalina.startup.VersionLoggerListener.log Server built:                      Jan 15 2022 13:19:56 UTC
07-Dec-2022 11:52:34.279 INFORMACIÓN [main] org.apache.catalina.startup.VersionLoggerListener.log Número de versión de servidor:     10.0.16.0
07-Dec-2022 11:52:34.279 INFORMACIÓN [main] org.apache.catalina.startup.VersionLoggerListener.log OS Name:                           Windows 10
07-Dec-2022 11:52:34.279 INFORMACIÓN [main] org.apache.catalina.startup.VersionLoggerListener.log Versión de Systema Operativo:      10.0
07-Dec-2022 11:52:34.279 INFORMACIÓN [main] org.apache.catalina.startup.VersionLoggerListener.log Arquitectura:                      amd64
07-Dec-2022 11:52:34.279 INFORMACIÓN [main] org.apache.catalina.startup.VersionLoggerListener.log Java Home:                         C:\Program Files\Java\jdk1.8.0_202\jre
07-Dec-2022 11:52:34.280 INFORMACIÓN [main] org.apache.catalina.startup.VersionLoggerListener.log JVM Version:                       1.8.0_202-b08
07-Dec-2022 11:52:34.280 INFORMACIÓN [main] org.apache.catalina.startup.VersionLoggerListener.log Vededor JVM:                       Oracle Corporation
07-Dec-2022 11:52:34.280 INFORMACIÓN [main] org.apache.catalina.startup.VersionLoggerListener.log CATALINA_BASE:                     C:\Users\w10\Documents\Learning\intellijCourseJakarta\JavaEE\apache-tomcat-10.0.16
07-Dec-2022 11:52:34.280 INFORMACIÓN [main] org.apache.catalina.startup.VersionLoggerListener.log CATALINA_HOME:                     C:\Users\w10\Documents\Learning\intellijCourseJakarta\JavaEE\apache-tomcat-10.0.16
07-Dec-2022 11:52:34.282 INFORMACIÓN [main] org.apache.catalina.startup.VersionLoggerListener.log Command line argument:             -Djava.util.logging.config.file=C:\Users\w10\Documents\Learning\intellijCourseJakarta\JavaEE\apache-tomcat-10.0.16\conf\logging.properties
07-Dec-2022 11:52:34.282 INFORMACIÓN [main] org.apache.catalina.startup.VersionLoggerListener.log Command line argument:             -Djava.util.logging.manager=org.apache.juli.ClassLoaderLogManager
07-Dec-2022 11:52:34.282 INFORMACIÓN [main] org.apache.catalina.startup.VersionLoggerListener.log Command line argument:             -Djdk.tls.ephemeralDHKeySize=2048
07-Dec-2022 11:52:34.282 INFORMACIÓN [main] org.apache.catalina.startup.VersionLoggerListener.log Command line argument:             -Djava.protocol.handler.pkgs=org.apache.catalina.webresources
07-Dec-2022 11:52:34.283 INFORMACIÓN [main] org.apache.catalina.startup.VersionLoggerListener.log Command line argument:             -Dignore.endorsed.dirs=
07-Dec-2022 11:52:34.283 INFORMACIÓN [main] org.apache.catalina.startup.VersionLoggerListener.log Command line argument:             -Dcatalina.base=C:\Users\w10\Documents\Learning\intellijCourseJakarta\JavaEE\apache-tomcat-10.0.16
07-Dec-2022 11:52:34.283 INFORMACIÓN [main] org.apache.catalina.startup.VersionLoggerListener.log Command line argument:             -Dcatalina.home=C:\Users\w10\Documents\Learning\intellijCourseJakarta\JavaEE\apache-tomcat-10.0.16
07-Dec-2022 11:52:34.283 INFORMACIÓN [main] org.apache.catalina.startup.VersionLoggerListener.log Command line argument:             -Djava.io.tmpdir=C:\Users\w10\Documents\Learning\intellijCourseJakarta\JavaEE\apache-tomcat-10.0.16\temp
07-Dec-2022 11:52:34.287 INFORMACIÓN [main] org.apache.catalina.core.AprLifecycleListener.lifecycleEvent Cargada la biblioteca nativa APR de Apache Tomcat [1.2.31] con la versión APR [1.7.0].
07-Dec-2022 11:52:34.287 INFORMACIÓN [main] org.apache.catalina.core.AprLifecycleListener.lifecycleEvent Capacidades APR: IPv6 [true], enviar fichero [true], aceptar filtros [false], aleatorio [true], UDS [true].
07-Dec-2022 11:52:34.293 INFORMACIÓN [main] org.apache.catalina.core.AprLifecycleListener.initializeSSL OpenSSL inicializado correctamente [OpenSSL 1.1.1l  24 Aug 2021]
07-Dec-2022 11:52:34.742 INFORMACIÓN [main] org.apache.coyote.AbstractProtocol.init Inicializando el manejador de protocolo ["http-nio-8080"]

07-Dec-2022 11:52:34.775 INFORMACIÓN [main] org.apache.catalina.startup.Catalina.load Server initialization in [729] milliseconds
07-Dec-2022 11:52:34.831 INFORMACIÓN [main] org.apache.catalina.core.StandardService.startInternal Arrancando servicio [Catalina]
07-Dec-2022 11:52:34.831 INFORMACIÓN [main] org.apache.catalina.core.StandardEngine.startInternal Starting Servlet engine: [Apache Tomcat/10.0.16]
07-Dec-2022 11:52:34.861 INFORMACIÓN [main] org.apache.catalina.startup.HostConfig.deployWAR Despliegue del archivo [C:\Users\w10\Documents\Learning\intellijCourseJakarta\JavaEE\apache-tomcat-10.0.16\webapps\webapp-cookie.war] de la aplicación web
07-Dec-2022 11:52:35.752 INFORMACIÓN [main] org.apache.jasper.servlet.TldScanner.scanJars Al menos un JAR, que se ha explorado buscando TLDs, aún no contenía TLDs. Activar historial de depuración para este historiador para una completa lista de los JARs que fueron explorados y de los que nos se halló TLDs. Saltarse JARs no necesarios durante la exploración puede dar lugar a una mejora de tiempo significativa en el arranque y compilación de JSP .
07-Dec-2022 11:52:36.000 ADVERTENCIA [main] org.apache.catalina.util.SessionIdGeneratorBase.createSecureRandom Creation of SecureRandom instance for session ID generation using [SHA1PRNG] took [202] milliseconds.
07-Dec-2022 11:52:36.031 INFORMACIÓN [main] org.apache.catalina.startup.HostConfig.deployWAR Deployment of web application archive [C:\Users\w10\Documents\Learning\intellijCourseJakarta\JavaEE\apache-tomcat-10.0.16\webapps\webapp-cookie.war] has finished in [1.170] ms
07-Dec-2022 11:52:36.034 INFORMACIÓN [main] org.apache.catalina.startup.HostConfig.deployWAR Despliegue del archivo [C:\Users\w10\Documents\Learning\intellijCourseJakarta\JavaEE\apache-tomcat-10.0.16\webapps\webapp-form.war] de la aplicación web
07-Dec-2022 11:52:36.079 INFORMACIÓN [main] org.apache.catalina.startup.HostConfig.deployWAR Deployment of web application archive [C:\Users\w10\Documents\Learning\intellijCourseJakarta\JavaEE\apache-tomcat-10.0.16\webapps\webapp-form.war] has finished in [45] ms
07-Dec-2022 11:52:36.082 INFORMACIÓN [main] org.apache.catalina.startup.HostConfig.deployWAR Despliegue del archivo [C:\Users\w10\Documents\Learning\intellijCourseJakarta\JavaEE\apache-tomcat-10.0.16\webapps\webapp-headers.war] de la aplicación web
07-Dec-2022 11:52:36.625 INFORMACIÓN [main] org.apache.jasper.servlet.TldScanner.scanJars Al menos un JAR, que se ha explorado buscando TLDs, aún no contenía TLDs. Activar historial de depuración para este historiador para una completa lista de los JARs que fueron explorados y de los que nos se halló TLDs. Saltarse JARs no necesarios durante la exploración puede dar lugar a una mejora de tiempo significativa en el arranque y compilación de JSP .
07-Dec-2022 11:52:36.630 INFORMACIÓN [main] org.apache.catalina.startup.HostConfig.deployWAR Deployment of web application archive [C:\Users\w10\Documents\Learning\intellijCourseJakarta\JavaEE\apache-tomcat-10.0.16\webapps\webapp-headers.war] has finished in [548] ms
07-Dec-2022 11:52:36.636 INFORMACIÓN [main] org.apache.catalina.startup.HostConfig.deployWAR Despliegue del archivo [C:\Users\w10\Documents\Learning\intellijCourseJakarta\JavaEE\apache-tomcat-10.0.16\webapps\webapp.war] de la aplicación web
07-Dec-2022 11:52:36.715 INFORMACIÓN [main] org.apache.catalina.startup.HostConfig.deployWAR Deployment of web application archive [C:\Users\w10\Documents\Learning\intellijCourseJakarta\JavaEE\apache-tomcat-10.0.16\webapps\webapp.war] has finished in [79] ms
07-Dec-2022 11:52:36.716 INFORMACIÓN [main] org.apache.catalina.startup.HostConfig.deployDirectory Desplegando el directorio [C:\Users\w10\Documents\Learning\intellijCourseJakarta\JavaEE\apache-tomcat-10.0.16\webapps\docs] de la aplicación web
07-Dec-2022 11:52:36.752 INFORMACIÓN [main] org.apache.catalina.startup.HostConfig.deployDirectory Deployment of web application directory [C:\Users\w10\Documents\Learning\intellijCourseJakarta\JavaEE\apache-tomcat-10.0.16\webapps\docs] has finished in [36] ms
07-Dec-2022 11:52:36.753 INFORMACIÓN [main] org.apache.catalina.startup.HostConfig.deployDirectory Desplegando el directorio [C:\Users\w10\Documents\Learning\intellijCourseJakarta\JavaEE\apache-tomcat-10.0.16\webapps\examples] de la aplicación web
07-Dec-2022 11:52:37.404 INFORMACIÓN [main] org.apache.catalina.startup.HostConfig.deployDirectory Deployment of web application directory [C:\Users\w10\Documents\Learning\intellijCourseJakarta\JavaEE\apache-tomcat-10.0.16\webapps\examples] has finished in [651] ms
07-Dec-2022 11:52:37.405 INFORMACIÓN [main] org.apache.catalina.startup.HostConfig.deployDirectory Desplegando el directorio [C:\Users\w10\Documents\Learning\intellijCourseJakarta\JavaEE\apache-tomcat-10.0.16\webapps\host-manager] de la aplicación web
07-Dec-2022 11:52:37.452 INFORMACIÓN [main] org.apache.catalina.startup.HostConfig.deployDirectory Deployment of web application directory [C:\Users\w10\Documents\Learning\intellijCourseJakarta\JavaEE\apache-tomcat-10.0.16\webapps\host-manager] has finished in [47] ms
07-Dec-2022 11:52:37.452 INFORMACIÓN [main] org.apache.catalina.startup.HostConfig.deployDirectory Desplegando el directorio [C:\Users\w10\Documents\Learning\intellijCourseJakarta\JavaEE\apache-tomcat-10.0.16\webapps\manager] de la aplicación web
07-Dec-2022 11:52:37.493 INFORMACIÓN [main] org.apache.catalina.startup.HostConfig.deployDirectory Deployment of web application directory [C:\Users\w10\Documents\Learning\intellijCourseJakarta\JavaEE\apache-tomcat-10.0.16\webapps\manager] has finished in [40] ms
07-Dec-2022 11:52:37.493 INFORMACIÓN [main] org.apache.catalina.startup.HostConfig.deployDirectory Desplegando el directorio [C:\Users\w10\Documents\Learning\intellijCourseJakarta\JavaEE\apache-tomcat-10.0.16\webapps\ROOT] de la aplicación web
07-Dec-2022 11:52:37.533 INFORMACIÓN [main] org.apache.catalina.startup.HostConfig.deployDirectory Deployment of web application directory [C:\Users\w10\Documents\Learning\intellijCourseJakarta\JavaEE\apache-tomcat-10.0.16\webapps\ROOT] has finished in [39] ms
07-Dec-2022 11:52:37.543 INFORMACIÓN [main] org.apache.coyote.AbstractProtocol.start Starting ProtocolHandler ["http-nio-8080"]
07-Dec-2022 11:52:37.588 INFORMACIÓN [main] org.apache.catalina.startup.Catalina.start Server startup in [2811] milliseconds
07-Dec-2022 11:52:54.090 INFORMACIÓN [http-nio-8080-exec-1] org.apache.catalina.startup.HostConfig.undeploy Repliegue (undeploy) de la aplicación web que tiene como trayectoria de contexto [/webapp-cookie]
07-Dec-2022 11:52:54.142 INFORMACIÓN [http-nio-8080-exec-1] org.apache.catalina.startup.HostConfig.deployWAR Despliegue del archivo [C:\Users\w10\Documents\Learning\intellijCourseJakarta\JavaEE\apache-tomcat-10.0.16\webapps\webapp-cookie.war] de la aplicación web
07-Dec-2022 11:52:54.351 GRAVE [http-nio-8080-exec-1] org.apache.catalina.startup.HostConfig.deployWAR Error durante el despliegue del archivo [C:\Users\w10\Documents\Learning\intellijCourseJakarta\JavaEE\apache-tomcat-10.0.16\webapps\webapp-cookie.war] de la aplicación web
	java.lang.IllegalStateException: Error starting child
		at org.apache.catalina.core.ContainerBase.addChildInternal(ContainerBase.java:729)
		at org.apache.catalina.core.ContainerBase.addChild(ContainerBase.java:698)
		at org.apache.catalina.core.StandardHost.addChild(StandardHost.java:747)
		at org.apache.catalina.startup.HostConfig.deployWAR(HostConfig.java:1027)
		at org.apache.catalina.startup.HostConfig.deployApps(HostConfig.java:547)
		at org.apache.catalina.startup.HostConfig.check(HostConfig.java:1780)
		at sun.reflect.NativeMethodAccessorImpl.invoke0(Native Method)
		at sun.reflect.NativeMethodAccessorImpl.invoke(NativeMethodAccessorImpl.java:62)
		at sun.reflect.DelegatingMethodAccessorImpl.invoke(DelegatingMethodAccessorImpl.java:43)
		at java.lang.reflect.Method.invoke(Method.java:498)
		at org.apache.tomcat.util.modeler.BaseModelMBean.invoke(BaseModelMBean.java:293)
		at com.sun.jmx.interceptor.DefaultMBeanServerInterceptor.invoke(DefaultMBeanServerInterceptor.java:819)
		at com.sun.jmx.mbeanserver.JmxMBeanServer.invoke(JmxMBeanServer.java:801)
		at org.apache.catalina.manager.ManagerServlet.check(ManagerServlet.java:1592)
		at org.apache.catalina.manager.ManagerServlet.deploy(ManagerServlet.java:856)
		at org.apache.catalina.manager.ManagerServlet.doPut(ManagerServlet.java:458)
		at jakarta.servlet.http.HttpServlet.service(HttpServlet.java:697)
		at jakarta.servlet.http.HttpServlet.service(HttpServlet.java:777)
		at org.apache.catalina.core.ApplicationFilterChain.internalDoFilter(ApplicationFilterChain.java:223)
		at org.apache.catalina.core.ApplicationFilterChain.doFilter(ApplicationFilterChain.java:158)
		at org.apache.tomcat.websocket.server.WsFilter.doFilter(WsFilter.java:53)
		at org.apache.catalina.core.ApplicationFilterChain.internalDoFilter(ApplicationFilterChain.java:185)
		at org.apache.catalina.core.ApplicationFilterChain.doFilter(ApplicationFilterChain.java:158)
		at org.apache.catalina.filters.HttpHeaderSecurityFilter.doFilter(HttpHeaderSecurityFilter.java:126)
		at org.apache.catalina.core.ApplicationFilterChain.internalDoFilter(ApplicationFilterChain.java:185)
		at org.apache.catalina.core.ApplicationFilterChain.doFilter(ApplicationFilterChain.java:158)
		at org.apache.catalina.core.StandardWrapperValve.invoke(StandardWrapperValve.java:197)
		at org.apache.catalina.core.StandardContextValve.invoke(StandardContextValve.java:97)
		at org.apache.catalina.authenticator.AuthenticatorBase.invoke(AuthenticatorBase.java:660)
		at org.apache.catalina.valves.RequestFilterValve.process(RequestFilterValve.java:378)
		at org.apache.catalina.valves.RemoteAddrValve.invoke(RemoteAddrValve.java:56)
		at org.apache.catalina.core.StandardHostValve.invoke(StandardHostValve.java:119)
		at org.apache.catalina.valves.ErrorReportValve.invoke(ErrorReportValve.java:92)
		at org.apache.catalina.valves.AbstractAccessLogValve.invoke(AbstractAccessLogValve.java:690)
		at org.apache.catalina.core.StandardEngineValve.invoke(StandardEngineValve.java:78)
		at org.apache.catalina.connector.CoyoteAdapter.service(CoyoteAdapter.java:355)
		at org.apache.coyote.http11.Http11Processor.service(Http11Processor.java:399)
		at org.apache.coyote.AbstractProcessorLight.process(AbstractProcessorLight.java:65)
		at org.apache.coyote.AbstractProtocol$ConnectionHandler.process(AbstractProtocol.java:866)
		at org.apache.tomcat.util.net.NioEndpoint$SocketProcessor.doRun(NioEndpoint.java:1708)
		at org.apache.tomcat.util.net.SocketProcessorBase.run(SocketProcessorBase.java:49)
		at org.apache.tomcat.util.threads.ThreadPoolExecutor.runWorker(ThreadPoolExecutor.java:1191)
		at org.apache.tomcat.util.threads.ThreadPoolExecutor$Worker.run(ThreadPoolExecutor.java:659)
		at org.apache.tomcat.util.threads.TaskThread$WrappingRunnable.run(TaskThread.java:61)
		at java.lang.Thread.run(Thread.java:748)
	Caused by: org.apache.catalina.LifecycleException: Failed to start component [StandardEngine[Catalina].StandardHost[localhost].StandardContext[/webapp-cookie]]
		at org.apache.catalina.util.LifecycleBase.handleSubClassException(LifecycleBase.java:440)
		at org.apache.catalina.util.LifecycleBase.start(LifecycleBase.java:198)
		at org.apache.catalina.core.ContainerBase.addChildInternal(ContainerBase.java:726)
		... 44 more
	Caused by: java.lang.IllegalArgumentException: Los servlets llamados [com.arthe.apiservlet.webapp.headers.controllers.ProductoServlet] y [com.arthe.apiservlet.webapp.headers.controllers.ProductoXlsServlet] estan ambos mapeados al patrón de URL [/productos.html] el cual no esta permitido
		at org.apache.tomcat.util.descriptor.web.WebXml.addServletMappingDecoded(WebXml.java:346)
		at org.apache.tomcat.util.descriptor.web.WebXml.addServletMapping(WebXml.java:339)
		at org.apache.catalina.startup.ContextConfig.processAnnotationWebServlet(ContextConfig.java:2680)
		at org.apache.catalina.startup.ContextConfig.processClass(ContextConfig.java:2359)
		at org.apache.catalina.startup.ContextConfig.processAnnotationsStream(ContextConfig.java:2348)
		at org.apache.catalina.startup.ContextConfig.processAnnotationsWebResource(ContextConfig.java:2249)
		at org.apache.catalina.startup.ContextConfig.processAnnotationsWebResource(ContextConfig.java:2243)
		at org.apache.catalina.startup.ContextConfig.processAnnotationsWebResource(ContextConfig.java:2243)
		at org.apache.catalina.startup.ContextConfig.processAnnotationsWebResource(ContextConfig.java:2243)
		at org.apache.catalina.startup.ContextConfig.processAnnotationsWebResource(ContextConfig.java:2243)
		at org.apache.catalina.startup.ContextConfig.processAnnotationsWebResource(ContextConfig.java:2243)
		at org.apache.catalina.startup.ContextConfig.processAnnotationsWebResource(ContextConfig.java:2243)
		at org.apache.catalina.startup.ContextConfig.processClasses(ContextConfig.java:1398)
		at org.apache.catalina.startup.ContextConfig.webConfig(ContextConfig.java:1303)
		at org.apache.catalina.startup.ContextConfig.configureStart(ContextConfig.java:986)
		at org.apache.catalina.startup.ContextConfig.lifecycleEvent(ContextConfig.java:303)
		at org.apache.catalina.util.LifecycleBase.fireLifecycleEvent(LifecycleBase.java:123)
		at org.apache.catalina.core.StandardContext.startInternal(StandardContext.java:5084)
		at org.apache.catalina.util.LifecycleBase.start(LifecycleBase.java:183)
		... 45 more
07-Dec-2022 11:52:54.356 INFORMACIÓN [http-nio-8080-exec-1] org.apache.catalina.startup.HostConfig.deployWAR Deployment of web application archive [C:\Users\w10\Documents\Learning\intellijCourseJakarta\JavaEE\apache-tomcat-10.0.16\webapps\webapp-cookie.war] has finished in [214] ms
07-Dec-2022 11:55:31.228 INFORMACIÓN [http-nio-8080-exec-11] org.apache.catalina.startup.HostConfig.undeploy Repliegue (undeploy) de la aplicación web que tiene como trayectoria de contexto [/webapp-cookie]
07-Dec-2022 11:55:31.417 INFORMACIÓN [http-nio-8080-exec-11] org.apache.catalina.startup.HostConfig.deployWAR Despliegue del archivo [C:\Users\w10\Documents\Learning\intellijCourseJakarta\JavaEE\apache-tomcat-10.0.16\webapps\webapp-cookie.war] de la aplicación web
07-Dec-2022 11:55:32.716 INFORMACIÓN [http-nio-8080-exec-11] org.apache.jasper.servlet.TldScanner.scanJars Al menos un JAR, que se ha explorado buscando TLDs, aún no contenía TLDs. Activar historial de depuración para este historiador para una completa lista de los JARs que fueron explorados y de los que nos se halló TLDs. Saltarse JARs no necesarios durante la exploración puede dar lugar a una mejora de tiempo significativa en el arranque y compilación de JSP .
07-Dec-2022 11:55:32.720 INFORMACIÓN [http-nio-8080-exec-11] org.apache.catalina.startup.HostConfig.deployWAR Deployment of web application archive [C:\Users\w10\Documents\Learning\intellijCourseJakarta\JavaEE\apache-tomcat-10.0.16\webapps\webapp-cookie.war] has finished in [1.303] ms
07-Dec-2022 11:58:31.911 INFORMACIÓN [http-nio-8080-exec-19] org.apache.catalina.startup.HostConfig.undeploy Repliegue (undeploy) de la aplicación web que tiene como trayectoria de contexto [/webapp-cookie]
07-Dec-2022 11:58:31.951 INFORMACIÓN [http-nio-8080-exec-19] org.apache.catalina.startup.HostConfig.deployWAR Despliegue del archivo [C:\Users\w10\Documents\Learning\intellijCourseJakarta\JavaEE\apache-tomcat-10.0.16\webapps\webapp-cookie.war] de la aplicación web
07-Dec-2022 11:58:34.287 INFORMACIÓN [http-nio-8080-exec-19] org.apache.jasper.servlet.TldScanner.scanJars Al menos un JAR, que se ha explorado buscando TLDs, aún no contenía TLDs. Activar historial de depuración para este historiador para una completa lista de los JARs que fueron explorados y de los que nos se halló TLDs. Saltarse JARs no necesarios durante la exploración puede dar lugar a una mejora de tiempo significativa en el arranque y compilación de JSP .
07-Dec-2022 11:58:34.304 INFORMACIÓN [http-nio-8080-exec-19] org.apache.catalina.startup.HostConfig.deployWAR Deployment of web application archive [C:\Users\w10\Documents\Learning\intellijCourseJakarta\JavaEE\apache-tomcat-10.0.16\webapps\webapp-cookie.war] has finished in [2.353] ms
07-Dec-2022 12:00:47.796 INFORMACIÓN [http-nio-8080-exec-28] org.apache.catalina.startup.HostConfig.undeploy Repliegue (undeploy) de la aplicación web que tiene como trayectoria de contexto [/webapp-cookie]
07-Dec-2022 12:00:47.838 INFORMACIÓN [http-nio-8080-exec-28] org.apache.catalina.startup.HostConfig.deployWAR Despliegue del archivo [C:\Users\w10\Documents\Learning\intellijCourseJakarta\JavaEE\apache-tomcat-10.0.16\webapps\webapp-cookie.war] de la aplicación web
07-Dec-2022 12:00:48.468 INFORMACIÓN [http-nio-8080-exec-28] org.apache.jasper.servlet.TldScanner.scanJars Al menos un JAR, que se ha explorado buscando TLDs, aún no contenía TLDs. Activar historial de depuración para este historiador para una completa lista de los JARs que fueron explorados y de los que nos se halló TLDs. Saltarse JARs no necesarios durante la exploración puede dar lugar a una mejora de tiempo significativa en el arranque y compilación de JSP .
07-Dec-2022 12:00:48.474 INFORMACIÓN [http-nio-8080-exec-28] org.apache.catalina.startup.HostConfig.deployWAR Deployment of web application archive [C:\Users\w10\Documents\Learning\intellijCourseJakarta\JavaEE\apache-tomcat-10.0.16\webapps\webapp-cookie.war] has finished in [636] ms
07-Dec-2022 12:13:06.035 INFORMACIÓN [http-nio-8080-exec-32] org.apache.catalina.startup.HostConfig.undeploy Repliegue (undeploy) de la aplicación web que tiene como trayectoria de contexto [/webapp-cookie]
07-Dec-2022 12:13:06.092 INFORMACIÓN [http-nio-8080-exec-32] org.apache.catalina.startup.HostConfig.deployWAR Despliegue del archivo [C:\Users\w10\Documents\Learning\intellijCourseJakarta\JavaEE\apache-tomcat-10.0.16\webapps\webapp-cookie.war] de la aplicación web
07-Dec-2022 12:13:06.802 INFORMACIÓN [http-nio-8080-exec-32] org.apache.jasper.servlet.TldScanner.scanJars Al menos un JAR, que se ha explorado buscando TLDs, aún no contenía TLDs. Activar historial de depuración para este historiador para una completa lista de los JARs que fueron explorados y de los que nos se halló TLDs. Saltarse JARs no necesarios durante la exploración puede dar lugar a una mejora de tiempo significativa en el arranque y compilación de JSP .
07-Dec-2022 12:13:06.810 INFORMACIÓN [http-nio-8080-exec-32] org.apache.catalina.startup.HostConfig.deployWAR Deployment of web application archive [C:\Users\w10\Documents\Learning\intellijCourseJakarta\JavaEE\apache-tomcat-10.0.16\webapps\webapp-cookie.war] has finished in [719] ms
07-Dec-2022 12:26:00.291 INFORMACIÓN [http-nio-8080-exec-49] org.apache.catalina.startup.HostConfig.undeploy Repliegue (undeploy) de la aplicación web que tiene como trayectoria de contexto [/webapp-cookie]
07-Dec-2022 12:26:00.339 INFORMACIÓN [http-nio-8080-exec-49] org.apache.catalina.startup.HostConfig.deployWAR Despliegue del archivo [C:\Users\w10\Documents\Learning\intellijCourseJakarta\JavaEE\apache-tomcat-10.0.16\webapps\webapp-cookie.war] de la aplicación web
07-Dec-2022 12:26:00.941 INFORMACIÓN [http-nio-8080-exec-49] org.apache.jasper.servlet.TldScanner.scanJars Al menos un JAR, que se ha explorado buscando TLDs, aún no contenía TLDs. Activar historial de depuración para este historiador para una completa lista de los JARs que fueron explorados y de los que nos se halló TLDs. Saltarse JARs no necesarios durante la exploración puede dar lugar a una mejora de tiempo significativa en el arranque y compilación de JSP .
07-Dec-2022 12:26:00.946 INFORMACIÓN [http-nio-8080-exec-49] org.apache.catalina.startup.HostConfig.deployWAR Deployment of web application archive [C:\Users\w10\Documents\Learning\intellijCourseJakarta\JavaEE\apache-tomcat-10.0.16\webapps\webapp-cookie.war] has finished in [606] ms
07-Dec-2022 12:26:29.263 INFORMACIÓN [http-nio-8080-exec-45] org.apache.catalina.startup.HostConfig.undeploy Repliegue (undeploy) de la aplicación web que tiene como trayectoria de contexto [/webapp-cookie]
07-Dec-2022 12:26:29.310 INFORMACIÓN [http-nio-8080-exec-45] org.apache.catalina.startup.HostConfig.deployWAR Despliegue del archivo [C:\Users\w10\Documents\Learning\intellijCourseJakarta\JavaEE\apache-tomcat-10.0.16\webapps\webapp-cookie.war] de la aplicación web
07-Dec-2022 12:26:29.938 INFORMACIÓN [http-nio-8080-exec-45] org.apache.jasper.servlet.TldScanner.scanJars Al menos un JAR, que se ha explorado buscando TLDs, aún no contenía TLDs. Activar historial de depuración para este historiador para una completa lista de los JARs que fueron explorados y de los que nos se halló TLDs. Saltarse JARs no necesarios durante la exploración puede dar lugar a una mejora de tiempo significativa en el arranque y compilación de JSP .
07-Dec-2022 12:26:29.938 INFORMACIÓN [http-nio-8080-exec-45] org.apache.catalina.startup.HostConfig.deployWAR Deployment of web application archive [C:\Users\w10\Documents\Learning\intellijCourseJakarta\JavaEE\apache-tomcat-10.0.16\webapps\webapp-cookie.war] has finished in [628] ms
07-Dec-2022 12:26:44.189 INFORMACIÓN [http-nio-8080-exec-42] org.apache.catalina.startup.HostConfig.undeploy Repliegue (undeploy) de la aplicación web que tiene como trayectoria de contexto [/webapp-cookie]
07-Dec-2022 12:26:44.236 INFORMACIÓN [http-nio-8080-exec-42] org.apache.catalina.startup.HostConfig.deployWAR Despliegue del archivo [C:\Users\w10\Documents\Learning\intellijCourseJakarta\JavaEE\apache-tomcat-10.0.16\webapps\webapp-cookie.war] de la aplicación web
07-Dec-2022 12:26:44.911 INFORMACIÓN [http-nio-8080-exec-42] org.apache.jasper.servlet.TldScanner.scanJars Al menos un JAR, que se ha explorado buscando TLDs, aún no contenía TLDs. Activar historial de depuración para este historiador para una completa lista de los JARs que fueron explorados y de los que nos se halló TLDs. Saltarse JARs no necesarios durante la exploración puede dar lugar a una mejora de tiempo significativa en el arranque y compilación de JSP .
07-Dec-2022 12:26:44.911 INFORMACIÓN [http-nio-8080-exec-42] org.apache.catalina.startup.HostConfig.deployWAR Deployment of web application archive [C:\Users\w10\Documents\Learning\intellijCourseJakarta\JavaEE\apache-tomcat-10.0.16\webapps\webapp-cookie.war] has finished in [675] ms
07-Dec-2022 12:39:58.687 INFORMACIÓN [http-nio-8080-exec-63] org.apache.catalina.startup.HostConfig.undeploy Repliegue (undeploy) de la aplicación web que tiene como trayectoria de contexto [/webapp-cookie]
07-Dec-2022 12:39:58.735 INFORMACIÓN [http-nio-8080-exec-63] org.apache.catalina.startup.HostConfig.deployWAR Despliegue del archivo [C:\Users\w10\Documents\Learning\intellijCourseJakarta\JavaEE\apache-tomcat-10.0.16\webapps\webapp-cookie.war] de la aplicación web
07-Dec-2022 12:39:59.461 INFORMACIÓN [http-nio-8080-exec-63] org.apache.jasper.servlet.TldScanner.scanJars Al menos un JAR, que se ha explorado buscando TLDs, aún no contenía TLDs. Activar historial de depuración para este historiador para una completa lista de los JARs que fueron explorados y de los que nos se halló TLDs. Saltarse JARs no necesarios durante la exploración puede dar lugar a una mejora de tiempo significativa en el arranque y compilación de JSP .
07-Dec-2022 12:39:59.466 INFORMACIÓN [http-nio-8080-exec-63] org.apache.catalina.startup.HostConfig.deployWAR Deployment of web application archive [C:\Users\w10\Documents\Learning\intellijCourseJakarta\JavaEE\apache-tomcat-10.0.16\webapps\webapp-cookie.war] has finished in [731] ms
07-Dec-2022 12:59:01.770 INFORMACIÓN [http-nio-8080-exec-69] org.apache.catalina.startup.HostConfig.undeploy Repliegue (undeploy) de la aplicación web que tiene como trayectoria de contexto [/webapp-cookie]
07-Dec-2022 12:59:01.830 INFORMACIÓN [http-nio-8080-exec-69] org.apache.catalina.startup.HostConfig.deployWAR Despliegue del archivo [C:\Users\w10\Documents\Learning\intellijCourseJakarta\JavaEE\apache-tomcat-10.0.16\webapps\webapp-cookie.war] de la aplicación web
07-Dec-2022 12:59:02.559 INFORMACIÓN [http-nio-8080-exec-69] org.apache.jasper.servlet.TldScanner.scanJars Al menos un JAR, que se ha explorado buscando TLDs, aún no contenía TLDs. Activar historial de depuración para este historiador para una completa lista de los JARs que fueron explorados y de los que nos se halló TLDs. Saltarse JARs no necesarios durante la exploración puede dar lugar a una mejora de tiempo significativa en el arranque y compilación de JSP .
07-Dec-2022 12:59:02.566 INFORMACIÓN [http-nio-8080-exec-69] org.apache.catalina.startup.HostConfig.deployWAR Deployment of web application archive [C:\Users\w10\Documents\Learning\intellijCourseJakarta\JavaEE\apache-tomcat-10.0.16\webapps\webapp-cookie.war] has finished in [736] ms
07-Dec-2022 16:15:09.915 INFORMACIÓN [http-nio-8080-exec-83] org.apache.catalina.startup.HostConfig.undeploy Repliegue (undeploy) de la aplicación web que tiene como trayectoria de contexto [/webapp-cookie]
07-Dec-2022 16:15:10.032 INFORMACIÓN [http-nio-8080-exec-83] org.apache.catalina.startup.HostConfig.deployWAR Despliegue del archivo [C:\Users\w10\Documents\Learning\intellijCourseJakarta\JavaEE\apache-tomcat-10.0.16\webapps\webapp-cookie.war] de la aplicación web
07-Dec-2022 16:15:13.295 INFORMACIÓN [http-nio-8080-exec-83] org.apache.jasper.servlet.TldScanner.scanJars Al menos un JAR, que se ha explorado buscando TLDs, aún no contenía TLDs. Activar historial de depuración para este historiador para una completa lista de los JARs que fueron explorados y de los que nos se halló TLDs. Saltarse JARs no necesarios durante la exploración puede dar lugar a una mejora de tiempo significativa en el arranque y compilación de JSP .
07-Dec-2022 16:15:13.421 INFORMACIÓN [http-nio-8080-exec-83] org.apache.catalina.startup.HostConfig.deployWAR Deployment of web application archive [C:\Users\w10\Documents\Learning\intellijCourseJakarta\JavaEE\apache-tomcat-10.0.16\webapps\webapp-cookie.war] has finished in [3.386] ms
07-Dec-2022 16:17:27.513 INFORMACIÓN [http-nio-8080-exec-89] org.apache.catalina.startup.HostConfig.undeploy Repliegue (undeploy) de la aplicación web que tiene como trayectoria de contexto [/webapp-cookie]
07-Dec-2022 16:17:27.600 INFORMACIÓN [http-nio-8080-exec-89] org.apache.catalina.startup.HostConfig.deployWAR Despliegue del archivo [C:\Users\w10\Documents\Learning\intellijCourseJakarta\JavaEE\apache-tomcat-10.0.16\webapps\webapp-cookie.war] de la aplicación web
07-Dec-2022 16:17:28.324 INFORMACIÓN [http-nio-8080-exec-89] org.apache.jasper.servlet.TldScanner.scanJars Al menos un JAR, que se ha explorado buscando TLDs, aún no contenía TLDs. Activar historial de depuración para este historiador para una completa lista de los JARs que fueron explorados y de los que nos se halló TLDs. Saltarse JARs no necesarios durante la exploración puede dar lugar a una mejora de tiempo significativa en el arranque y compilación de JSP .
07-Dec-2022 16:17:28.331 INFORMACIÓN [http-nio-8080-exec-89] org.apache.catalina.startup.HostConfig.deployWAR Deployment of web application archive [C:\Users\w10\Documents\Learning\intellijCourseJakarta\JavaEE\apache-tomcat-10.0.16\webapps\webapp-cookie.war] has finished in [732] ms
07-Dec-2022 16:56:55.856 INFORMACIÓN [http-nio-8080-exec-97] org.apache.catalina.startup.HostConfig.deployWAR Despliegue del archivo [C:\Users\w10\Documents\Learning\intellijCourseJakarta\JavaEE\apache-tomcat-10.0.16\webapps\webapp-session.war] de la aplicación web
07-Dec-2022 16:56:56.687 INFORMACIÓN [http-nio-8080-exec-97] org.apache.jasper.servlet.TldScanner.scanJars Al menos un JAR, que se ha explorado buscando TLDs, aún no contenía TLDs. Activar historial de depuración para este historiador para una completa lista de los JARs que fueron explorados y de los que nos se halló TLDs. Saltarse JARs no necesarios durante la exploración puede dar lugar a una mejora de tiempo significativa en el arranque y compilación de JSP .
07-Dec-2022 16:56:56.695 INFORMACIÓN [http-nio-8080-exec-97] org.apache.catalina.startup.HostConfig.deployWAR Deployment of web application archive [C:\Users\w10\Documents\Learning\intellijCourseJakarta\JavaEE\apache-tomcat-10.0.16\webapps\webapp-session.war] has finished in [840] ms
07-Dec-2022 16:58:27.052 INFORMACIÓN [main] org.apache.catalina.core.StandardServer.await Se ha recibido un comando de apagado a través del puerto de apagado. Parando la instancia del Servidor.
07-Dec-2022 16:58:27.055 INFORMACIÓN [main] org.apache.coyote.AbstractProtocol.pause Pausing ProtocolHandler ["http-nio-8080"]
07-Dec-2022 16:58:27.375 INFORMACIÓN [main] org.apache.catalina.core.StandardService.stopInternal Parando servicio [Catalina]
07-Dec-2022 16:58:27.439 INFORMACIÓN [main] org.apache.coyote.AbstractProtocol.stop Stopping ProtocolHandler ["http-nio-8080"]
07-Dec-2022 16:58:27.448 INFORMACIÓN [main] org.apache.coyote.AbstractProtocol.destroy Destroying ProtocolHandler ["http-nio-8080"]
