05-Dec-2022 13:31:15.896 INFORMACIÓN [main] org.apache.catalina.startup.VersionLoggerListener.log Nombre de la versión del servidor: Apache Tomcat/10.0.16
05-Dec-2022 13:31:15.903 INFORMACIÓN [main] org.apache.catalina.startup.VersionLoggerListener.log Server built:                      Jan 15 2022 13:19:56 UTC
05-Dec-2022 13:31:15.903 INFORMACIÓN [main] org.apache.catalina.startup.VersionLoggerListener.log Número de versión de servidor:     10.0.16.0
05-Dec-2022 13:31:15.904 INFORMACIÓN [main] org.apache.catalina.startup.VersionLoggerListener.log OS Name:                           Windows 10
05-Dec-2022 13:31:15.904 INFORMACIÓN [main] org.apache.catalina.startup.VersionLoggerListener.log Versión de Systema Operativo:      10.0
05-Dec-2022 13:31:15.905 INFORMACIÓN [main] org.apache.catalina.startup.VersionLoggerListener.log Arquitectura:                      amd64
05-Dec-2022 13:31:15.905 INFORMACIÓN [main] org.apache.catalina.startup.VersionLoggerListener.log Java Home:                         C:\Program Files\Java\jdk1.8.0_202\jre
05-Dec-2022 13:31:15.906 INFORMACIÓN [main] org.apache.catalina.startup.VersionLoggerListener.log JVM Version:                       1.8.0_202-b08
05-Dec-2022 13:31:15.906 INFORMACIÓN [main] org.apache.catalina.startup.VersionLoggerListener.log Vededor JVM:                       Oracle Corporation
05-Dec-2022 13:31:15.906 INFORMACIÓN [main] org.apache.catalina.startup.VersionLoggerListener.log CATALINA_BASE:                     C:\Users\w10\Documents\Learning\intellijCourseJakarta\JavaEE\apache-tomcat-10.0.16
05-Dec-2022 13:31:15.907 INFORMACIÓN [main] org.apache.catalina.startup.VersionLoggerListener.log CATALINA_HOME:                     C:\Users\w10\Documents\Learning\intellijCourseJakarta\JavaEE\apache-tomcat-10.0.16
05-Dec-2022 13:31:15.911 INFORMACIÓN [main] org.apache.catalina.startup.VersionLoggerListener.log Command line argument:             -Djava.util.logging.config.file=C:\Users\w10\Documents\Learning\intellijCourseJakarta\JavaEE\apache-tomcat-10.0.16\conf\logging.properties
05-Dec-2022 13:31:15.911 INFORMACIÓN [main] org.apache.catalina.startup.VersionLoggerListener.log Command line argument:             -Djava.util.logging.manager=org.apache.juli.ClassLoaderLogManager
05-Dec-2022 13:31:15.912 INFORMACIÓN [main] org.apache.catalina.startup.VersionLoggerListener.log Command line argument:             -Djdk.tls.ephemeralDHKeySize=2048
05-Dec-2022 13:31:15.912 INFORMACIÓN [main] org.apache.catalina.startup.VersionLoggerListener.log Command line argument:             -Djava.protocol.handler.pkgs=org.apache.catalina.webresources
05-Dec-2022 13:31:15.913 INFORMACIÓN [main] org.apache.catalina.startup.VersionLoggerListener.log Command line argument:             -Dignore.endorsed.dirs=
05-Dec-2022 13:31:15.914 INFORMACIÓN [main] org.apache.catalina.startup.VersionLoggerListener.log Command line argument:             -Dcatalina.base=C:\Users\w10\Documents\Learning\intellijCourseJakarta\JavaEE\apache-tomcat-10.0.16
05-Dec-2022 13:31:15.914 INFORMACIÓN [main] org.apache.catalina.startup.VersionLoggerListener.log Command line argument:             -Dcatalina.home=C:\Users\w10\Documents\Learning\intellijCourseJakarta\JavaEE\apache-tomcat-10.0.16
05-Dec-2022 13:31:15.915 INFORMACIÓN [main] org.apache.catalina.startup.VersionLoggerListener.log Command line argument:             -Djava.io.tmpdir=C:\Users\w10\Documents\Learning\intellijCourseJakarta\JavaEE\apache-tomcat-10.0.16\temp
05-Dec-2022 13:31:15.934 INFORMACIÓN [main] org.apache.catalina.core.AprLifecycleListener.lifecycleEvent Cargada la biblioteca nativa APR de Apache Tomcat [1.2.31] con la versión APR [1.7.0].
05-Dec-2022 13:31:15.935 INFORMACIÓN [main] org.apache.catalina.core.AprLifecycleListener.lifecycleEvent Capacidades APR: IPv6 [true], enviar fichero [true], aceptar filtros [false], aleatorio [true], UDS [true].
05-Dec-2022 13:31:15.969 INFORMACIÓN [main] org.apache.catalina.core.AprLifecycleListener.initializeSSL OpenSSL inicializado correctamente [OpenSSL 1.1.1l  24 Aug 2021]
05-Dec-2022 13:31:18.473 INFORMACIÓN [main] org.apache.coyote.AbstractProtocol.init Inicializando el manejador de protocolo ["http-nio-8080"]

05-Dec-2022 13:31:18.549 INFORMACIÓN [main] org.apache.catalina.startup.Catalina.load Server initialization in [3341] milliseconds
05-Dec-2022 13:31:18.668 INFORMACIÓN [main] org.apache.catalina.core.StandardService.startInternal Arrancando servicio [Catalina]
05-Dec-2022 13:31:18.668 INFORMACIÓN [main] org.apache.catalina.core.StandardEngine.startInternal Starting Servlet engine: [Apache Tomcat/10.0.16]
05-Dec-2022 13:31:18.754 INFORMACIÓN [main] org.apache.catalina.startup.HostConfig.deployWAR Despliegue del archivo [C:\Users\w10\Documents\Learning\intellijCourseJakarta\JavaEE\apache-tomcat-10.0.16\webapps\webapp-form.war] de la aplicación web
05-Dec-2022 13:31:20.489 ADVERTENCIA [main] org.apache.catalina.util.SessionIdGeneratorBase.createSecureRandom Creation of SecureRandom instance for session ID generation using [SHA1PRNG] took [747] milliseconds.
05-Dec-2022 13:31:20.559 INFORMACIÓN [main] org.apache.catalina.startup.HostConfig.deployWAR Deployment of web application archive [C:\Users\w10\Documents\Learning\intellijCourseJakarta\JavaEE\apache-tomcat-10.0.16\webapps\webapp-form.war] has finished in [1.806] ms
05-Dec-2022 13:31:20.566 INFORMACIÓN [main] org.apache.catalina.startup.HostConfig.deployWAR Despliegue del archivo [C:\Users\w10\Documents\Learning\intellijCourseJakarta\JavaEE\apache-tomcat-10.0.16\webapps\webapp.war] de la aplicación web
05-Dec-2022 13:31:20.712 INFORMACIÓN [main] org.apache.catalina.startup.HostConfig.deployWAR Deployment of web application archive [C:\Users\w10\Documents\Learning\intellijCourseJakarta\JavaEE\apache-tomcat-10.0.16\webapps\webapp.war] has finished in [147] ms
05-Dec-2022 13:31:20.714 INFORMACIÓN [main] org.apache.catalina.startup.HostConfig.deployDirectory Desplegando el directorio [C:\Users\w10\Documents\Learning\intellijCourseJakarta\JavaEE\apache-tomcat-10.0.16\webapps\docs] de la aplicación web
05-Dec-2022 13:31:20.812 INFORMACIÓN [main] org.apache.catalina.startup.HostConfig.deployDirectory Deployment of web application directory [C:\Users\w10\Documents\Learning\intellijCourseJakarta\JavaEE\apache-tomcat-10.0.16\webapps\docs] has finished in [97] ms
05-Dec-2022 13:31:20.813 INFORMACIÓN [main] org.apache.catalina.startup.HostConfig.deployDirectory Desplegando el directorio [C:\Users\w10\Documents\Learning\intellijCourseJakarta\JavaEE\apache-tomcat-10.0.16\webapps\examples] de la aplicación web
05-Dec-2022 13:31:27.608 INFORMACIÓN [main] org.apache.catalina.startup.HostConfig.deployDirectory Deployment of web application directory [C:\Users\w10\Documents\Learning\intellijCourseJakarta\JavaEE\apache-tomcat-10.0.16\webapps\examples] has finished in [6.792] ms
05-Dec-2022 13:31:27.696 INFORMACIÓN [main] org.apache.catalina.startup.HostConfig.deployDirectory Desplegando el directorio [C:\Users\w10\Documents\Learning\intellijCourseJakarta\JavaEE\apache-tomcat-10.0.16\webapps\host-manager] de la aplicación web
05-Dec-2022 13:31:28.186 INFORMACIÓN [main] org.apache.catalina.startup.HostConfig.deployDirectory Deployment of web application directory [C:\Users\w10\Documents\Learning\intellijCourseJakarta\JavaEE\apache-tomcat-10.0.16\webapps\host-manager] has finished in [491] ms
05-Dec-2022 13:31:28.484 INFORMACIÓN [main] org.apache.catalina.startup.HostConfig.deployDirectory Desplegando el directorio [C:\Users\w10\Documents\Learning\intellijCourseJakarta\JavaEE\apache-tomcat-10.0.16\webapps\manager] de la aplicación web
05-Dec-2022 13:31:28.640 INFORMACIÓN [main] org.apache.catalina.startup.HostConfig.deployDirectory Deployment of web application directory [C:\Users\w10\Documents\Learning\intellijCourseJakarta\JavaEE\apache-tomcat-10.0.16\webapps\manager] has finished in [156] ms
05-Dec-2022 13:31:28.655 INFORMACIÓN [main] org.apache.catalina.startup.HostConfig.deployDirectory Desplegando el directorio [C:\Users\w10\Documents\Learning\intellijCourseJakarta\JavaEE\apache-tomcat-10.0.16\webapps\ROOT] de la aplicación web
05-Dec-2022 13:31:29.076 INFORMACIÓN [main] org.apache.catalina.startup.HostConfig.deployDirectory Deployment of web application directory [C:\Users\w10\Documents\Learning\intellijCourseJakarta\JavaEE\apache-tomcat-10.0.16\webapps\ROOT] has finished in [415] ms
05-Dec-2022 13:31:29.151 INFORMACIÓN [main] org.apache.coyote.AbstractProtocol.start Starting ProtocolHandler ["http-nio-8080"]
05-Dec-2022 13:31:29.411 INFORMACIÓN [main] org.apache.catalina.startup.Catalina.start Server startup in [10860] milliseconds
05-Dec-2022 13:31:50.314 INFORMACIÓN [http-nio-8080-exec-3] org.apache.catalina.startup.HostConfig.undeploy Repliegue (undeploy) de la aplicación web que tiene como trayectoria de contexto [/webapp-form]
05-Dec-2022 13:31:50.387 INFORMACIÓN [http-nio-8080-exec-3] org.apache.catalina.startup.HostConfig.deployWAR Despliegue del archivo [C:\Users\w10\Documents\Learning\intellijCourseJakarta\JavaEE\apache-tomcat-10.0.16\webapps\webapp-form.war] de la aplicación web
05-Dec-2022 13:31:50.551 INFORMACIÓN [http-nio-8080-exec-3] org.apache.catalina.startup.HostConfig.deployWAR Deployment of web application archive [C:\Users\w10\Documents\Learning\intellijCourseJakarta\JavaEE\apache-tomcat-10.0.16\webapps\webapp-form.war] has finished in [164] ms
05-Dec-2022 13:36:07.060 INFORMACIÓN [http-nio-8080-exec-11] org.apache.catalina.startup.HostConfig.undeploy Repliegue (undeploy) de la aplicación web que tiene como trayectoria de contexto [/webapp-form]
05-Dec-2022 13:36:07.143 INFORMACIÓN [http-nio-8080-exec-11] org.apache.catalina.startup.HostConfig.deployWAR Despliegue del archivo [C:\Users\w10\Documents\Learning\intellijCourseJakarta\JavaEE\apache-tomcat-10.0.16\webapps\webapp-form.war] de la aplicación web
05-Dec-2022 13:36:07.448 INFORMACIÓN [http-nio-8080-exec-11] org.apache.catalina.startup.HostConfig.deployWAR Deployment of web application archive [C:\Users\w10\Documents\Learning\intellijCourseJakarta\JavaEE\apache-tomcat-10.0.16\webapps\webapp-form.war] has finished in [305] ms
05-Dec-2022 13:37:27.014 INFORMACIÓN [http-nio-8080-exec-16] org.apache.catalina.startup.HostConfig.undeploy Repliegue (undeploy) de la aplicación web que tiene como trayectoria de contexto [/webapp-form]
05-Dec-2022 13:37:27.061 INFORMACIÓN [http-nio-8080-exec-16] org.apache.catalina.startup.HostConfig.deployWAR Despliegue del archivo [C:\Users\w10\Documents\Learning\intellijCourseJakarta\JavaEE\apache-tomcat-10.0.16\webapps\webapp-form.war] de la aplicación web
05-Dec-2022 13:37:27.206 INFORMACIÓN [http-nio-8080-exec-16] org.apache.catalina.startup.HostConfig.deployWAR Deployment of web application archive [C:\Users\w10\Documents\Learning\intellijCourseJakarta\JavaEE\apache-tomcat-10.0.16\webapps\webapp-form.war] has finished in [145] ms
05-Dec-2022 13:42:25.861 INFORMACIÓN [http-nio-8080-exec-25] org.apache.catalina.startup.HostConfig.undeploy Repliegue (undeploy) de la aplicación web que tiene como trayectoria de contexto [/webapp-form]
05-Dec-2022 13:42:25.916 INFORMACIÓN [http-nio-8080-exec-25] org.apache.catalina.startup.HostConfig.deployWAR Despliegue del archivo [C:\Users\w10\Documents\Learning\intellijCourseJakarta\JavaEE\apache-tomcat-10.0.16\webapps\webapp-form.war] de la aplicación web
05-Dec-2022 13:42:26.069 INFORMACIÓN [http-nio-8080-exec-25] org.apache.catalina.startup.HostConfig.deployWAR Deployment of web application archive [C:\Users\w10\Documents\Learning\intellijCourseJakarta\JavaEE\apache-tomcat-10.0.16\webapps\webapp-form.war] has finished in [153] ms
