05-Jan-2023 15:40:31.414 INFO [main] org.apache.catalina.startup.VersionLoggerListener.log Server version name:   Apache Tomcat/10.0.16
05-Jan-2023 15:40:31.415 INFO [main] org.apache.catalina.startup.VersionLoggerListener.log Server built:          Jan 15 2022 13:19:56 UTC
05-Jan-2023 15:40:31.416 INFO [main] org.apache.catalina.startup.VersionLoggerListener.log Server version number: 10.0.16.0
05-Jan-2023 15:40:31.416 INFO [main] org.apache.catalina.startup.VersionLoggerListener.log OS Name:               Windows 10
05-Jan-2023 15:40:31.416 INFO [main] org.apache.catalina.startup.VersionLoggerListener.log OS Version:            10.0
05-Jan-2023 15:40:31.416 INFO [main] org.apache.catalina.startup.VersionLoggerListener.log Architecture:          amd64
05-Jan-2023 15:40:31.416 INFO [main] org.apache.catalina.startup.VersionLoggerListener.log Java Home:             C:\Program Files\Java\jdk1.8.0_202\jre
05-Jan-2023 15:40:31.416 INFO [main] org.apache.catalina.startup.VersionLoggerListener.log JVM Version:           1.8.0_202-b08
05-Jan-2023 15:40:31.416 INFO [main] org.apache.catalina.startup.VersionLoggerListener.log JVM Vendor:            Oracle Corporation
05-Jan-2023 15:40:31.417 INFO [main] org.apache.catalina.startup.VersionLoggerListener.log CATALINA_BASE:         C:\Users\w10\Documents\Learning\intellijCourseJakarta\JavaEE\apache-tomcat-10.0.16
05-Jan-2023 15:40:31.417 INFO [main] org.apache.catalina.startup.VersionLoggerListener.log CATALINA_HOME:         C:\Users\w10\Documents\Learning\intellijCourseJakarta\JavaEE\apache-tomcat-10.0.16
05-Jan-2023 15:40:31.418 INFO [main] org.apache.catalina.startup.VersionLoggerListener.log Command line argument: -Djava.util.logging.config.file=C:\Users\w10\Documents\Learning\intellijCourseJakarta\JavaEE\apache-tomcat-10.0.16\conf\logging.properties
05-Jan-2023 15:40:31.418 INFO [main] org.apache.catalina.startup.VersionLoggerListener.log Command line argument: -Djava.util.logging.manager=org.apache.juli.ClassLoaderLogManager
05-Jan-2023 15:40:31.418 INFO [main] org.apache.catalina.startup.VersionLoggerListener.log Command line argument: -Djdk.tls.ephemeralDHKeySize=2048
05-Jan-2023 15:40:31.418 INFO [main] org.apache.catalina.startup.VersionLoggerListener.log Command line argument: -Djava.protocol.handler.pkgs=org.apache.catalina.webresources
05-Jan-2023 15:40:31.418 INFO [main] org.apache.catalina.startup.VersionLoggerListener.log Command line argument: -Dignore.endorsed.dirs=
05-Jan-2023 15:40:31.419 INFO [main] org.apache.catalina.startup.VersionLoggerListener.log Command line argument: -Dcatalina.base=C:\Users\w10\Documents\Learning\intellijCourseJakarta\JavaEE\apache-tomcat-10.0.16
05-Jan-2023 15:40:31.419 INFO [main] org.apache.catalina.startup.VersionLoggerListener.log Command line argument: -Dcatalina.home=C:\Users\w10\Documents\Learning\intellijCourseJakarta\JavaEE\apache-tomcat-10.0.16
05-Jan-2023 15:40:31.419 INFO [main] org.apache.catalina.startup.VersionLoggerListener.log Command line argument: -Djava.io.tmpdir=C:\Users\w10\Documents\Learning\intellijCourseJakarta\JavaEE\apache-tomcat-10.0.16\temp
05-Jan-2023 15:40:31.426 INFO [main] org.apache.catalina.core.AprLifecycleListener.lifecycleEvent Loaded Apache Tomcat Native library [1.2.31] using APR version [1.7.0].
05-Jan-2023 15:40:31.426 INFO [main] org.apache.catalina.core.AprLifecycleListener.lifecycleEvent APR capabilities: IPv6 [true], sendfile [true], accept filters [false], random [true], UDS [true].
05-Jan-2023 15:40:31.441 INFO [main] org.apache.catalina.core.AprLifecycleListener.initializeSSL OpenSSL successfully initialized [OpenSSL 1.1.1l  24 Aug 2021]
05-Jan-2023 15:40:31.719 INFO [main] org.apache.coyote.AbstractProtocol.init Initializing ProtocolHandler ["http-nio-8080"]
05-Jan-2023 15:40:31.737 INFO [main] org.apache.catalina.startup.Catalina.load Server initialization in [486] milliseconds
05-Jan-2023 15:40:31.761 INFO [main] org.apache.catalina.core.StandardService.startInternal Starting service [Catalina]
05-Jan-2023 15:40:31.761 INFO [main] org.apache.catalina.core.StandardEngine.startInternal Starting Servlet engine: [Apache Tomcat/10.0.16]
05-Jan-2023 15:40:31.781 INFO [main] org.apache.catalina.startup.HostConfig.deployWAR Deploying web application archive [C:\Users\w10\Documents\Learning\intellijCourseJakarta\JavaEE\apache-tomcat-10.0.16\webapps\webapp-bbdd-tarea9.war]
05-Jan-2023 15:40:32.557 INFO [main] org.apache.jasper.servlet.TldScanner.scanJars At least one JAR was scanned for TLDs yet contained no TLDs. Enable debug logging for this logger for a complete list of JARs that were scanned but no TLDs were found in them. Skipping unneeded JARs during scanning can improve startup time and JSP compilation time.
05-Jan-2023 15:40:32.720 WARNING [main] org.apache.catalina.util.SessionIdGeneratorBase.createSecureRandom Creation of SecureRandom instance for session ID generation using [SHA1PRNG] took [147] milliseconds.
05-Jan-2023 15:40:32.735 INFO [main] org.apache.catalina.startup.HostConfig.deployWAR Deployment of web application archive [C:\Users\w10\Documents\Learning\intellijCourseJakarta\JavaEE\apache-tomcat-10.0.16\webapps\webapp-bbdd-tarea9.war] has finished in [954] ms
05-Jan-2023 15:40:32.739 INFO [main] org.apache.catalina.startup.HostConfig.deployWAR Deploying web application archive [C:\Users\w10\Documents\Learning\intellijCourseJakarta\JavaEE\apache-tomcat-10.0.16\webapps\webapp-cookie.war]
05-Jan-2023 15:40:33.180 INFO [main] org.apache.jasper.servlet.TldScanner.scanJars At least one JAR was scanned for TLDs yet contained no TLDs. Enable debug logging for this logger for a complete list of JARs that were scanned but no TLDs were found in them. Skipping unneeded JARs during scanning can improve startup time and JSP compilation time.
05-Jan-2023 15:40:33.183 INFO [main] org.apache.catalina.startup.HostConfig.deployWAR Deployment of web application archive [C:\Users\w10\Documents\Learning\intellijCourseJakarta\JavaEE\apache-tomcat-10.0.16\webapps\webapp-cookie.war] has finished in [444] ms
05-Jan-2023 15:40:33.186 INFO [main] org.apache.catalina.startup.HostConfig.deployWAR Deploying web application archive [C:\Users\w10\Documents\Learning\intellijCourseJakarta\JavaEE\apache-tomcat-10.0.16\webapps\webapp-form.war]
05-Jan-2023 15:40:33.508 INFO [main] org.apache.jasper.servlet.TldScanner.scanJars At least one JAR was scanned for TLDs yet contained no TLDs. Enable debug logging for this logger for a complete list of JARs that were scanned but no TLDs were found in them. Skipping unneeded JARs during scanning can improve startup time and JSP compilation time.
05-Jan-2023 15:40:33.511 INFO [main] org.apache.catalina.startup.HostConfig.deployWAR Deployment of web application archive [C:\Users\w10\Documents\Learning\intellijCourseJakarta\JavaEE\apache-tomcat-10.0.16\webapps\webapp-form.war] has finished in [325] ms
05-Jan-2023 15:40:33.517 INFO [main] org.apache.catalina.startup.HostConfig.deployWAR Deploying web application archive [C:\Users\w10\Documents\Learning\intellijCourseJakarta\JavaEE\apache-tomcat-10.0.16\webapps\webapp-headers.war]
05-Jan-2023 15:40:34.147 INFO [main] org.apache.jasper.servlet.TldScanner.scanJars At least one JAR was scanned for TLDs yet contained no TLDs. Enable debug logging for this logger for a complete list of JARs that were scanned but no TLDs were found in them. Skipping unneeded JARs during scanning can improve startup time and JSP compilation time.
05-Jan-2023 15:40:34.150 INFO [main] org.apache.catalina.startup.HostConfig.deployWAR Deployment of web application archive [C:\Users\w10\Documents\Learning\intellijCourseJakarta\JavaEE\apache-tomcat-10.0.16\webapps\webapp-headers.war] has finished in [633] ms
05-Jan-2023 15:40:34.157 INFO [main] org.apache.catalina.startup.HostConfig.deployWAR Deploying web application archive [C:\Users\w10\Documents\Learning\intellijCourseJakarta\JavaEE\apache-tomcat-10.0.16\webapps\webapp-session.war]
05-Jan-2023 15:40:35.123 INFO [main] org.apache.jasper.servlet.TldScanner.scanJars At least one JAR was scanned for TLDs yet contained no TLDs. Enable debug logging for this logger for a complete list of JARs that were scanned but no TLDs were found in them. Skipping unneeded JARs during scanning can improve startup time and JSP compilation time.
05-Jan-2023 15:40:35.140 INFO [main] org.apache.catalina.startup.HostConfig.deployWAR Deployment of web application archive [C:\Users\w10\Documents\Learning\intellijCourseJakarta\JavaEE\apache-tomcat-10.0.16\webapps\webapp-session.war] has finished in [982] ms
05-Jan-2023 15:40:35.142 INFO [main] org.apache.catalina.startup.HostConfig.deployWAR Deploying web application archive [C:\Users\w10\Documents\Learning\intellijCourseJakarta\JavaEE\apache-tomcat-10.0.16\webapps\webapp.war]
05-Jan-2023 15:40:35.352 INFO [main] org.apache.jasper.servlet.TldScanner.scanJars At least one JAR was scanned for TLDs yet contained no TLDs. Enable debug logging for this logger for a complete list of JARs that were scanned but no TLDs were found in them. Skipping unneeded JARs during scanning can improve startup time and JSP compilation time.
05-Jan-2023 15:40:35.354 INFO [main] org.apache.catalina.startup.HostConfig.deployWAR Deployment of web application archive [C:\Users\w10\Documents\Learning\intellijCourseJakarta\JavaEE\apache-tomcat-10.0.16\webapps\webapp.war] has finished in [212] ms
05-Jan-2023 15:40:35.355 INFO [main] org.apache.catalina.startup.HostConfig.deployDirectory Deploying web application directory [C:\Users\w10\Documents\Learning\intellijCourseJakarta\JavaEE\apache-tomcat-10.0.16\webapps\docs]
05-Jan-2023 15:40:35.545 INFO [main] org.apache.jasper.servlet.TldScanner.scanJars At least one JAR was scanned for TLDs yet contained no TLDs. Enable debug logging for this logger for a complete list of JARs that were scanned but no TLDs were found in them. Skipping unneeded JARs during scanning can improve startup time and JSP compilation time.
05-Jan-2023 15:40:35.547 INFO [main] org.apache.catalina.startup.HostConfig.deployDirectory Deployment of web application directory [C:\Users\w10\Documents\Learning\intellijCourseJakarta\JavaEE\apache-tomcat-10.0.16\webapps\docs] has finished in [192] ms
05-Jan-2023 15:40:35.547 INFO [main] org.apache.catalina.startup.HostConfig.deployDirectory Deploying web application directory [C:\Users\w10\Documents\Learning\intellijCourseJakarta\JavaEE\apache-tomcat-10.0.16\webapps\examples]
05-Jan-2023 15:40:35.961 INFO [main] org.apache.jasper.servlet.TldScanner.scanJars At least one JAR was scanned for TLDs yet contained no TLDs. Enable debug logging for this logger for a complete list of JARs that were scanned but no TLDs were found in them. Skipping unneeded JARs during scanning can improve startup time and JSP compilation time.
05-Jan-2023 15:40:36.003 INFO [main] org.apache.catalina.startup.HostConfig.deployDirectory Deployment of web application directory [C:\Users\w10\Documents\Learning\intellijCourseJakarta\JavaEE\apache-tomcat-10.0.16\webapps\examples] has finished in [456] ms
05-Jan-2023 15:40:36.004 INFO [main] org.apache.catalina.startup.HostConfig.deployDirectory Deploying web application directory [C:\Users\w10\Documents\Learning\intellijCourseJakarta\JavaEE\apache-tomcat-10.0.16\webapps\host-manager]
05-Jan-2023 15:40:36.242 INFO [main] org.apache.jasper.servlet.TldScanner.scanJars At least one JAR was scanned for TLDs yet contained no TLDs. Enable debug logging for this logger for a complete list of JARs that were scanned but no TLDs were found in them. Skipping unneeded JARs during scanning can improve startup time and JSP compilation time.
05-Jan-2023 15:40:36.245 INFO [main] org.apache.catalina.startup.HostConfig.deployDirectory Deployment of web application directory [C:\Users\w10\Documents\Learning\intellijCourseJakarta\JavaEE\apache-tomcat-10.0.16\webapps\host-manager] has finished in [242] ms
05-Jan-2023 15:40:36.245 INFO [main] org.apache.catalina.startup.HostConfig.deployDirectory Deploying web application directory [C:\Users\w10\Documents\Learning\intellijCourseJakarta\JavaEE\apache-tomcat-10.0.16\webapps\manager]
05-Jan-2023 15:40:36.430 INFO [main] org.apache.jasper.servlet.TldScanner.scanJars At least one JAR was scanned for TLDs yet contained no TLDs. Enable debug logging for this logger for a complete list of JARs that were scanned but no TLDs were found in them. Skipping unneeded JARs during scanning can improve startup time and JSP compilation time.
05-Jan-2023 15:40:36.432 INFO [main] org.apache.catalina.startup.HostConfig.deployDirectory Deployment of web application directory [C:\Users\w10\Documents\Learning\intellijCourseJakarta\JavaEE\apache-tomcat-10.0.16\webapps\manager] has finished in [187] ms
05-Jan-2023 15:40:36.432 INFO [main] org.apache.catalina.startup.HostConfig.deployDirectory Deploying web application directory [C:\Users\w10\Documents\Learning\intellijCourseJakarta\JavaEE\apache-tomcat-10.0.16\webapps\ROOT]
05-Jan-2023 15:40:36.608 INFO [main] org.apache.jasper.servlet.TldScanner.scanJars At least one JAR was scanned for TLDs yet contained no TLDs. Enable debug logging for this logger for a complete list of JARs that were scanned but no TLDs were found in them. Skipping unneeded JARs during scanning can improve startup time and JSP compilation time.
05-Jan-2023 15:40:36.610 INFO [main] org.apache.catalina.startup.HostConfig.deployDirectory Deployment of web application directory [C:\Users\w10\Documents\Learning\intellijCourseJakarta\JavaEE\apache-tomcat-10.0.16\webapps\ROOT] has finished in [178] ms
05-Jan-2023 15:40:36.614 INFO [main] org.apache.coyote.AbstractProtocol.start Starting ProtocolHandler ["http-nio-8080"]
05-Jan-2023 15:40:36.628 INFO [main] org.apache.catalina.startup.Catalina.start Server startup in [4891] milliseconds
05-Jan-2023 15:40:42.520 INFO [http-nio-8080-exec-1] org.apache.catalina.startup.HostConfig.undeploy Undeploying context [/webapp-session]
05-Jan-2023 15:40:42.571 INFO [http-nio-8080-exec-1] org.apache.catalina.startup.HostConfig.deployWAR Deploying web application archive [C:\Users\w10\Documents\Learning\intellijCourseJakarta\JavaEE\apache-tomcat-10.0.16\webapps\webapp-session.war]
05-Jan-2023 15:40:43.511 INFO [http-nio-8080-exec-1] org.apache.jasper.servlet.TldScanner.scanJars At least one JAR was scanned for TLDs yet contained no TLDs. Enable debug logging for this logger for a complete list of JARs that were scanned but no TLDs were found in them. Skipping unneeded JARs during scanning can improve startup time and JSP compilation time.
05-Jan-2023 15:40:43.529 INFO [http-nio-8080-exec-1] org.apache.catalina.startup.HostConfig.deployWAR Deployment of web application archive [C:\Users\w10\Documents\Learning\intellijCourseJakarta\JavaEE\apache-tomcat-10.0.16\webapps\webapp-session.war] has finished in [959] ms
