08-Dec-2022 18:09:43.943 INFORMACIÓN [main] org.apache.catalina.startup.VersionLoggerListener.log Nombre de la versión del servidor: Apache Tomcat/10.0.16
08-Dec-2022 18:09:43.945 INFORMACIÓN [main] org.apache.catalina.startup.VersionLoggerListener.log Server built:                      Jan 15 2022 13:19:56 UTC
08-Dec-2022 18:09:43.947 INFORMACIÓN [main] org.apache.catalina.startup.VersionLoggerListener.log Número de versión de servidor:     10.0.16.0
08-Dec-2022 18:09:43.947 INFORMACIÓN [main] org.apache.catalina.startup.VersionLoggerListener.log OS Name:                           Windows 10
08-Dec-2022 18:09:43.947 INFORMACIÓN [main] org.apache.catalina.startup.VersionLoggerListener.log Versión de Systema Operativo:      10.0
08-Dec-2022 18:09:43.947 INFORMACIÓN [main] org.apache.catalina.startup.VersionLoggerListener.log Arquitectura:                      amd64
08-Dec-2022 18:09:43.947 INFORMACIÓN [main] org.apache.catalina.startup.VersionLoggerListener.log Java Home:                         C:\Program Files\Java\jdk1.8.0_202\jre
08-Dec-2022 18:09:43.947 INFORMACIÓN [main] org.apache.catalina.startup.VersionLoggerListener.log JVM Version:                       1.8.0_202-b08
08-Dec-2022 18:09:43.948 INFORMACIÓN [main] org.apache.catalina.startup.VersionLoggerListener.log Vededor JVM:                       Oracle Corporation
08-Dec-2022 18:09:43.948 INFORMACIÓN [main] org.apache.catalina.startup.VersionLoggerListener.log CATALINA_BASE:                     C:\Users\w10\Documents\Learning\intellijCourseJakarta\JavaEE\apache-tomcat-10.0.16
08-Dec-2022 18:09:43.948 INFORMACIÓN [main] org.apache.catalina.startup.VersionLoggerListener.log CATALINA_HOME:                     C:\Users\w10\Documents\Learning\intellijCourseJakarta\JavaEE\apache-tomcat-10.0.16
08-Dec-2022 18:09:43.953 INFORMACIÓN [main] org.apache.catalina.startup.VersionLoggerListener.log Command line argument:             -Djava.util.logging.config.file=C:\Users\w10\Documents\Learning\intellijCourseJakarta\JavaEE\apache-tomcat-10.0.16\conf\logging.properties
08-Dec-2022 18:09:43.953 INFORMACIÓN [main] org.apache.catalina.startup.VersionLoggerListener.log Command line argument:             -Djava.util.logging.manager=org.apache.juli.ClassLoaderLogManager
08-Dec-2022 18:09:43.953 INFORMACIÓN [main] org.apache.catalina.startup.VersionLoggerListener.log Command line argument:             -Djdk.tls.ephemeralDHKeySize=2048
08-Dec-2022 18:09:43.953 INFORMACIÓN [main] org.apache.catalina.startup.VersionLoggerListener.log Command line argument:             -Djava.protocol.handler.pkgs=org.apache.catalina.webresources
08-Dec-2022 18:09:43.953 INFORMACIÓN [main] org.apache.catalina.startup.VersionLoggerListener.log Command line argument:             -Dignore.endorsed.dirs=
08-Dec-2022 18:09:43.954 INFORMACIÓN [main] org.apache.catalina.startup.VersionLoggerListener.log Command line argument:             -Dcatalina.base=C:\Users\w10\Documents\Learning\intellijCourseJakarta\JavaEE\apache-tomcat-10.0.16
08-Dec-2022 18:09:43.954 INFORMACIÓN [main] org.apache.catalina.startup.VersionLoggerListener.log Command line argument:             -Dcatalina.home=C:\Users\w10\Documents\Learning\intellijCourseJakarta\JavaEE\apache-tomcat-10.0.16
08-Dec-2022 18:09:43.954 INFORMACIÓN [main] org.apache.catalina.startup.VersionLoggerListener.log Command line argument:             -Djava.io.tmpdir=C:\Users\w10\Documents\Learning\intellijCourseJakarta\JavaEE\apache-tomcat-10.0.16\temp
08-Dec-2022 18:09:43.962 INFORMACIÓN [main] org.apache.catalina.core.AprLifecycleListener.lifecycleEvent Cargada la biblioteca nativa APR de Apache Tomcat [1.2.31] con la versión APR [1.7.0].
08-Dec-2022 18:09:43.962 INFORMACIÓN [main] org.apache.catalina.core.AprLifecycleListener.lifecycleEvent Capacidades APR: IPv6 [true], enviar fichero [true], aceptar filtros [false], aleatorio [true], UDS [true].
08-Dec-2022 18:09:43.978 INFORMACIÓN [main] org.apache.catalina.core.AprLifecycleListener.initializeSSL OpenSSL inicializado correctamente [OpenSSL 1.1.1l  24 Aug 2021]
08-Dec-2022 18:09:44.385 INFORMACIÓN [main] org.apache.coyote.AbstractProtocol.init Inicializando el manejador de protocolo ["http-nio-8080"]

08-Dec-2022 18:09:44.412 INFORMACIÓN [main] org.apache.catalina.startup.Catalina.load Server initialization in [666] milliseconds
08-Dec-2022 18:09:44.447 INFORMACIÓN [main] org.apache.catalina.core.StandardService.startInternal Arrancando servicio [Catalina]
08-Dec-2022 18:09:44.447 INFORMACIÓN [main] org.apache.catalina.core.StandardEngine.startInternal Starting Servlet engine: [Apache Tomcat/10.0.16]
08-Dec-2022 18:09:44.466 INFORMACIÓN [main] org.apache.catalina.startup.HostConfig.deployWAR Despliegue del archivo [C:\Users\w10\Documents\Learning\intellijCourseJakarta\JavaEE\apache-tomcat-10.0.16\webapps\webapp-cookie.war] de la aplicación web
08-Dec-2022 18:09:44.968 INFORMACIÓN [main] org.apache.jasper.servlet.TldScanner.scanJars Al menos un JAR, que se ha explorado buscando TLDs, aún no contenía TLDs. Activar historial de depuración para este historiador para una completa lista de los JARs que fueron explorados y de los que nos se halló TLDs. Saltarse JARs no necesarios durante la exploración puede dar lugar a una mejora de tiempo significativa en el arranque y compilación de JSP .
08-Dec-2022 18:09:45.115 ADVERTENCIA [main] org.apache.catalina.util.SessionIdGeneratorBase.createSecureRandom Creation of SecureRandom instance for session ID generation using [SHA1PRNG] took [122] milliseconds.
08-Dec-2022 18:09:45.131 INFORMACIÓN [main] org.apache.catalina.startup.HostConfig.deployWAR Deployment of web application archive [C:\Users\w10\Documents\Learning\intellijCourseJakarta\JavaEE\apache-tomcat-10.0.16\webapps\webapp-cookie.war] has finished in [665] ms
08-Dec-2022 18:09:45.134 INFORMACIÓN [main] org.apache.catalina.startup.HostConfig.deployWAR Despliegue del archivo [C:\Users\w10\Documents\Learning\intellijCourseJakarta\JavaEE\apache-tomcat-10.0.16\webapps\webapp-form.war] de la aplicación web
08-Dec-2022 18:09:45.168 INFORMACIÓN [main] org.apache.catalina.startup.HostConfig.deployWAR Deployment of web application archive [C:\Users\w10\Documents\Learning\intellijCourseJakarta\JavaEE\apache-tomcat-10.0.16\webapps\webapp-form.war] has finished in [34] ms
08-Dec-2022 18:09:45.171 INFORMACIÓN [main] org.apache.catalina.startup.HostConfig.deployWAR Despliegue del archivo [C:\Users\w10\Documents\Learning\intellijCourseJakarta\JavaEE\apache-tomcat-10.0.16\webapps\webapp-headers.war] de la aplicación web
08-Dec-2022 18:09:45.414 INFORMACIÓN [main] org.apache.jasper.servlet.TldScanner.scanJars Al menos un JAR, que se ha explorado buscando TLDs, aún no contenía TLDs. Activar historial de depuración para este historiador para una completa lista de los JARs que fueron explorados y de los que nos se halló TLDs. Saltarse JARs no necesarios durante la exploración puede dar lugar a una mejora de tiempo significativa en el arranque y compilación de JSP .
08-Dec-2022 18:09:45.417 INFORMACIÓN [main] org.apache.catalina.startup.HostConfig.deployWAR Deployment of web application archive [C:\Users\w10\Documents\Learning\intellijCourseJakarta\JavaEE\apache-tomcat-10.0.16\webapps\webapp-headers.war] has finished in [245] ms
08-Dec-2022 18:09:45.419 INFORMACIÓN [main] org.apache.catalina.startup.HostConfig.deployWAR Despliegue del archivo [C:\Users\w10\Documents\Learning\intellijCourseJakarta\JavaEE\apache-tomcat-10.0.16\webapps\webapp-session.war] de la aplicación web
08-Dec-2022 18:09:45.632 INFORMACIÓN [main] org.apache.jasper.servlet.TldScanner.scanJars Al menos un JAR, que se ha explorado buscando TLDs, aún no contenía TLDs. Activar historial de depuración para este historiador para una completa lista de los JARs que fueron explorados y de los que nos se halló TLDs. Saltarse JARs no necesarios durante la exploración puede dar lugar a una mejora de tiempo significativa en el arranque y compilación de JSP .
08-Dec-2022 18:09:45.636 INFORMACIÓN [main] org.apache.catalina.startup.HostConfig.deployWAR Deployment of web application archive [C:\Users\w10\Documents\Learning\intellijCourseJakarta\JavaEE\apache-tomcat-10.0.16\webapps\webapp-session.war] has finished in [217] ms
08-Dec-2022 18:09:45.638 INFORMACIÓN [main] org.apache.catalina.startup.HostConfig.deployWAR Despliegue del archivo [C:\Users\w10\Documents\Learning\intellijCourseJakarta\JavaEE\apache-tomcat-10.0.16\webapps\webapp.war] de la aplicación web
08-Dec-2022 18:09:45.672 INFORMACIÓN [main] org.apache.catalina.startup.HostConfig.deployWAR Deployment of web application archive [C:\Users\w10\Documents\Learning\intellijCourseJakarta\JavaEE\apache-tomcat-10.0.16\webapps\webapp.war] has finished in [34] ms
08-Dec-2022 18:09:45.673 INFORMACIÓN [main] org.apache.catalina.startup.HostConfig.deployDirectory Desplegando el directorio [C:\Users\w10\Documents\Learning\intellijCourseJakarta\JavaEE\apache-tomcat-10.0.16\webapps\docs] de la aplicación web
08-Dec-2022 18:09:45.704 INFORMACIÓN [main] org.apache.catalina.startup.HostConfig.deployDirectory Deployment of web application directory [C:\Users\w10\Documents\Learning\intellijCourseJakarta\JavaEE\apache-tomcat-10.0.16\webapps\docs] has finished in [31] ms
08-Dec-2022 18:09:45.704 INFORMACIÓN [main] org.apache.catalina.startup.HostConfig.deployDirectory Desplegando el directorio [C:\Users\w10\Documents\Learning\intellijCourseJakarta\JavaEE\apache-tomcat-10.0.16\webapps\examples] de la aplicación web
08-Dec-2022 18:09:46.113 INFORMACIÓN [main] org.apache.catalina.startup.HostConfig.deployDirectory Deployment of web application directory [C:\Users\w10\Documents\Learning\intellijCourseJakarta\JavaEE\apache-tomcat-10.0.16\webapps\examples] has finished in [408] ms
08-Dec-2022 18:09:46.113 INFORMACIÓN [main] org.apache.catalina.startup.HostConfig.deployDirectory Desplegando el directorio [C:\Users\w10\Documents\Learning\intellijCourseJakarta\JavaEE\apache-tomcat-10.0.16\webapps\host-manager] de la aplicación web
08-Dec-2022 18:09:46.147 INFORMACIÓN [main] org.apache.catalina.startup.HostConfig.deployDirectory Deployment of web application directory [C:\Users\w10\Documents\Learning\intellijCourseJakarta\JavaEE\apache-tomcat-10.0.16\webapps\host-manager] has finished in [34] ms
08-Dec-2022 18:09:46.148 INFORMACIÓN [main] org.apache.catalina.startup.HostConfig.deployDirectory Desplegando el directorio [C:\Users\w10\Documents\Learning\intellijCourseJakarta\JavaEE\apache-tomcat-10.0.16\webapps\manager] de la aplicación web
08-Dec-2022 18:09:46.181 INFORMACIÓN [main] org.apache.catalina.startup.HostConfig.deployDirectory Deployment of web application directory [C:\Users\w10\Documents\Learning\intellijCourseJakarta\JavaEE\apache-tomcat-10.0.16\webapps\manager] has finished in [33] ms
08-Dec-2022 18:09:46.182 INFORMACIÓN [main] org.apache.catalina.startup.HostConfig.deployDirectory Desplegando el directorio [C:\Users\w10\Documents\Learning\intellijCourseJakarta\JavaEE\apache-tomcat-10.0.16\webapps\ROOT] de la aplicación web
08-Dec-2022 18:09:46.206 INFORMACIÓN [main] org.apache.catalina.startup.HostConfig.deployDirectory Deployment of web application directory [C:\Users\w10\Documents\Learning\intellijCourseJakarta\JavaEE\apache-tomcat-10.0.16\webapps\ROOT] has finished in [24] ms
08-Dec-2022 18:09:46.210 INFORMACIÓN [main] org.apache.coyote.AbstractProtocol.start Starting ProtocolHandler ["http-nio-8080"]
08-Dec-2022 18:09:46.241 INFORMACIÓN [main] org.apache.catalina.startup.Catalina.start Server startup in [1828] milliseconds
08-Dec-2022 19:28:53.303 INFORMACIÓN [http-nio-8080-exec-3] org.apache.catalina.startup.HostConfig.undeploy Repliegue (undeploy) de la aplicación web que tiene como trayectoria de contexto [/webapp-session]
08-Dec-2022 19:28:53.571 INFORMACIÓN [http-nio-8080-exec-3] org.apache.catalina.startup.HostConfig.deployWAR Despliegue del archivo [C:\Users\w10\Documents\Learning\intellijCourseJakarta\JavaEE\apache-tomcat-10.0.16\webapps\webapp-session.war] de la aplicación web
08-Dec-2022 19:28:55.305 INFORMACIÓN [http-nio-8080-exec-3] org.apache.jasper.servlet.TldScanner.scanJars Al menos un JAR, que se ha explorado buscando TLDs, aún no contenía TLDs. Activar historial de depuración para este historiador para una completa lista de los JARs que fueron explorados y de los que nos se halló TLDs. Saltarse JARs no necesarios durante la exploración puede dar lugar a una mejora de tiempo significativa en el arranque y compilación de JSP .
08-Dec-2022 19:28:55.322 INFORMACIÓN [http-nio-8080-exec-3] org.apache.catalina.startup.HostConfig.deployWAR Deployment of web application archive [C:\Users\w10\Documents\Learning\intellijCourseJakarta\JavaEE\apache-tomcat-10.0.16\webapps\webapp-session.war] has finished in [1.751] ms
08-Dec-2022 19:32:33.979 INFORMACIÓN [http-nio-8080-exec-16] org.apache.catalina.startup.HostConfig.undeploy Repliegue (undeploy) de la aplicación web que tiene como trayectoria de contexto [/webapp-session]
08-Dec-2022 19:32:34.373 INFORMACIÓN [http-nio-8080-exec-16] org.apache.catalina.startup.HostConfig.deployWAR Despliegue del archivo [C:\Users\w10\Documents\Learning\intellijCourseJakarta\JavaEE\apache-tomcat-10.0.16\webapps\webapp-session.war] de la aplicación web
08-Dec-2022 19:32:36.825 INFORMACIÓN [http-nio-8080-exec-16] org.apache.jasper.servlet.TldScanner.scanJars Al menos un JAR, que se ha explorado buscando TLDs, aún no contenía TLDs. Activar historial de depuración para este historiador para una completa lista de los JARs que fueron explorados y de los que nos se halló TLDs. Saltarse JARs no necesarios durante la exploración puede dar lugar a una mejora de tiempo significativa en el arranque y compilación de JSP .
08-Dec-2022 19:32:36.841 INFORMACIÓN [http-nio-8080-exec-16] org.apache.catalina.startup.HostConfig.deployWAR Deployment of web application archive [C:\Users\w10\Documents\Learning\intellijCourseJakarta\JavaEE\apache-tomcat-10.0.16\webapps\webapp-session.war] has finished in [2.468] ms
08-Dec-2022 19:41:31.556 INFORMACIÓN [http-nio-8080-exec-24] org.apache.catalina.startup.HostConfig.undeploy Repliegue (undeploy) de la aplicación web que tiene como trayectoria de contexto [/webapp-session]
08-Dec-2022 19:41:31.643 INFORMACIÓN [http-nio-8080-exec-24] org.apache.catalina.startup.HostConfig.deployWAR Despliegue del archivo [C:\Users\w10\Documents\Learning\intellijCourseJakarta\JavaEE\apache-tomcat-10.0.16\webapps\webapp-session.war] de la aplicación web
08-Dec-2022 19:41:32.804 INFORMACIÓN [http-nio-8080-exec-24] org.apache.jasper.servlet.TldScanner.scanJars Al menos un JAR, que se ha explorado buscando TLDs, aún no contenía TLDs. Activar historial de depuración para este historiador para una completa lista de los JARs que fueron explorados y de los que nos se halló TLDs. Saltarse JARs no necesarios durante la exploración puede dar lugar a una mejora de tiempo significativa en el arranque y compilación de JSP .
08-Dec-2022 19:41:32.821 INFORMACIÓN [http-nio-8080-exec-24] org.apache.catalina.startup.HostConfig.deployWAR Deployment of web application archive [C:\Users\w10\Documents\Learning\intellijCourseJakarta\JavaEE\apache-tomcat-10.0.16\webapps\webapp-session.war] has finished in [1.178] ms
08-Dec-2022 19:42:01.499 INFORMACIÓN [http-nio-8080-exec-21] org.apache.catalina.startup.HostConfig.undeploy Repliegue (undeploy) de la aplicación web que tiene como trayectoria de contexto [/webapp-session]
08-Dec-2022 19:42:01.577 INFORMACIÓN [http-nio-8080-exec-21] org.apache.catalina.startup.HostConfig.deployWAR Despliegue del archivo [C:\Users\w10\Documents\Learning\intellijCourseJakarta\JavaEE\apache-tomcat-10.0.16\webapps\webapp-session.war] de la aplicación web
08-Dec-2022 19:42:02.676 INFORMACIÓN [http-nio-8080-exec-21] org.apache.jasper.servlet.TldScanner.scanJars Al menos un JAR, que se ha explorado buscando TLDs, aún no contenía TLDs. Activar historial de depuración para este historiador para una completa lista de los JARs que fueron explorados y de los que nos se halló TLDs. Saltarse JARs no necesarios durante la exploración puede dar lugar a una mejora de tiempo significativa en el arranque y compilación de JSP .
08-Dec-2022 19:42:02.676 INFORMACIÓN [http-nio-8080-exec-21] org.apache.catalina.startup.HostConfig.deployWAR Deployment of web application archive [C:\Users\w10\Documents\Learning\intellijCourseJakarta\JavaEE\apache-tomcat-10.0.16\webapps\webapp-session.war] has finished in [1.099] ms
