29-Dec-2022 16:06:21.864 INFORMACIÓN [main] org.apache.catalina.startup.VersionLoggerListener.log Nombre de la versión del servidor: Apache Tomcat/10.0.16
29-Dec-2022 16:06:21.868 INFORMACIÓN [main] org.apache.catalina.startup.VersionLoggerListener.log Server built:                      Jan 15 2022 13:19:56 UTC
29-Dec-2022 16:06:21.869 INFORMACIÓN [main] org.apache.catalina.startup.VersionLoggerListener.log Número de versión de servidor:     10.0.16.0
29-Dec-2022 16:06:21.869 INFORMACIÓN [main] org.apache.catalina.startup.VersionLoggerListener.log OS Name:                           Windows 10
29-Dec-2022 16:06:21.869 INFORMACIÓN [main] org.apache.catalina.startup.VersionLoggerListener.log Versión de Systema Operativo:      10.0
29-Dec-2022 16:06:21.869 INFORMACIÓN [main] org.apache.catalina.startup.VersionLoggerListener.log Arquitectura:                      amd64
29-Dec-2022 16:06:21.869 INFORMACIÓN [main] org.apache.catalina.startup.VersionLoggerListener.log Java Home:                         C:\Program Files\Java\jdk1.8.0_202\jre
29-Dec-2022 16:06:21.869 INFORMACIÓN [main] org.apache.catalina.startup.VersionLoggerListener.log JVM Version:                       1.8.0_202-b08
29-Dec-2022 16:06:21.870 INFORMACIÓN [main] org.apache.catalina.startup.VersionLoggerListener.log Vededor JVM:                       Oracle Corporation
29-Dec-2022 16:06:21.871 INFORMACIÓN [main] org.apache.catalina.startup.VersionLoggerListener.log CATALINA_BASE:                     C:\Users\w10\Documents\Learning\intellijCourseJakarta\JavaEE\apache-tomcat-10.0.16
29-Dec-2022 16:06:21.871 INFORMACIÓN [main] org.apache.catalina.startup.VersionLoggerListener.log CATALINA_HOME:                     C:\Users\w10\Documents\Learning\intellijCourseJakarta\JavaEE\apache-tomcat-10.0.16
29-Dec-2022 16:06:21.877 INFORMACIÓN [main] org.apache.catalina.startup.VersionLoggerListener.log Command line argument:             -Djava.util.logging.config.file=C:\Users\w10\Documents\Learning\intellijCourseJakarta\JavaEE\apache-tomcat-10.0.16\conf\logging.properties
29-Dec-2022 16:06:21.877 INFORMACIÓN [main] org.apache.catalina.startup.VersionLoggerListener.log Command line argument:             -Djava.util.logging.manager=org.apache.juli.ClassLoaderLogManager
29-Dec-2022 16:06:21.877 INFORMACIÓN [main] org.apache.catalina.startup.VersionLoggerListener.log Command line argument:             -Djdk.tls.ephemeralDHKeySize=2048
29-Dec-2022 16:06:21.878 INFORMACIÓN [main] org.apache.catalina.startup.VersionLoggerListener.log Command line argument:             -Djava.protocol.handler.pkgs=org.apache.catalina.webresources
29-Dec-2022 16:06:21.878 INFORMACIÓN [main] org.apache.catalina.startup.VersionLoggerListener.log Command line argument:             -Dignore.endorsed.dirs=
29-Dec-2022 16:06:21.878 INFORMACIÓN [main] org.apache.catalina.startup.VersionLoggerListener.log Command line argument:             -Dcatalina.base=C:\Users\w10\Documents\Learning\intellijCourseJakarta\JavaEE\apache-tomcat-10.0.16
29-Dec-2022 16:06:21.880 INFORMACIÓN [main] org.apache.catalina.startup.VersionLoggerListener.log Command line argument:             -Dcatalina.home=C:\Users\w10\Documents\Learning\intellijCourseJakarta\JavaEE\apache-tomcat-10.0.16
29-Dec-2022 16:06:21.881 INFORMACIÓN [main] org.apache.catalina.startup.VersionLoggerListener.log Command line argument:             -Djava.io.tmpdir=C:\Users\w10\Documents\Learning\intellijCourseJakarta\JavaEE\apache-tomcat-10.0.16\temp
29-Dec-2022 16:06:21.891 INFORMACIÓN [main] org.apache.catalina.core.AprLifecycleListener.lifecycleEvent Cargada la biblioteca nativa APR de Apache Tomcat [1.2.31] con la versión APR [1.7.0].
29-Dec-2022 16:06:21.891 INFORMACIÓN [main] org.apache.catalina.core.AprLifecycleListener.lifecycleEvent Capacidades APR: IPv6 [true], enviar fichero [true], aceptar filtros [false], aleatorio [true], UDS [true].
29-Dec-2022 16:06:21.909 INFORMACIÓN [main] org.apache.catalina.core.AprLifecycleListener.initializeSSL OpenSSL inicializado correctamente [OpenSSL 1.1.1l  24 Aug 2021]
29-Dec-2022 16:06:22.618 INFORMACIÓN [main] org.apache.coyote.AbstractProtocol.init Inicializando el manejador de protocolo ["http-nio-8080"]

29-Dec-2022 16:06:22.658 INFORMACIÓN [main] org.apache.catalina.startup.Catalina.load Server initialization in [1180] milliseconds
29-Dec-2022 16:06:22.751 INFORMACIÓN [main] org.apache.catalina.core.StandardService.startInternal Arrancando servicio [Catalina]
29-Dec-2022 16:06:22.752 INFORMACIÓN [main] org.apache.catalina.core.StandardEngine.startInternal Starting Servlet engine: [Apache Tomcat/10.0.16]
29-Dec-2022 16:06:22.803 INFORMACIÓN [main] org.apache.catalina.startup.HostConfig.deployWAR Despliegue del archivo [C:\Users\w10\Documents\Learning\intellijCourseJakarta\JavaEE\apache-tomcat-10.0.16\webapps\webapp-bbdd-tarea9.war] de la aplicación web
29-Dec-2022 16:06:24.303 INFORMACIÓN [main] org.apache.jasper.servlet.TldScanner.scanJars Al menos un JAR, que se ha explorado buscando TLDs, aún no contenía TLDs. Activar historial de depuración para este historiador para una completa lista de los JARs que fueron explorados y de los que nos se halló TLDs. Saltarse JARs no necesarios durante la exploración puede dar lugar a una mejora de tiempo significativa en el arranque y compilación de JSP .
29-Dec-2022 16:06:24.828 ADVERTENCIA [main] org.apache.catalina.util.SessionIdGeneratorBase.createSecureRandom Creation of SecureRandom instance for session ID generation using [SHA1PRNG] took [483] milliseconds.
29-Dec-2022 16:06:24.872 INFORMACIÓN [main] org.apache.catalina.startup.HostConfig.deployWAR Deployment of web application archive [C:\Users\w10\Documents\Learning\intellijCourseJakarta\JavaEE\apache-tomcat-10.0.16\webapps\webapp-bbdd-tarea9.war] has finished in [2.069] ms
29-Dec-2022 16:06:24.881 INFORMACIÓN [main] org.apache.catalina.startup.HostConfig.deployWAR Despliegue del archivo [C:\Users\w10\Documents\Learning\intellijCourseJakarta\JavaEE\apache-tomcat-10.0.16\webapps\webapp-cookie.war] de la aplicación web
29-Dec-2022 16:06:27.023 INFORMACIÓN [main] org.apache.jasper.servlet.TldScanner.scanJars Al menos un JAR, que se ha explorado buscando TLDs, aún no contenía TLDs. Activar historial de depuración para este historiador para una completa lista de los JARs que fueron explorados y de los que nos se halló TLDs. Saltarse JARs no necesarios durante la exploración puede dar lugar a una mejora de tiempo significativa en el arranque y compilación de JSP .
29-Dec-2022 16:06:27.028 INFORMACIÓN [main] org.apache.catalina.startup.HostConfig.deployWAR Deployment of web application archive [C:\Users\w10\Documents\Learning\intellijCourseJakarta\JavaEE\apache-tomcat-10.0.16\webapps\webapp-cookie.war] has finished in [2.146] ms
29-Dec-2022 16:06:27.032 INFORMACIÓN [main] org.apache.catalina.startup.HostConfig.deployWAR Despliegue del archivo [C:\Users\w10\Documents\Learning\intellijCourseJakarta\JavaEE\apache-tomcat-10.0.16\webapps\webapp-form.war] de la aplicación web
29-Dec-2022 16:06:28.794 INFORMACIÓN [main] org.apache.jasper.servlet.TldScanner.scanJars Al menos un JAR, que se ha explorado buscando TLDs, aún no contenía TLDs. Activar historial de depuración para este historiador para una completa lista de los JARs que fueron explorados y de los que nos se halló TLDs. Saltarse JARs no necesarios durante la exploración puede dar lugar a una mejora de tiempo significativa en el arranque y compilación de JSP .
29-Dec-2022 16:06:28.810 INFORMACIÓN [main] org.apache.catalina.startup.HostConfig.deployWAR Deployment of web application archive [C:\Users\w10\Documents\Learning\intellijCourseJakarta\JavaEE\apache-tomcat-10.0.16\webapps\webapp-form.war] has finished in [1.778] ms
29-Dec-2022 16:06:28.832 INFORMACIÓN [main] org.apache.catalina.startup.HostConfig.deployWAR Despliegue del archivo [C:\Users\w10\Documents\Learning\intellijCourseJakarta\JavaEE\apache-tomcat-10.0.16\webapps\webapp-headers.war] de la aplicación web
29-Dec-2022 16:06:31.353 INFORMACIÓN [main] org.apache.jasper.servlet.TldScanner.scanJars Al menos un JAR, que se ha explorado buscando TLDs, aún no contenía TLDs. Activar historial de depuración para este historiador para una completa lista de los JARs que fueron explorados y de los que nos se halló TLDs. Saltarse JARs no necesarios durante la exploración puede dar lugar a una mejora de tiempo significativa en el arranque y compilación de JSP .
29-Dec-2022 16:06:31.357 INFORMACIÓN [main] org.apache.catalina.startup.HostConfig.deployWAR Deployment of web application archive [C:\Users\w10\Documents\Learning\intellijCourseJakarta\JavaEE\apache-tomcat-10.0.16\webapps\webapp-headers.war] has finished in [2.526] ms
29-Dec-2022 16:06:31.363 INFORMACIÓN [main] org.apache.catalina.startup.HostConfig.deployWAR Despliegue del archivo [C:\Users\w10\Documents\Learning\intellijCourseJakarta\JavaEE\apache-tomcat-10.0.16\webapps\webapp-session.war] de la aplicación web
29-Dec-2022 16:06:33.425 INFORMACIÓN [main] org.apache.jasper.servlet.TldScanner.scanJars Al menos un JAR, que se ha explorado buscando TLDs, aún no contenía TLDs. Activar historial de depuración para este historiador para una completa lista de los JARs que fueron explorados y de los que nos se halló TLDs. Saltarse JARs no necesarios durante la exploración puede dar lugar a una mejora de tiempo significativa en el arranque y compilación de JSP .
29-Dec-2022 16:06:33.440 INFORMACIÓN [main] org.apache.catalina.startup.HostConfig.deployWAR Deployment of web application archive [C:\Users\w10\Documents\Learning\intellijCourseJakarta\JavaEE\apache-tomcat-10.0.16\webapps\webapp-session.war] has finished in [2.078] ms
29-Dec-2022 16:06:33.449 INFORMACIÓN [main] org.apache.catalina.startup.HostConfig.deployWAR Despliegue del archivo [C:\Users\w10\Documents\Learning\intellijCourseJakarta\JavaEE\apache-tomcat-10.0.16\webapps\webapp.war] de la aplicación web
29-Dec-2022 16:06:34.218 INFORMACIÓN [main] org.apache.jasper.servlet.TldScanner.scanJars Al menos un JAR, que se ha explorado buscando TLDs, aún no contenía TLDs. Activar historial de depuración para este historiador para una completa lista de los JARs que fueron explorados y de los que nos se halló TLDs. Saltarse JARs no necesarios durante la exploración puede dar lugar a una mejora de tiempo significativa en el arranque y compilación de JSP .
29-Dec-2022 16:06:34.223 INFORMACIÓN [main] org.apache.catalina.startup.HostConfig.deployWAR Deployment of web application archive [C:\Users\w10\Documents\Learning\intellijCourseJakarta\JavaEE\apache-tomcat-10.0.16\webapps\webapp.war] has finished in [775] ms
29-Dec-2022 16:06:34.225 INFORMACIÓN [main] org.apache.catalina.startup.HostConfig.deployDirectory Desplegando el directorio [C:\Users\w10\Documents\Learning\intellijCourseJakarta\JavaEE\apache-tomcat-10.0.16\webapps\docs] de la aplicación web
29-Dec-2022 16:06:35.324 INFORMACIÓN [main] org.apache.jasper.servlet.TldScanner.scanJars Al menos un JAR, que se ha explorado buscando TLDs, aún no contenía TLDs. Activar historial de depuración para este historiador para una completa lista de los JARs que fueron explorados y de los que nos se halló TLDs. Saltarse JARs no necesarios durante la exploración puede dar lugar a una mejora de tiempo significativa en el arranque y compilación de JSP .
29-Dec-2022 16:06:35.337 INFORMACIÓN [main] org.apache.catalina.startup.HostConfig.deployDirectory Deployment of web application directory [C:\Users\w10\Documents\Learning\intellijCourseJakarta\JavaEE\apache-tomcat-10.0.16\webapps\docs] has finished in [1.112] ms
29-Dec-2022 16:06:35.339 INFORMACIÓN [main] org.apache.catalina.startup.HostConfig.deployDirectory Desplegando el directorio [C:\Users\w10\Documents\Learning\intellijCourseJakarta\JavaEE\apache-tomcat-10.0.16\webapps\examples] de la aplicación web
29-Dec-2022 16:06:37.891 INFORMACIÓN [main] org.apache.jasper.servlet.TldScanner.scanJars Al menos un JAR, que se ha explorado buscando TLDs, aún no contenía TLDs. Activar historial de depuración para este historiador para una completa lista de los JARs que fueron explorados y de los que nos se halló TLDs. Saltarse JARs no necesarios durante la exploración puede dar lugar a una mejora de tiempo significativa en el arranque y compilación de JSP .
29-Dec-2022 16:06:38.393 INFORMACIÓN [main] org.apache.catalina.startup.HostConfig.deployDirectory Deployment of web application directory [C:\Users\w10\Documents\Learning\intellijCourseJakarta\JavaEE\apache-tomcat-10.0.16\webapps\examples] has finished in [3.054] ms
29-Dec-2022 16:06:38.402 INFORMACIÓN [main] org.apache.catalina.startup.HostConfig.deployDirectory Desplegando el directorio [C:\Users\w10\Documents\Learning\intellijCourseJakarta\JavaEE\apache-tomcat-10.0.16\webapps\host-manager] de la aplicación web
29-Dec-2022 16:06:39.647 INFORMACIÓN [main] org.apache.jasper.servlet.TldScanner.scanJars Al menos un JAR, que se ha explorado buscando TLDs, aún no contenía TLDs. Activar historial de depuración para este historiador para una completa lista de los JARs que fueron explorados y de los que nos se halló TLDs. Saltarse JARs no necesarios durante la exploración puede dar lugar a una mejora de tiempo significativa en el arranque y compilación de JSP .
29-Dec-2022 16:06:39.673 INFORMACIÓN [main] org.apache.catalina.startup.HostConfig.deployDirectory Deployment of web application directory [C:\Users\w10\Documents\Learning\intellijCourseJakarta\JavaEE\apache-tomcat-10.0.16\webapps\host-manager] has finished in [1.271] ms
29-Dec-2022 16:06:39.679 INFORMACIÓN [main] org.apache.catalina.startup.HostConfig.deployDirectory Desplegando el directorio [C:\Users\w10\Documents\Learning\intellijCourseJakarta\JavaEE\apache-tomcat-10.0.16\webapps\manager] de la aplicación web
29-Dec-2022 16:06:40.617 INFORMACIÓN [main] org.apache.jasper.servlet.TldScanner.scanJars Al menos un JAR, que se ha explorado buscando TLDs, aún no contenía TLDs. Activar historial de depuración para este historiador para una completa lista de los JARs que fueron explorados y de los que nos se halló TLDs. Saltarse JARs no necesarios durante la exploración puede dar lugar a una mejora de tiempo significativa en el arranque y compilación de JSP .
29-Dec-2022 16:06:40.623 INFORMACIÓN [main] org.apache.catalina.startup.HostConfig.deployDirectory Deployment of web application directory [C:\Users\w10\Documents\Learning\intellijCourseJakarta\JavaEE\apache-tomcat-10.0.16\webapps\manager] has finished in [943] ms
29-Dec-2022 16:06:40.623 INFORMACIÓN [main] org.apache.catalina.startup.HostConfig.deployDirectory Desplegando el directorio [C:\Users\w10\Documents\Learning\intellijCourseJakarta\JavaEE\apache-tomcat-10.0.16\webapps\ROOT] de la aplicación web
29-Dec-2022 16:06:42.053 INFORMACIÓN [main] org.apache.jasper.servlet.TldScanner.scanJars Al menos un JAR, que se ha explorado buscando TLDs, aún no contenía TLDs. Activar historial de depuración para este historiador para una completa lista de los JARs que fueron explorados y de los que nos se halló TLDs. Saltarse JARs no necesarios durante la exploración puede dar lugar a una mejora de tiempo significativa en el arranque y compilación de JSP .
29-Dec-2022 16:06:42.085 INFORMACIÓN [main] org.apache.catalina.startup.HostConfig.deployDirectory Deployment of web application directory [C:\Users\w10\Documents\Learning\intellijCourseJakarta\JavaEE\apache-tomcat-10.0.16\webapps\ROOT] has finished in [1.461] ms
29-Dec-2022 16:06:42.124 INFORMACIÓN [main] org.apache.coyote.AbstractProtocol.start Starting ProtocolHandler ["http-nio-8080"]
29-Dec-2022 16:06:42.224 INFORMACIÓN [main] org.apache.catalina.startup.Catalina.start Server startup in [19564] milliseconds
29-Dec-2022 16:06:46.391 INFORMACIÓN [http-nio-8080-exec-1] org.apache.catalina.startup.HostConfig.undeploy Repliegue (undeploy) de la aplicación web que tiene como trayectoria de contexto [/webapp-session]
29-Dec-2022 16:06:46.514 INFORMACIÓN [http-nio-8080-exec-1] org.apache.catalina.startup.HostConfig.deployWAR Despliegue del archivo [C:\Users\w10\Documents\Learning\intellijCourseJakarta\JavaEE\apache-tomcat-10.0.16\webapps\webapp-session.war] de la aplicación web
29-Dec-2022 16:06:48.579 INFORMACIÓN [http-nio-8080-exec-1] org.apache.jasper.servlet.TldScanner.scanJars Al menos un JAR, que se ha explorado buscando TLDs, aún no contenía TLDs. Activar historial de depuración para este historiador para una completa lista de los JARs que fueron explorados y de los que nos se halló TLDs. Saltarse JARs no necesarios durante la exploración puede dar lugar a una mejora de tiempo significativa en el arranque y compilación de JSP .
29-Dec-2022 16:06:48.597 INFORMACIÓN [http-nio-8080-exec-1] org.apache.catalina.startup.HostConfig.deployWAR Deployment of web application archive [C:\Users\w10\Documents\Learning\intellijCourseJakarta\JavaEE\apache-tomcat-10.0.16\webapps\webapp-session.war] has finished in [2.082] ms
29-Dec-2022 16:10:13.972 INFORMACIÓN [http-nio-8080-exec-14] org.apache.catalina.startup.HostConfig.undeploy Repliegue (undeploy) de la aplicación web que tiene como trayectoria de contexto [/webapp-session]
29-Dec-2022 16:10:14.053 INFORMACIÓN [http-nio-8080-exec-14] org.apache.catalina.startup.HostConfig.deployWAR Despliegue del archivo [C:\Users\w10\Documents\Learning\intellijCourseJakarta\JavaEE\apache-tomcat-10.0.16\webapps\webapp-session.war] de la aplicación web
29-Dec-2022 16:10:15.844 INFORMACIÓN [http-nio-8080-exec-14] org.apache.jasper.servlet.TldScanner.scanJars Al menos un JAR, que se ha explorado buscando TLDs, aún no contenía TLDs. Activar historial de depuración para este historiador para una completa lista de los JARs que fueron explorados y de los que nos se halló TLDs. Saltarse JARs no necesarios durante la exploración puede dar lugar a una mejora de tiempo significativa en el arranque y compilación de JSP .
29-Dec-2022 16:10:15.852 INFORMACIÓN [http-nio-8080-exec-14] org.apache.catalina.startup.HostConfig.deployWAR Deployment of web application archive [C:\Users\w10\Documents\Learning\intellijCourseJakarta\JavaEE\apache-tomcat-10.0.16\webapps\webapp-session.war] has finished in [1.799] ms
29-Dec-2022 16:15:56.677 INFORMACIÓN [http-nio-8080-exec-23] org.apache.catalina.startup.HostConfig.undeploy Repliegue (undeploy) de la aplicación web que tiene como trayectoria de contexto [/webapp-session]
29-Dec-2022 16:15:56.833 INFORMACIÓN [http-nio-8080-exec-23] org.apache.catalina.startup.HostConfig.deployWAR Despliegue del archivo [C:\Users\w10\Documents\Learning\intellijCourseJakarta\JavaEE\apache-tomcat-10.0.16\webapps\webapp-session.war] de la aplicación web
29-Dec-2022 16:15:58.636 INFORMACIÓN [http-nio-8080-exec-23] org.apache.jasper.servlet.TldScanner.scanJars Al menos un JAR, que se ha explorado buscando TLDs, aún no contenía TLDs. Activar historial de depuración para este historiador para una completa lista de los JARs que fueron explorados y de los que nos se halló TLDs. Saltarse JARs no necesarios durante la exploración puede dar lugar a una mejora de tiempo significativa en el arranque y compilación de JSP .
29-Dec-2022 16:15:58.649 INFORMACIÓN [http-nio-8080-exec-23] org.apache.catalina.startup.HostConfig.deployWAR Deployment of web application archive [C:\Users\w10\Documents\Learning\intellijCourseJakarta\JavaEE\apache-tomcat-10.0.16\webapps\webapp-session.war] has finished in [1.816] ms
29-Dec-2022 16:20:08.763 INFORMACIÓN [http-nio-8080-exec-32] org.apache.catalina.startup.HostConfig.undeploy Repliegue (undeploy) de la aplicación web que tiene como trayectoria de contexto [/webapp-session]
29-Dec-2022 16:20:08.836 INFORMACIÓN [http-nio-8080-exec-32] org.apache.catalina.startup.HostConfig.deployWAR Despliegue del archivo [C:\Users\w10\Documents\Learning\intellijCourseJakarta\JavaEE\apache-tomcat-10.0.16\webapps\webapp-session.war] de la aplicación web
29-Dec-2022 16:20:10.148 INFORMACIÓN [http-nio-8080-exec-32] org.apache.jasper.servlet.TldScanner.scanJars Al menos un JAR, que se ha explorado buscando TLDs, aún no contenía TLDs. Activar historial de depuración para este historiador para una completa lista de los JARs que fueron explorados y de los que nos se halló TLDs. Saltarse JARs no necesarios durante la exploración puede dar lugar a una mejora de tiempo significativa en el arranque y compilación de JSP .
29-Dec-2022 16:20:10.158 INFORMACIÓN [http-nio-8080-exec-32] org.apache.catalina.startup.HostConfig.deployWAR Deployment of web application archive [C:\Users\w10\Documents\Learning\intellijCourseJakarta\JavaEE\apache-tomcat-10.0.16\webapps\webapp-session.war] has finished in [1.321] ms
