22-Dec-2022 10:55:09.651 INFORMACIÓN [http-nio-8080-exec-1] org.apache.catalina.core.ApplicationContext.log Destruyendo la aplicación.
22-Dec-2022 10:55:11.418 INFORMACIÓN [http-nio-8080-exec-1] org.apache.catalina.core.ApplicationContext.log Inicializando la aplicación.
22-Dec-2022 10:55:16.310 INFORMACIÓN [http-nio-8080-exec-6] org.apache.catalina.core.ApplicationContext.log Inicializando el request!
22-Dec-2022 10:55:17.508 INFORMACIÓN [http-nio-8080-exec-6] org.apache.catalina.core.ApplicationContext.log Destruyendo el request!
22-Dec-2022 10:55:20.784 INFORMACIÓN [http-nio-8080-exec-5] org.apache.catalina.core.ApplicationContext.log Inicializando el request!
22-Dec-2022 10:55:20.897 INFORMACIÓN [http-nio-8080-exec-5] org.apache.catalina.core.ApplicationContext.log Inicialiazando la sesión http.
22-Dec-2022 10:55:22.159 INFORMACIÓN [http-nio-8080-exec-5] org.apache.catalina.core.ApplicationContext.log Destruyendo el request!
22-Dec-2022 10:55:32.759 INFORMACIÓN [http-nio-8080-exec-9] org.apache.catalina.core.ApplicationContext.log Inicializando el request!
22-Dec-2022 10:55:32.819 INFORMACIÓN [http-nio-8080-exec-9] org.apache.catalina.core.ApplicationContext.log Destruyendo el request!
22-Dec-2022 10:55:37.040 INFORMACIÓN [http-nio-8080-exec-4] org.apache.catalina.core.ApplicationContext.log Inicializando el request!
22-Dec-2022 10:55:37.341 INFORMACIÓN [http-nio-8080-exec-4] org.apache.catalina.core.ApplicationContext.log Destruyendo el request!
22-Dec-2022 10:55:46.370 INFORMACIÓN [http-nio-8080-exec-8] org.apache.catalina.core.ApplicationContext.log Inicializando el request!
22-Dec-2022 10:55:46.393 INFORMACIÓN [http-nio-8080-exec-8] org.apache.catalina.core.ApplicationContext.log Destruyendo el request!
22-Dec-2022 10:55:46.411 INFORMACIÓN [http-nio-8080-exec-10] org.apache.catalina.core.ApplicationContext.log Inicializando el request!
22-Dec-2022 10:55:46.432 INFORMACIÓN [http-nio-8080-exec-10] org.apache.catalina.core.ApplicationContext.log Destruyendo el request!
22-Dec-2022 10:55:49.720 INFORMACIÓN [http-nio-8080-exec-11] org.apache.catalina.core.ApplicationContext.log Inicializando el request!
22-Dec-2022 10:55:49.742 INFORMACIÓN [http-nio-8080-exec-11] org.apache.catalina.core.ApplicationContext.log Destruyendo el request!
22-Dec-2022 10:55:51.275 INFORMACIÓN [http-nio-8080-exec-3] org.apache.catalina.core.ApplicationContext.log Inicializando el request!
22-Dec-2022 10:55:51.466 INFORMACIÓN [http-nio-8080-exec-3] org.apache.catalina.core.ApplicationContext.log Destruyendo el request!
22-Dec-2022 10:55:53.073 INFORMACIÓN [http-nio-8080-exec-12] org.apache.catalina.core.ApplicationContext.log Inicializando el request!
22-Dec-2022 10:55:53.099 INFORMACIÓN [http-nio-8080-exec-12] org.apache.catalina.core.ApplicationContext.log Destruyendo el request!
22-Dec-2022 10:55:55.047 INFORMACIÓN [http-nio-8080-exec-13] org.apache.catalina.core.ApplicationContext.log Inicializando el request!
22-Dec-2022 10:55:55.224 INFORMACIÓN [http-nio-8080-exec-13] org.apache.catalina.core.ApplicationContext.log Destruyendo el request!
22-Dec-2022 10:56:18.232 INFORMACIÓN [http-nio-8080-exec-14] org.apache.catalina.core.ApplicationContext.log Inicializando el request!
22-Dec-2022 10:56:18.262 INFORMACIÓN [http-nio-8080-exec-14] org.apache.catalina.core.ApplicationContext.log Destruyendo el request!
22-Dec-2022 10:56:34.068 INFORMACIÓN [http-nio-8080-exec-15] org.apache.catalina.core.ApplicationContext.log Inicializando el request!
22-Dec-2022 10:56:34.104 INFORMACIÓN [http-nio-8080-exec-15] org.apache.catalina.core.ApplicationContext.log Destruyendo el request!
22-Dec-2022 10:57:04.612 INFORMACIÓN [http-nio-8080-exec-17] org.apache.catalina.core.ApplicationContext.log Inicializando el request!
22-Dec-2022 10:57:04.636 INFORMACIÓN [http-nio-8080-exec-17] org.apache.catalina.core.ApplicationContext.log Destruyendo el request!
22-Dec-2022 11:17:58.255 INFORMACIÓN [http-nio-8080-exec-18] org.apache.catalina.core.ApplicationContext.log Destrutendo la sesión http.
22-Dec-2022 11:17:58.256 INFORMACIÓN [http-nio-8080-exec-18] org.apache.catalina.core.ApplicationContext.log Destruyendo la aplicación.
22-Dec-2022 11:17:59.537 INFORMACIÓN [http-nio-8080-exec-18] org.apache.catalina.core.ApplicationContext.log Inicializando la aplicación.
22-Dec-2022 11:18:11.874 INFORMACIÓN [http-nio-8080-exec-20] org.apache.catalina.core.ApplicationContext.log Inicializando el request!
22-Dec-2022 11:18:12.090 INFORMACIÓN [http-nio-8080-exec-20] org.apache.catalina.core.ApplicationContext.log Inicialiazando la sesión http.
22-Dec-2022 11:18:12.092 INFORMACIÓN [http-nio-8080-exec-20] org.apache.catalina.core.ApplicationContext.log Destruyendo el request!
22-Dec-2022 11:18:16.109 INFORMACIÓN [http-nio-8080-exec-15] org.apache.catalina.core.ApplicationContext.log Inicializando el request!
22-Dec-2022 11:18:16.135 INFORMACIÓN [http-nio-8080-exec-15] org.apache.catalina.core.ApplicationContext.log Destruyendo el request!
22-Dec-2022 11:18:21.514 INFORMACIÓN [http-nio-8080-exec-13] org.apache.catalina.core.ApplicationContext.log Inicializando el request!
22-Dec-2022 11:18:21.543 INFORMACIÓN [http-nio-8080-exec-13] org.apache.catalina.core.ApplicationContext.log Destruyendo el request!
22-Dec-2022 11:18:21.547 INFORMACIÓN [http-nio-8080-exec-12] org.apache.catalina.core.ApplicationContext.log Inicializando el request!
22-Dec-2022 11:18:21.679 INFORMACIÓN [http-nio-8080-exec-12] org.apache.catalina.core.ApplicationContext.log Destruyendo el request!
22-Dec-2022 11:18:46.291 INFORMACIÓN [http-nio-8080-exec-14] org.apache.catalina.core.ApplicationContext.log Inicializando el request!
22-Dec-2022 11:18:46.313 INFORMACIÓN [http-nio-8080-exec-14] org.apache.catalina.core.ApplicationContext.log Destruyendo el request!
22-Dec-2022 11:18:46.320 INFORMACIÓN [http-nio-8080-exec-16] org.apache.catalina.core.ApplicationContext.log Inicializando el request!
22-Dec-2022 11:18:46.338 INFORMACIÓN [http-nio-8080-exec-16] org.apache.catalina.core.ApplicationContext.log Destruyendo el request!
22-Dec-2022 11:18:51.619 INFORMACIÓN [http-nio-8080-exec-21] org.apache.catalina.core.ApplicationContext.log Inicializando el request!
22-Dec-2022 11:18:51.827 INFORMACIÓN [http-nio-8080-exec-21] org.apache.catalina.core.ApplicationContext.log Destruyendo el request!
22-Dec-2022 11:18:52.960 INFORMACIÓN [http-nio-8080-exec-17] org.apache.catalina.core.ApplicationContext.log Inicializando el request!
22-Dec-2022 11:18:52.992 INFORMACIÓN [http-nio-8080-exec-17] org.apache.catalina.core.ApplicationContext.log Destruyendo el request!
22-Dec-2022 11:19:18.584 INFORMACIÓN [http-nio-8080-exec-23] org.apache.catalina.core.ApplicationContext.log Destrutendo la sesión http.
22-Dec-2022 11:19:18.585 INFORMACIÓN [http-nio-8080-exec-23] org.apache.catalina.core.ApplicationContext.log Destruyendo la aplicación.
22-Dec-2022 11:19:19.780 INFORMACIÓN [http-nio-8080-exec-23] org.apache.catalina.core.ApplicationContext.log Inicializando la aplicación.
22-Dec-2022 11:19:21.555 INFORMACIÓN [http-nio-8080-exec-24] org.apache.catalina.core.ApplicationContext.log Inicializando el request!
22-Dec-2022 11:19:21.584 INFORMACIÓN [http-nio-8080-exec-24] org.apache.catalina.core.ApplicationContext.log Destruyendo el request!
22-Dec-2022 11:19:23.243 INFORMACIÓN [http-nio-8080-exec-26] org.apache.catalina.core.ApplicationContext.log Inicializando el request!
22-Dec-2022 11:19:23.267 INFORMACIÓN [http-nio-8080-exec-26] org.apache.catalina.core.ApplicationContext.log Destruyendo el request!
22-Dec-2022 11:19:28.034 INFORMACIÓN [http-nio-8080-exec-16] org.apache.catalina.core.ApplicationContext.log Inicializando el request!
22-Dec-2022 11:19:28.224 INFORMACIÓN [http-nio-8080-exec-16] org.apache.catalina.core.ApplicationContext.log Inicialiazando la sesión http.
22-Dec-2022 11:19:28.227 INFORMACIÓN [http-nio-8080-exec-16] org.apache.catalina.core.ApplicationContext.log Destruyendo el request!
22-Dec-2022 11:19:31.062 INFORMACIÓN [http-nio-8080-exec-25] org.apache.catalina.core.ApplicationContext.log Inicializando el request!
22-Dec-2022 11:19:31.083 INFORMACIÓN [http-nio-8080-exec-25] org.apache.catalina.core.ApplicationContext.log Destruyendo el request!
22-Dec-2022 11:19:31.808 INFORMACIÓN [http-nio-8080-exec-28] org.apache.catalina.core.ApplicationContext.log Inicializando el request!
22-Dec-2022 11:19:31.831 INFORMACIÓN [http-nio-8080-exec-28] org.apache.catalina.core.ApplicationContext.log Destruyendo el request!
22-Dec-2022 11:19:31.996 INFORMACIÓN [http-nio-8080-exec-27] org.apache.catalina.core.ApplicationContext.log Inicializando el request!
22-Dec-2022 11:19:32.023 INFORMACIÓN [http-nio-8080-exec-27] org.apache.catalina.core.ApplicationContext.log Destruyendo el request!
22-Dec-2022 11:19:36.758 INFORMACIÓN [http-nio-8080-exec-12] org.apache.catalina.core.ApplicationContext.log Inicializando el request!
22-Dec-2022 11:19:36.875 INFORMACIÓN [http-nio-8080-exec-12] org.apache.catalina.core.ApplicationContext.log Destruyendo el request!
22-Dec-2022 11:19:45.499 INFORMACIÓN [http-nio-8080-exec-22] org.apache.catalina.core.ApplicationContext.log Inicializando el request!
22-Dec-2022 11:19:45.520 INFORMACIÓN [http-nio-8080-exec-22] org.apache.catalina.core.ApplicationContext.log Destruyendo el request!
22-Dec-2022 11:19:45.529 INFORMACIÓN [http-nio-8080-exec-29] org.apache.catalina.core.ApplicationContext.log Inicializando el request!
22-Dec-2022 11:19:45.547 INFORMACIÓN [http-nio-8080-exec-29] org.apache.catalina.core.ApplicationContext.log Destruyendo el request!
22-Dec-2022 11:19:49.632 INFORMACIÓN [http-nio-8080-exec-21] org.apache.catalina.core.ApplicationContext.log Inicializando el request!
22-Dec-2022 11:19:49.783 INFORMACIÓN [http-nio-8080-exec-21] org.apache.catalina.core.ApplicationContext.log Destruyendo el request!
22-Dec-2022 11:19:51.557 INFORMACIÓN [http-nio-8080-exec-30] org.apache.catalina.core.ApplicationContext.log Inicializando el request!
22-Dec-2022 11:19:51.580 INFORMACIÓN [http-nio-8080-exec-30] org.apache.catalina.core.ApplicationContext.log Destruyendo el request!
22-Dec-2022 11:20:03.515 INFORMACIÓN [http-nio-8080-exec-31] org.apache.catalina.core.ApplicationContext.log Inicializando el request!
22-Dec-2022 11:20:03.537 INFORMACIÓN [http-nio-8080-exec-31] org.apache.catalina.core.ApplicationContext.log Destruyendo el request!
22-Dec-2022 11:20:06.530 INFORMACIÓN [http-nio-8080-exec-32] org.apache.catalina.core.ApplicationContext.log Inicializando el request!
22-Dec-2022 11:20:06.553 INFORMACIÓN [http-nio-8080-exec-32] org.apache.catalina.core.ApplicationContext.log Destruyendo el request!
22-Dec-2022 11:23:25.922 INFORMACIÓN [http-nio-8080-exec-34] org.apache.catalina.core.ApplicationContext.log Destrutendo la sesión http.
22-Dec-2022 11:23:25.922 INFORMACIÓN [http-nio-8080-exec-34] org.apache.catalina.core.ApplicationContext.log Destruyendo la aplicación.
22-Dec-2022 11:23:26.867 INFORMACIÓN [http-nio-8080-exec-34] org.apache.catalina.core.ApplicationContext.log Inicializando la aplicación.
22-Dec-2022 11:23:34.889 INFORMACIÓN [http-nio-8080-exec-36] org.apache.catalina.core.ApplicationContext.log Inicializando el request!
22-Dec-2022 11:23:34.920 INFORMACIÓN [http-nio-8080-exec-36] org.apache.catalina.core.ApplicationContext.log Inicialiazando la sesión http.
22-Dec-2022 11:23:35.016 INFORMACIÓN [http-nio-8080-exec-36] org.apache.catalina.core.ApplicationContext.log Destruyendo el request!
22-Dec-2022 11:23:44.800 INFORMACIÓN [http-nio-8080-exec-33] org.apache.catalina.core.ApplicationContext.log Inicializando el request!
22-Dec-2022 11:23:44.821 INFORMACIÓN [http-nio-8080-exec-33] org.apache.catalina.core.ApplicationContext.log Destruyendo el request!
22-Dec-2022 11:23:53.042 INFORMACIÓN [http-nio-8080-exec-32] org.apache.catalina.core.ApplicationContext.log Inicializando el request!
22-Dec-2022 11:23:53.064 INFORMACIÓN [http-nio-8080-exec-32] org.apache.catalina.core.ApplicationContext.log Destruyendo el request!
22-Dec-2022 11:23:53.068 INFORMACIÓN [http-nio-8080-exec-37] org.apache.catalina.core.ApplicationContext.log Inicializando el request!
22-Dec-2022 11:23:53.092 INFORMACIÓN [http-nio-8080-exec-37] org.apache.catalina.core.ApplicationContext.log Destruyendo el request!
22-Dec-2022 11:23:55.073 INFORMACIÓN [http-nio-8080-exec-29] org.apache.catalina.core.ApplicationContext.log Inicializando el request!
22-Dec-2022 11:23:55.258 INFORMACIÓN [http-nio-8080-exec-29] org.apache.catalina.core.ApplicationContext.log Destruyendo el request!
22-Dec-2022 11:23:56.550 INFORMACIÓN [http-nio-8080-exec-30] org.apache.catalina.core.ApplicationContext.log Inicializando el request!
22-Dec-2022 11:23:56.682 INFORMACIÓN [http-nio-8080-exec-30] org.apache.catalina.core.ApplicationContext.log Destruyendo el request!
22-Dec-2022 11:23:59.248 INFORMACIÓN [http-nio-8080-exec-31] org.apache.catalina.core.ApplicationContext.log Inicializando el request!
22-Dec-2022 11:23:59.274 INFORMACIÓN [http-nio-8080-exec-31] org.apache.catalina.core.ApplicationContext.log Destruyendo el request!
22-Dec-2022 11:23:59.280 INFORMACIÓN [http-nio-8080-exec-35] org.apache.catalina.core.ApplicationContext.log Inicializando el request!
22-Dec-2022 11:23:59.427 INFORMACIÓN [http-nio-8080-exec-35] org.apache.catalina.core.ApplicationContext.log Destruyendo el request!
22-Dec-2022 11:24:02.735 INFORMACIÓN [http-nio-8080-exec-39] org.apache.catalina.core.ApplicationContext.log Inicializando el request!
22-Dec-2022 11:24:02.759 INFORMACIÓN [http-nio-8080-exec-39] org.apache.catalina.core.ApplicationContext.log Destruyendo el request!
22-Dec-2022 11:24:06.664 INFORMACIÓN [http-nio-8080-exec-38] org.apache.catalina.core.ApplicationContext.log Inicializando el request!
22-Dec-2022 11:24:06.684 INFORMACIÓN [http-nio-8080-exec-38] org.apache.catalina.core.ApplicationContext.log Destruyendo el request!
22-Dec-2022 11:54:20.349 INFORMACIÓN [Catalina-utility-1] org.apache.catalina.core.ApplicationContext.log Destrutendo la sesión http.
22-Dec-2022 12:10:35.747 INFORMACIÓN [http-nio-8080-exec-41] org.apache.catalina.core.ApplicationContext.log Destruyendo la aplicación.
22-Dec-2022 12:10:36.957 INFORMACIÓN [http-nio-8080-exec-41] org.apache.catalina.core.ApplicationContext.log Inicializando la aplicación.
22-Dec-2022 12:10:45.811 INFORMACIÓN [http-nio-8080-exec-48] org.apache.catalina.core.ApplicationContext.log Inicializando el request!
22-Dec-2022 12:10:45.860 INFORMACIÓN [http-nio-8080-exec-48] org.apache.catalina.core.ApplicationContext.log Inicialiazando la sesión http.
22-Dec-2022 12:10:46.030 INFORMACIÓN [http-nio-8080-exec-48] org.apache.catalina.core.ApplicationContext.log Destruyendo el request!
22-Dec-2022 12:10:53.782 INFORMACIÓN [http-nio-8080-exec-45] org.apache.catalina.core.ApplicationContext.log Inicializando el request!
22-Dec-2022 12:10:53.800 INFORMACIÓN [http-nio-8080-exec-45] org.apache.catalina.core.ApplicationContext.log Destruyendo el request!
22-Dec-2022 12:10:53.812 INFORMACIÓN [http-nio-8080-exec-44] org.apache.catalina.core.ApplicationContext.log Inicializando el request!
22-Dec-2022 12:10:53.829 INFORMACIÓN [http-nio-8080-exec-44] org.apache.catalina.core.ApplicationContext.log Destruyendo el request!
22-Dec-2022 12:10:56.857 INFORMACIÓN [http-nio-8080-exec-46] org.apache.catalina.core.ApplicationContext.log Inicializando el request!
22-Dec-2022 12:10:57.026 INFORMACIÓN [http-nio-8080-exec-46] org.apache.catalina.core.ApplicationContext.log Destruyendo el request!
22-Dec-2022 12:10:58.658 INFORMACIÓN [http-nio-8080-exec-42] org.apache.catalina.core.ApplicationContext.log Inicializando el request!
22-Dec-2022 12:10:58.913 INFORMACIÓN [http-nio-8080-exec-42] org.apache.catalina.core.ApplicationContext.log Destruyendo el request!
22-Dec-2022 12:11:02.655 INFORMACIÓN [http-nio-8080-exec-39] org.apache.catalina.core.ApplicationContext.log Inicializando el request!
22-Dec-2022 12:11:02.678 INFORMACIÓN [http-nio-8080-exec-39] org.apache.catalina.core.ApplicationContext.log Destruyendo el request!
22-Dec-2022 12:11:10.547 INFORMACIÓN [http-nio-8080-exec-47] org.apache.catalina.core.ApplicationContext.log Inicializando el request!
22-Dec-2022 12:11:10.570 INFORMACIÓN [http-nio-8080-exec-47] org.apache.catalina.core.ApplicationContext.log Destruyendo el request!
22-Dec-2022 12:11:28.699 INFORMACIÓN [http-nio-8080-exec-40] org.apache.catalina.core.ApplicationContext.log Inicializando el request!
22-Dec-2022 12:11:28.743 INFORMACIÓN [http-nio-8080-exec-40] org.apache.catalina.core.ApplicationContext.log Destruyendo el request!
22-Dec-2022 12:11:28.748 INFORMACIÓN [http-nio-8080-exec-49] org.apache.catalina.core.ApplicationContext.log Inicializando el request!
22-Dec-2022 12:11:28.771 INFORMACIÓN [http-nio-8080-exec-49] org.apache.catalina.core.ApplicationContext.log Destruyendo el request!
22-Dec-2022 12:11:38.803 INFORMACIÓN [http-nio-8080-exec-50] org.apache.catalina.core.ApplicationContext.log Inicializando el request!
22-Dec-2022 12:11:38.822 INFORMACIÓN [http-nio-8080-exec-50] org.apache.catalina.core.ApplicationContext.log Destruyendo el request!
22-Dec-2022 12:12:12.056 INFORMACIÓN [http-nio-8080-exec-52] org.apache.catalina.core.ApplicationContext.log Inicializando el request!
22-Dec-2022 12:12:12.088 INFORMACIÓN [http-nio-8080-exec-52] org.apache.catalina.core.ApplicationContext.log Destruyendo el request!
22-Dec-2022 12:12:12.092 INFORMACIÓN [http-nio-8080-exec-53] org.apache.catalina.core.ApplicationContext.log Inicializando el request!
22-Dec-2022 12:12:12.112 INFORMACIÓN [http-nio-8080-exec-53] org.apache.catalina.core.ApplicationContext.log Destruyendo el request!
22-Dec-2022 12:19:30.734 INFORMACIÓN [http-nio-8080-exec-55] org.apache.catalina.core.ApplicationContext.log Inicializando el request!
22-Dec-2022 12:19:30.759 INFORMACIÓN [http-nio-8080-exec-55] org.apache.catalina.core.ApplicationContext.log Destruyendo el request!
22-Dec-2022 12:19:35.910 INFORMACIÓN [http-nio-8080-exec-56] org.apache.catalina.core.ApplicationContext.log Inicializando el request!
22-Dec-2022 12:19:35.933 INFORMACIÓN [http-nio-8080-exec-56] org.apache.catalina.core.ApplicationContext.log Destruyendo el request!
22-Dec-2022 12:19:59.821 INFORMACIÓN [http-nio-8080-exec-57] org.apache.catalina.core.ApplicationContext.log Inicializando el request!
22-Dec-2022 12:19:59.842 INFORMACIÓN [http-nio-8080-exec-57] org.apache.catalina.core.ApplicationContext.log Destruyendo el request!
22-Dec-2022 12:20:01.355 INFORMACIÓN [http-nio-8080-exec-50] org.apache.catalina.core.ApplicationContext.log Inicializando el request!
22-Dec-2022 12:20:01.378 INFORMACIÓN [http-nio-8080-exec-50] org.apache.catalina.core.ApplicationContext.log Destruyendo el request!
22-Dec-2022 12:20:05.463 INFORMACIÓN [http-nio-8080-exec-58] org.apache.catalina.core.ApplicationContext.log Inicializando el request!
22-Dec-2022 12:20:05.488 INFORMACIÓN [http-nio-8080-exec-58] org.apache.catalina.core.ApplicationContext.log Destruyendo el request!
22-Dec-2022 12:20:28.911 INFORMACIÓN [http-nio-8080-exec-52] org.apache.catalina.core.ApplicationContext.log Inicializando el request!
22-Dec-2022 12:20:28.936 INFORMACIÓN [http-nio-8080-exec-52] org.apache.catalina.core.ApplicationContext.log Destruyendo el request!
22-Dec-2022 12:20:28.939 INFORMACIÓN [http-nio-8080-exec-53] org.apache.catalina.core.ApplicationContext.log Inicializando el request!
22-Dec-2022 12:20:28.961 INFORMACIÓN [http-nio-8080-exec-53] org.apache.catalina.core.ApplicationContext.log Destruyendo el request!
22-Dec-2022 12:20:39.123 INFORMACIÓN [http-nio-8080-exec-54] org.apache.catalina.core.ApplicationContext.log Inicializando el request!
22-Dec-2022 12:20:39.149 INFORMACIÓN [http-nio-8080-exec-54] org.apache.catalina.core.ApplicationContext.log Destruyendo el request!
22-Dec-2022 12:20:42.343 INFORMACIÓN [http-nio-8080-exec-55] org.apache.catalina.core.ApplicationContext.log Inicializando el request!
22-Dec-2022 12:20:42.384 INFORMACIÓN [http-nio-8080-exec-55] org.apache.catalina.core.ApplicationContext.log Destruyendo el request!
22-Dec-2022 12:20:43.253 INFORMACIÓN [http-nio-8080-exec-56] org.apache.catalina.core.ApplicationContext.log Inicializando el request!
22-Dec-2022 12:20:43.270 INFORMACIÓN [http-nio-8080-exec-56] org.apache.catalina.core.ApplicationContext.log Destruyendo el request!
22-Dec-2022 12:20:44.175 INFORMACIÓN [http-nio-8080-exec-49] org.apache.catalina.core.ApplicationContext.log Inicializando el request!
22-Dec-2022 12:20:44.199 INFORMACIÓN [http-nio-8080-exec-49] org.apache.catalina.core.ApplicationContext.log Destruyendo el request!
22-Dec-2022 12:20:46.175 INFORMACIÓN [http-nio-8080-exec-57] org.apache.catalina.core.ApplicationContext.log Inicializando el request!
22-Dec-2022 12:20:46.193 INFORMACIÓN [http-nio-8080-exec-57] org.apache.catalina.core.ApplicationContext.log Destruyendo el request!
22-Dec-2022 12:20:50.411 INFORMACIÓN [http-nio-8080-exec-50] org.apache.catalina.core.ApplicationContext.log Inicializando el request!
22-Dec-2022 12:20:50.434 INFORMACIÓN [http-nio-8080-exec-50] org.apache.catalina.core.ApplicationContext.log Destruyendo el request!
22-Dec-2022 12:20:58.609 INFORMACIÓN [http-nio-8080-exec-58] org.apache.catalina.core.ApplicationContext.log Inicializando el request!
22-Dec-2022 12:20:58.627 INFORMACIÓN [http-nio-8080-exec-58] org.apache.catalina.core.ApplicationContext.log Destruyendo el request!
22-Dec-2022 12:21:02.367 INFORMACIÓN [http-nio-8080-exec-51] org.apache.catalina.core.ApplicationContext.log Inicializando el request!
22-Dec-2022 12:21:02.383 INFORMACIÓN [http-nio-8080-exec-51] org.apache.catalina.core.ApplicationContext.log Destruyendo el request!
22-Dec-2022 12:21:03.217 INFORMACIÓN [http-nio-8080-exec-52] org.apache.catalina.core.ApplicationContext.log Inicializando el request!
22-Dec-2022 12:21:03.241 INFORMACIÓN [http-nio-8080-exec-52] org.apache.catalina.core.ApplicationContext.log Destruyendo el request!
22-Dec-2022 12:29:17.292 INFORMACIÓN [http-nio-8080-exec-54] org.apache.catalina.core.ApplicationContext.log Inicializando el request!
22-Dec-2022 12:29:17.324 INFORMACIÓN [http-nio-8080-exec-54] org.apache.catalina.core.ApplicationContext.log Destruyendo el request!
22-Dec-2022 12:31:53.131 INFORMACIÓN [http-nio-8080-exec-56] org.apache.catalina.core.ApplicationContext.log Destrutendo la sesión http.
22-Dec-2022 12:31:53.132 INFORMACIÓN [http-nio-8080-exec-56] org.apache.catalina.core.ApplicationContext.log Destruyendo la aplicación.
22-Dec-2022 12:31:53.959 INFORMACIÓN [http-nio-8080-exec-56] org.apache.catalina.core.ApplicationContext.log Inicializando la aplicación.
22-Dec-2022 12:31:57.298 INFORMACIÓN [http-nio-8080-exec-53] org.apache.catalina.core.ApplicationContext.log Inicializando el request!
22-Dec-2022 12:31:57.335 INFORMACIÓN [http-nio-8080-exec-53] org.apache.catalina.core.ApplicationContext.log Inicialiazando la sesión http.
22-Dec-2022 12:31:57.467 INFORMACIÓN [http-nio-8080-exec-53] org.apache.catalina.core.ApplicationContext.log Destruyendo el request!
22-Dec-2022 12:32:02.042 INFORMACIÓN [http-nio-8080-exec-49] org.apache.catalina.core.ApplicationContext.log Inicializando el request!
22-Dec-2022 12:32:02.061 INFORMACIÓN [http-nio-8080-exec-49] org.apache.catalina.core.ApplicationContext.log Destruyendo el request!
22-Dec-2022 12:32:06.618 INFORMACIÓN [http-nio-8080-exec-57] org.apache.catalina.core.ApplicationContext.log Inicializando el request!
22-Dec-2022 12:32:06.736 INFORMACIÓN [http-nio-8080-exec-57] org.apache.catalina.core.ApplicationContext.log Destruyendo el request!
22-Dec-2022 12:32:11.980 INFORMACIÓN [http-nio-8080-exec-58] org.apache.catalina.core.ApplicationContext.log Inicializando el request!
22-Dec-2022 12:32:11.998 INFORMACIÓN [http-nio-8080-exec-58] org.apache.catalina.core.ApplicationContext.log Destruyendo el request!
22-Dec-2022 12:32:12.017 INFORMACIÓN [http-nio-8080-exec-55] org.apache.catalina.core.ApplicationContext.log Inicializando el request!
22-Dec-2022 12:32:12.034 INFORMACIÓN [http-nio-8080-exec-55] org.apache.catalina.core.ApplicationContext.log Destruyendo el request!
22-Dec-2022 12:32:14.662 INFORMACIÓN [http-nio-8080-exec-51] org.apache.catalina.core.ApplicationContext.log Inicializando el request!
22-Dec-2022 12:32:14.680 INFORMACIÓN [http-nio-8080-exec-51] org.apache.catalina.core.ApplicationContext.log Destruyendo el request!
22-Dec-2022 12:32:15.846 INFORMACIÓN [http-nio-8080-exec-52] org.apache.catalina.core.ApplicationContext.log Inicializando el request!
22-Dec-2022 12:32:15.970 INFORMACIÓN [http-nio-8080-exec-52] org.apache.catalina.core.ApplicationContext.log Destruyendo el request!
22-Dec-2022 12:32:18.343 INFORMACIÓN [http-nio-8080-exec-59] org.apache.catalina.core.ApplicationContext.log Inicializando el request!
22-Dec-2022 12:32:18.362 INFORMACIÓN [http-nio-8080-exec-59] org.apache.catalina.core.ApplicationContext.log Destruyendo el request!
22-Dec-2022 13:02:58.261 INFORMACIÓN [Catalina-utility-2] org.apache.catalina.core.ApplicationContext.log Destrutendo la sesión http.
