02-Jan-2023 19:46:27.033 INFORMACIÓN [main] org.apache.catalina.core.ApplicationContext.log Inicializando la aplicación.
02-Jan-2023 19:46:29.791 INFORMACIÓN [main] org.apache.catalina.core.ApplicationContext.log ContextListener: contextInitialized()
02-Jan-2023 19:46:29.791 INFORMACIÓN [main] org.apache.catalina.core.ApplicationContext.log SessionListener: contextInitialized()
02-Jan-2023 19:46:29.796 INFORMACIÓN [main] org.apache.catalina.core.ApplicationContext.log ContextListener: attributeAdded('StockTicker', 'async.Stockticker@6b17aa0b')
02-Jan-2023 19:46:46.495 INFORMACIÓN [http-nio-8080-exec-1] org.apache.catalina.core.ApplicationContext.log Destruyendo la aplicación.
02-Jan-2023 19:46:51.152 INFORMACIÓN [http-nio-8080-exec-1] org.apache.catalina.core.ApplicationContext.log Inicializando la aplicación.
02-Jan-2023 19:46:51.929 INFORMACIÓN [http-nio-8080-exec-6] org.apache.catalina.core.ApplicationContext.log Inicializando el request!
02-Jan-2023 19:46:54.554 INFORMACIÓN [http-nio-8080-exec-6] org.apache.catalina.core.ApplicationContext.log Destruyendo el request!
02-Jan-2023 19:47:01.264 INFORMACIÓN [http-nio-8080-exec-2] org.apache.catalina.core.ApplicationContext.log Inicializando el request!
02-Jan-2023 19:47:01.340 INFORMACIÓN [http-nio-8080-exec-2] org.apache.catalina.core.ApplicationContext.log Inicialiazando la sesión http.
02-Jan-2023 19:47:02.791 INFORMACIÓN [http-nio-8080-exec-7] org.apache.catalina.core.ApplicationContext.log Inicializando el request!
02-Jan-2023 19:47:02.852 INFORMACIÓN [http-nio-8080-exec-7] org.apache.catalina.core.ApplicationContext.log Inicialiazando la sesión http.
02-Jan-2023 19:47:03.530 INFORMACIÓN [http-nio-8080-exec-9] org.apache.catalina.core.ApplicationContext.log Inicializando el request!
02-Jan-2023 19:47:03.567 INFORMACIÓN [http-nio-8080-exec-9] org.apache.catalina.core.ApplicationContext.log Inicialiazando la sesión http.
02-Jan-2023 19:47:03.701 INFORMACIÓN [http-nio-8080-exec-2] org.apache.catalina.core.ApplicationContext.log Destruyendo el request!
02-Jan-2023 19:47:03.701 INFORMACIÓN [http-nio-8080-exec-9] org.apache.catalina.core.ApplicationContext.log Destruyendo el request!
02-Jan-2023 19:47:03.706 INFORMACIÓN [http-nio-8080-exec-7] org.apache.catalina.core.ApplicationContext.log Destruyendo el request!
02-Jan-2023 19:47:09.958 INFORMACIÓN [http-nio-8080-exec-3] org.apache.catalina.core.ApplicationContext.log Inicializando el request!
02-Jan-2023 19:47:09.983 INFORMACIÓN [http-nio-8080-exec-3] org.apache.catalina.core.ApplicationContext.log Destruyendo el request!
02-Jan-2023 19:47:10.010 INFORMACIÓN [http-nio-8080-exec-5] org.apache.catalina.core.ApplicationContext.log Inicializando el request!
02-Jan-2023 19:47:10.035 INFORMACIÓN [http-nio-8080-exec-5] org.apache.catalina.core.ApplicationContext.log Destruyendo el request!
02-Jan-2023 19:47:12.046 INFORMACIÓN [http-nio-8080-exec-11] org.apache.catalina.core.ApplicationContext.log Inicializando el request!
02-Jan-2023 19:47:12.077 INFORMACIÓN [http-nio-8080-exec-11] org.apache.catalina.core.ApplicationContext.log Destruyendo el request!
02-Jan-2023 19:47:12.777 INFORMACIÓN [http-nio-8080-exec-4] org.apache.catalina.core.ApplicationContext.log Inicializando el request!
02-Jan-2023 19:47:13.515 INFORMACIÓN [http-nio-8080-exec-4] org.apache.catalina.core.ApplicationContext.log Destruyendo el request!
02-Jan-2023 19:47:22.734 INFORMACIÓN [http-nio-8080-exec-8] org.apache.catalina.core.ApplicationContext.log Inicializando el request!
02-Jan-2023 19:47:22.798 INFORMACIÓN [http-nio-8080-exec-8] org.apache.catalina.core.ApplicationContext.log Destruyendo el request!
02-Jan-2023 19:47:22.805 INFORMACIÓN [http-nio-8080-exec-12] org.apache.catalina.core.ApplicationContext.log Inicializando el request!
02-Jan-2023 19:47:23.089 INFORMACIÓN [http-nio-8080-exec-12] org.apache.catalina.core.ApplicationContext.log Destruyendo el request!
02-Jan-2023 19:47:28.188 INFORMACIÓN [http-nio-8080-exec-10] org.apache.catalina.core.ApplicationContext.log Inicializando el request!
02-Jan-2023 19:47:28.218 INFORMACIÓN [http-nio-8080-exec-10] org.apache.catalina.core.ApplicationContext.log Destruyendo el request!
02-Jan-2023 19:47:28.221 INFORMACIÓN [http-nio-8080-exec-2] org.apache.catalina.core.ApplicationContext.log Inicializando el request!
02-Jan-2023 19:47:28.251 INFORMACIÓN [http-nio-8080-exec-2] org.apache.catalina.core.ApplicationContext.log Destruyendo el request!
02-Jan-2023 19:47:29.543 INFORMACIÓN [http-nio-8080-exec-13] org.apache.catalina.core.ApplicationContext.log Inicializando el request!
02-Jan-2023 19:47:29.590 INFORMACIÓN [http-nio-8080-exec-13] org.apache.catalina.core.ApplicationContext.log Destruyendo el request!
02-Jan-2023 19:47:31.068 INFORMACIÓN [http-nio-8080-exec-7] org.apache.catalina.core.ApplicationContext.log Inicializando el request!
02-Jan-2023 19:47:31.449 INFORMACIÓN [http-nio-8080-exec-7] org.apache.catalina.core.ApplicationContext.log Destruyendo el request!
02-Jan-2023 19:47:43.969 INFORMACIÓN [http-nio-8080-exec-14] org.apache.catalina.core.ApplicationContext.log Inicializando el request!
02-Jan-2023 19:47:44.002 INFORMACIÓN [http-nio-8080-exec-14] org.apache.catalina.core.ApplicationContext.log Destruyendo el request!
02-Jan-2023 19:47:45.657 INFORMACIÓN [http-nio-8080-exec-5] org.apache.catalina.core.ApplicationContext.log Inicializando el request!
02-Jan-2023 19:47:45.687 INFORMACIÓN [http-nio-8080-exec-5] org.apache.catalina.core.ApplicationContext.log Destruyendo el request!
02-Jan-2023 19:47:47.230 INFORMACIÓN [http-nio-8080-exec-11] org.apache.catalina.core.ApplicationContext.log Inicializando el request!
02-Jan-2023 19:47:47.256 INFORMACIÓN [http-nio-8080-exec-11] org.apache.catalina.core.ApplicationContext.log Destruyendo el request!
02-Jan-2023 19:47:54.135 INFORMACIÓN [http-nio-8080-exec-15] org.apache.catalina.core.ApplicationContext.log Inicializando el request!
02-Jan-2023 19:47:54.155 INFORMACIÓN [http-nio-8080-exec-15] org.apache.catalina.core.ApplicationContext.log Destruyendo el request!
02-Jan-2023 19:47:57.643 INFORMACIÓN [http-nio-8080-exec-16] org.apache.catalina.core.ApplicationContext.log Inicializando el request!
02-Jan-2023 19:47:57.669 INFORMACIÓN [http-nio-8080-exec-16] org.apache.catalina.core.ApplicationContext.log Destruyendo el request!
02-Jan-2023 19:48:00.472 INFORMACIÓN [http-nio-8080-exec-12] org.apache.catalina.core.ApplicationContext.log Inicializando el request!
02-Jan-2023 19:48:00.501 INFORMACIÓN [http-nio-8080-exec-12] org.apache.catalina.core.ApplicationContext.log Destruyendo el request!
02-Jan-2023 19:48:01.442 INFORMACIÓN [http-nio-8080-exec-17] org.apache.catalina.core.ApplicationContext.log Inicializando el request!
02-Jan-2023 19:48:01.473 INFORMACIÓN [http-nio-8080-exec-17] org.apache.catalina.core.ApplicationContext.log Destruyendo el request!
02-Jan-2023 19:48:30.088 INFORMACIÓN [http-nio-8080-exec-13] org.apache.catalina.core.ApplicationContext.log Inicializando el request!
02-Jan-2023 19:48:30.130 INFORMACIÓN [http-nio-8080-exec-13] org.apache.catalina.core.ApplicationContext.log Destruyendo el request!
02-Jan-2023 19:48:48.541 INFORMACIÓN [http-nio-8080-exec-18] org.apache.catalina.core.ApplicationContext.log Inicializando el request!
02-Jan-2023 19:48:48.596 INFORMACIÓN [http-nio-8080-exec-18] org.apache.catalina.core.ApplicationContext.log Destruyendo el request!
02-Jan-2023 19:51:13.284 INFORMACIÓN [http-nio-8080-exec-19] org.apache.catalina.core.ApplicationContext.log Destrutendo la sesión http.
02-Jan-2023 19:51:13.284 INFORMACIÓN [http-nio-8080-exec-19] org.apache.catalina.core.ApplicationContext.log Destrutendo la sesión http.
02-Jan-2023 19:51:13.285 INFORMACIÓN [http-nio-8080-exec-19] org.apache.catalina.core.ApplicationContext.log Destrutendo la sesión http.
02-Jan-2023 19:51:13.285 INFORMACIÓN [http-nio-8080-exec-19] org.apache.catalina.core.ApplicationContext.log Destruyendo la aplicación.
02-Jan-2023 19:51:17.540 INFORMACIÓN [http-nio-8080-exec-19] org.apache.catalina.core.ApplicationContext.log Inicializando la aplicación.
02-Jan-2023 19:51:22.660 INFORMACIÓN [http-nio-8080-exec-13] org.apache.catalina.core.ApplicationContext.log Inicializando el request!
02-Jan-2023 19:51:22.715 INFORMACIÓN [http-nio-8080-exec-13] org.apache.catalina.core.ApplicationContext.log Inicialiazando la sesión http.
02-Jan-2023 19:51:22.717 INFORMACIÓN [http-nio-8080-exec-13] org.apache.catalina.core.ApplicationContext.log Destruyendo el request!
02-Jan-2023 19:51:30.446 INFORMACIÓN [http-nio-8080-exec-20] org.apache.catalina.core.ApplicationContext.log Inicializando el request!
02-Jan-2023 19:51:30.834 INFORMACIÓN [http-nio-8080-exec-20] org.apache.catalina.core.ApplicationContext.log Destruyendo el request!
02-Jan-2023 19:51:35.487 INFORMACIÓN [http-nio-8080-exec-16] org.apache.catalina.core.ApplicationContext.log Inicializando el request!
02-Jan-2023 19:51:35.543 INFORMACIÓN [http-nio-8080-exec-16] org.apache.catalina.core.ApplicationContext.log Destruyendo el request!
02-Jan-2023 19:51:35.551 INFORMACIÓN [http-nio-8080-exec-18] org.apache.catalina.core.ApplicationContext.log Inicializando el request!
02-Jan-2023 19:51:35.602 INFORMACIÓN [http-nio-8080-exec-18] org.apache.catalina.core.ApplicationContext.log Destruyendo el request!
02-Jan-2023 19:51:39.771 INFORMACIÓN [http-nio-8080-exec-11] org.apache.catalina.core.ApplicationContext.log Inicializando el request!
02-Jan-2023 19:51:40.483 INFORMACIÓN [http-nio-8080-exec-11] org.apache.catalina.core.ApplicationContext.log Destruyendo el request!
02-Jan-2023 19:51:41.956 INFORMACIÓN [http-nio-8080-exec-15] org.apache.catalina.core.ApplicationContext.log Inicializando el request!
02-Jan-2023 19:51:42.983 INFORMACIÓN [http-nio-8080-exec-15] org.apache.catalina.core.ApplicationContext.log Destruyendo el request!
02-Jan-2023 19:51:44.251 INFORMACIÓN [http-nio-8080-exec-21] org.apache.catalina.core.ApplicationContext.log Inicializando el request!
02-Jan-2023 19:51:44.317 INFORMACIÓN [http-nio-8080-exec-21] org.apache.catalina.core.ApplicationContext.log Destruyendo el request!
02-Jan-2023 19:54:10.291 INFORMACIÓN [http-nio-8080-exec-23] org.apache.catalina.core.ApplicationContext.log Destrutendo la sesión http.
02-Jan-2023 19:54:10.291 INFORMACIÓN [http-nio-8080-exec-23] org.apache.catalina.core.ApplicationContext.log Destruyendo la aplicación.
02-Jan-2023 19:54:14.541 INFORMACIÓN [http-nio-8080-exec-23] org.apache.catalina.core.ApplicationContext.log Inicializando la aplicación.
02-Jan-2023 19:54:20.356 INFORMACIÓN [http-nio-8080-exec-30] org.apache.catalina.core.ApplicationContext.log Inicializando el request!
02-Jan-2023 19:54:20.416 INFORMACIÓN [http-nio-8080-exec-30] org.apache.catalina.core.ApplicationContext.log Inicialiazando la sesión http.
02-Jan-2023 19:54:20.419 INFORMACIÓN [http-nio-8080-exec-30] org.apache.catalina.core.ApplicationContext.log Destruyendo el request!
02-Jan-2023 19:54:25.222 INFORMACIÓN [http-nio-8080-exec-25] org.apache.catalina.core.ApplicationContext.log Inicializando el request!
02-Jan-2023 19:54:25.461 INFORMACIÓN [http-nio-8080-exec-25] org.apache.catalina.core.ApplicationContext.log Destruyendo el request!
02-Jan-2023 19:54:35.233 INFORMACIÓN [http-nio-8080-exec-22] org.apache.catalina.core.ApplicationContext.log Inicializando el request!
02-Jan-2023 19:54:35.299 INFORMACIÓN [http-nio-8080-exec-22] org.apache.catalina.core.ApplicationContext.log Destruyendo el request!
02-Jan-2023 19:54:35.309 INFORMACIÓN [http-nio-8080-exec-27] org.apache.catalina.core.ApplicationContext.log Inicializando el request!
02-Jan-2023 19:54:35.367 INFORMACIÓN [http-nio-8080-exec-27] org.apache.catalina.core.ApplicationContext.log Destruyendo el request!
02-Jan-2023 19:54:38.117 INFORMACIÓN [http-nio-8080-exec-21] org.apache.catalina.core.ApplicationContext.log Inicializando el request!
02-Jan-2023 19:54:38.596 INFORMACIÓN [http-nio-8080-exec-21] org.apache.catalina.core.ApplicationContext.log Destruyendo el request!
02-Jan-2023 19:54:39.877 INFORMACIÓN [http-nio-8080-exec-24] org.apache.catalina.core.ApplicationContext.log Inicializando el request!
02-Jan-2023 19:54:40.294 INFORMACIÓN [http-nio-8080-exec-24] org.apache.catalina.core.ApplicationContext.log Destruyendo el request!
02-Jan-2023 19:54:42.148 INFORMACIÓN [http-nio-8080-exec-28] org.apache.catalina.core.ApplicationContext.log Inicializando el request!
02-Jan-2023 19:54:42.207 INFORMACIÓN [http-nio-8080-exec-28] org.apache.catalina.core.ApplicationContext.log Destruyendo el request!
02-Jan-2023 19:58:30.056 INFORMACIÓN [http-nio-8080-exec-32] org.apache.catalina.core.ApplicationContext.log Destrutendo la sesión http.
02-Jan-2023 19:58:30.056 INFORMACIÓN [http-nio-8080-exec-32] org.apache.catalina.core.ApplicationContext.log Destruyendo la aplicación.
02-Jan-2023 19:58:33.773 INFORMACIÓN [http-nio-8080-exec-32] org.apache.catalina.core.ApplicationContext.log Inicializando la aplicación.
02-Jan-2023 20:00:58.912 INFORMACIÓN [http-nio-8080-exec-41] org.apache.catalina.core.ApplicationContext.log Inicializando el request!
02-Jan-2023 20:00:58.978 INFORMACIÓN [http-nio-8080-exec-41] org.apache.catalina.core.ApplicationContext.log Inicialiazando la sesión http.
02-Jan-2023 20:00:58.984 INFORMACIÓN [http-nio-8080-exec-41] org.apache.catalina.core.ApplicationContext.log Destruyendo el request!
02-Jan-2023 20:01:03.953 INFORMACIÓN [http-nio-8080-exec-42] org.apache.catalina.core.ApplicationContext.log Inicializando el request!
02-Jan-2023 20:01:04.138 INFORMACIÓN [http-nio-8080-exec-42] org.apache.catalina.core.ApplicationContext.log Destruyendo el request!
02-Jan-2023 20:01:08.698 INFORMACIÓN [http-nio-8080-exec-43] org.apache.catalina.core.ApplicationContext.log Inicializando el request!
02-Jan-2023 20:01:08.728 INFORMACIÓN [http-nio-8080-exec-43] org.apache.catalina.core.ApplicationContext.log Destruyendo el request!
02-Jan-2023 20:01:08.732 INFORMACIÓN [http-nio-8080-exec-35] org.apache.catalina.core.ApplicationContext.log Inicializando el request!
02-Jan-2023 20:01:08.758 INFORMACIÓN [http-nio-8080-exec-35] org.apache.catalina.core.ApplicationContext.log Destruyendo el request!
02-Jan-2023 20:01:12.211 INFORMACIÓN [http-nio-8080-exec-40] org.apache.catalina.core.ApplicationContext.log Inicializando el request!
02-Jan-2023 20:01:12.649 INFORMACIÓN [http-nio-8080-exec-40] org.apache.catalina.core.ApplicationContext.log Destruyendo el request!
02-Jan-2023 20:01:18.581 INFORMACIÓN [http-nio-8080-exec-44] org.apache.catalina.core.ApplicationContext.log Inicializando el request!
02-Jan-2023 20:01:18.852 INFORMACIÓN [http-nio-8080-exec-44] org.apache.catalina.core.ApplicationContext.log Destruyendo el request!
02-Jan-2023 20:01:20.564 INFORMACIÓN [http-nio-8080-exec-38] org.apache.catalina.core.ApplicationContext.log Inicializando el request!
02-Jan-2023 20:01:20.609 INFORMACIÓN [http-nio-8080-exec-38] org.apache.catalina.core.ApplicationContext.log Destruyendo el request!
02-Jan-2023 20:01:23.615 INFORMACIÓN [http-nio-8080-exec-37] org.apache.catalina.core.ApplicationContext.log Inicializando el request!
02-Jan-2023 20:01:23.650 INFORMACIÓN [http-nio-8080-exec-37] org.apache.catalina.core.ApplicationContext.log Destruyendo el request!
02-Jan-2023 20:01:25.333 INFORMACIÓN [http-nio-8080-exec-33] org.apache.catalina.core.ApplicationContext.log Inicializando el request!
02-Jan-2023 20:01:25.360 INFORMACIÓN [http-nio-8080-exec-33] org.apache.catalina.core.ApplicationContext.log Destruyendo el request!
02-Jan-2023 20:03:15.838 INFORMACIÓN [http-nio-8080-exec-42] org.apache.catalina.core.ApplicationContext.log Destrutendo la sesión http.
02-Jan-2023 20:03:15.839 INFORMACIÓN [http-nio-8080-exec-42] org.apache.catalina.core.ApplicationContext.log Destruyendo la aplicación.
02-Jan-2023 20:03:20.218 INFORMACIÓN [http-nio-8080-exec-42] org.apache.catalina.core.ApplicationContext.log Inicializando la aplicación.
02-Jan-2023 20:04:21.553 INFORMACIÓN [http-nio-8080-exec-51] org.apache.catalina.core.ApplicationContext.log Inicializando el request!
02-Jan-2023 20:04:21.627 INFORMACIÓN [http-nio-8080-exec-51] org.apache.catalina.core.ApplicationContext.log Inicialiazando la sesión http.
02-Jan-2023 20:04:21.630 INFORMACIÓN [http-nio-8080-exec-51] org.apache.catalina.core.ApplicationContext.log Destruyendo el request!
02-Jan-2023 20:04:25.426 INFORMACIÓN [http-nio-8080-exec-50] org.apache.catalina.core.ApplicationContext.log Inicializando el request!
02-Jan-2023 20:04:25.681 INFORMACIÓN [http-nio-8080-exec-50] org.apache.catalina.core.ApplicationContext.log Destruyendo el request!
02-Jan-2023 20:04:31.192 INFORMACIÓN [http-nio-8080-exec-49] org.apache.catalina.core.ApplicationContext.log Inicializando el request!
02-Jan-2023 20:04:31.245 INFORMACIÓN [http-nio-8080-exec-49] org.apache.catalina.core.ApplicationContext.log Destruyendo el request!
02-Jan-2023 20:04:31.254 INFORMACIÓN [http-nio-8080-exec-46] org.apache.catalina.core.ApplicationContext.log Inicializando el request!
02-Jan-2023 20:04:31.297 INFORMACIÓN [http-nio-8080-exec-46] org.apache.catalina.core.ApplicationContext.log Destruyendo el request!
02-Jan-2023 20:04:34.185 INFORMACIÓN [http-nio-8080-exec-52] org.apache.catalina.core.ApplicationContext.log Inicializando el request!
02-Jan-2023 20:04:34.664 INFORMACIÓN [http-nio-8080-exec-52] org.apache.catalina.core.ApplicationContext.log Destruyendo el request!
02-Jan-2023 20:04:36.043 INFORMACIÓN [http-nio-8080-exec-45] org.apache.catalina.core.ApplicationContext.log Inicializando el request!
02-Jan-2023 20:04:36.496 INFORMACIÓN [http-nio-8080-exec-45] org.apache.catalina.core.ApplicationContext.log Destruyendo el request!
02-Jan-2023 20:04:37.898 INFORMACIÓN [http-nio-8080-exec-44] org.apache.catalina.core.ApplicationContext.log Inicializando el request!
02-Jan-2023 20:04:37.970 INFORMACIÓN [http-nio-8080-exec-44] org.apache.catalina.core.ApplicationContext.log Destruyendo el request!
02-Jan-2023 20:04:52.426 INFORMACIÓN [http-nio-8080-exec-47] org.apache.catalina.core.ApplicationContext.log Inicializando el request!
02-Jan-2023 20:04:52.477 INFORMACIÓN [http-nio-8080-exec-47] org.apache.catalina.core.ApplicationContext.log Destruyendo el request!
02-Jan-2023 20:20:31.306 INFORMACIÓN [http-nio-8080-exec-51] org.apache.catalina.core.ApplicationContext.log Destrutendo la sesión http.
02-Jan-2023 20:20:31.307 INFORMACIÓN [http-nio-8080-exec-51] org.apache.catalina.core.ApplicationContext.log Destruyendo la aplicación.
02-Jan-2023 20:20:34.980 INFORMACIÓN [http-nio-8080-exec-51] org.apache.catalina.core.ApplicationContext.log Inicializando la aplicación.
02-Jan-2023 20:21:10.191 INFORMACIÓN [http-nio-8080-exec-59] org.apache.catalina.core.ApplicationContext.log Destruyendo la aplicación.
02-Jan-2023 20:21:13.111 INFORMACIÓN [http-nio-8080-exec-59] org.apache.catalina.core.ApplicationContext.log Inicializando la aplicación.
02-Jan-2023 20:21:41.922 INFORMACIÓN [http-nio-8080-exec-57] org.apache.catalina.core.ApplicationContext.log Inicializando el request!
02-Jan-2023 20:21:41.977 INFORMACIÓN [http-nio-8080-exec-57] org.apache.catalina.core.ApplicationContext.log Inicialiazando la sesión http.
02-Jan-2023 20:21:41.979 INFORMACIÓN [http-nio-8080-exec-57] org.apache.catalina.core.ApplicationContext.log Destruyendo el request!
02-Jan-2023 20:21:47.137 INFORMACIÓN [http-nio-8080-exec-56] org.apache.catalina.core.ApplicationContext.log Inicializando el request!
02-Jan-2023 20:21:47.382 INFORMACIÓN [http-nio-8080-exec-56] org.apache.catalina.core.ApplicationContext.log Destruyendo el request!
02-Jan-2023 20:21:54.418 INFORMACIÓN [http-nio-8080-exec-52] org.apache.catalina.core.ApplicationContext.log Inicializando el request!
02-Jan-2023 20:21:54.466 INFORMACIÓN [http-nio-8080-exec-52] org.apache.catalina.core.ApplicationContext.log Destruyendo el request!
02-Jan-2023 20:21:54.472 INFORMACIÓN [http-nio-8080-exec-53] org.apache.catalina.core.ApplicationContext.log Inicializando el request!
02-Jan-2023 20:21:54.506 INFORMACIÓN [http-nio-8080-exec-53] org.apache.catalina.core.ApplicationContext.log Destruyendo el request!
02-Jan-2023 20:21:59.431 INFORMACIÓN [http-nio-8080-exec-55] org.apache.catalina.core.ApplicationContext.log Inicializando el request!
02-Jan-2023 20:21:59.903 INFORMACIÓN [http-nio-8080-exec-55] org.apache.catalina.core.ApplicationContext.log Destruyendo el request!
02-Jan-2023 20:22:01.560 INFORMACIÓN [http-nio-8080-exec-54] org.apache.catalina.core.ApplicationContext.log Inicializando el request!
02-Jan-2023 20:22:01.607 INFORMACIÓN [http-nio-8080-exec-54] org.apache.catalina.core.ApplicationContext.log Destruyendo el request!
02-Jan-2023 20:22:01.615 INFORMACIÓN [http-nio-8080-exec-58] org.apache.catalina.core.ApplicationContext.log Inicializando el request!
02-Jan-2023 20:22:01.985 INFORMACIÓN [http-nio-8080-exec-58] org.apache.catalina.core.ApplicationContext.log Destruyendo el request!
02-Jan-2023 20:22:06.534 INFORMACIÓN [http-nio-8080-exec-60] org.apache.catalina.core.ApplicationContext.log Inicializando el request!
02-Jan-2023 20:22:06.586 INFORMACIÓN [http-nio-8080-exec-60] org.apache.catalina.core.ApplicationContext.log Destruyendo el request!
02-Jan-2023 20:22:07.631 INFORMACIÓN [http-nio-8080-exec-62] org.apache.catalina.core.ApplicationContext.log Inicializando el request!
02-Jan-2023 20:22:07.670 INFORMACIÓN [http-nio-8080-exec-62] org.apache.catalina.core.ApplicationContext.log Destruyendo el request!
02-Jan-2023 20:22:07.676 INFORMACIÓN [http-nio-8080-exec-61] org.apache.catalina.core.ApplicationContext.log Inicializando el request!
02-Jan-2023 20:22:07.720 INFORMACIÓN [http-nio-8080-exec-61] org.apache.catalina.core.ApplicationContext.log Destruyendo el request!
02-Jan-2023 20:22:08.938 INFORMACIÓN [http-nio-8080-exec-63] org.apache.catalina.core.ApplicationContext.log Inicializando el request!
02-Jan-2023 20:22:08.995 INFORMACIÓN [http-nio-8080-exec-63] org.apache.catalina.core.ApplicationContext.log Destruyendo el request!
02-Jan-2023 20:22:09.887 INFORMACIÓN [http-nio-8080-exec-64] org.apache.catalina.core.ApplicationContext.log Inicializando el request!
02-Jan-2023 20:22:09.927 INFORMACIÓN [http-nio-8080-exec-64] org.apache.catalina.core.ApplicationContext.log Destruyendo el request!
02-Jan-2023 20:22:09.932 INFORMACIÓN [http-nio-8080-exec-65] org.apache.catalina.core.ApplicationContext.log Inicializando el request!
02-Jan-2023 20:22:09.970 INFORMACIÓN [http-nio-8080-exec-65] org.apache.catalina.core.ApplicationContext.log Destruyendo el request!
02-Jan-2023 20:22:11.236 INFORMACIÓN [http-nio-8080-exec-53] org.apache.catalina.core.ApplicationContext.log Inicializando el request!
02-Jan-2023 20:22:11.292 INFORMACIÓN [http-nio-8080-exec-53] org.apache.catalina.core.ApplicationContext.log Destruyendo el request!
02-Jan-2023 20:22:12.260 INFORMACIÓN [http-nio-8080-exec-66] org.apache.catalina.core.ApplicationContext.log Inicializando el request!
02-Jan-2023 20:22:12.303 INFORMACIÓN [http-nio-8080-exec-66] org.apache.catalina.core.ApplicationContext.log Destruyendo el request!
02-Jan-2023 20:22:12.310 INFORMACIÓN [http-nio-8080-exec-67] org.apache.catalina.core.ApplicationContext.log Inicializando el request!
02-Jan-2023 20:22:12.350 INFORMACIÓN [http-nio-8080-exec-67] org.apache.catalina.core.ApplicationContext.log Destruyendo el request!
02-Jan-2023 20:22:16.341 INFORMACIÓN [http-nio-8080-exec-58] org.apache.catalina.core.ApplicationContext.log Inicializando el request!
02-Jan-2023 20:22:16.385 INFORMACIÓN [http-nio-8080-exec-58] org.apache.catalina.core.ApplicationContext.log Destruyendo el request!
02-Jan-2023 20:22:16.394 INFORMACIÓN [http-nio-8080-exec-68] org.apache.catalina.core.ApplicationContext.log Inicializando el request!
02-Jan-2023 20:22:16.451 INFORMACIÓN [http-nio-8080-exec-68] org.apache.catalina.core.ApplicationContext.log Destruyendo el request!
02-Jan-2023 20:22:21.507 INFORMACIÓN [http-nio-8080-exec-62] org.apache.catalina.core.ApplicationContext.log Inicializando el request!
02-Jan-2023 20:22:21.543 INFORMACIÓN [http-nio-8080-exec-62] org.apache.catalina.core.ApplicationContext.log Destruyendo el request!
02-Jan-2023 20:22:21.550 INFORMACIÓN [http-nio-8080-exec-69] org.apache.catalina.core.ApplicationContext.log Inicializando el request!
02-Jan-2023 20:22:21.596 INFORMACIÓN [http-nio-8080-exec-69] org.apache.catalina.core.ApplicationContext.log Destruyendo el request!
02-Jan-2023 20:22:51.399 INFORMACIÓN [http-nio-8080-exec-64] org.apache.catalina.core.ApplicationContext.log Inicializando el request!
02-Jan-2023 20:22:51.435 INFORMACIÓN [http-nio-8080-exec-64] org.apache.catalina.core.ApplicationContext.log Destruyendo el request!
02-Jan-2023 20:22:51.441 INFORMACIÓN [http-nio-8080-exec-65] org.apache.catalina.core.ApplicationContext.log Inicializando el request!
02-Jan-2023 20:22:51.488 INFORMACIÓN [http-nio-8080-exec-65] org.apache.catalina.core.ApplicationContext.log Destruyendo el request!
02-Jan-2023 20:22:57.853 INFORMACIÓN [http-nio-8080-exec-70] org.apache.catalina.core.ApplicationContext.log Inicializando el request!
02-Jan-2023 20:22:57.908 INFORMACIÓN [http-nio-8080-exec-70] org.apache.catalina.core.ApplicationContext.log Destruyendo el request!
02-Jan-2023 20:22:59.371 INFORMACIÓN [http-nio-8080-exec-66] org.apache.catalina.core.ApplicationContext.log Inicializando el request!
02-Jan-2023 20:22:59.418 INFORMACIÓN [http-nio-8080-exec-66] org.apache.catalina.core.ApplicationContext.log Destruyendo el request!
02-Jan-2023 20:22:59.432 INFORMACIÓN [http-nio-8080-exec-67] org.apache.catalina.core.ApplicationContext.log Inicializando el request!
02-Jan-2023 20:22:59.482 INFORMACIÓN [http-nio-8080-exec-67] org.apache.catalina.core.ApplicationContext.log Destruyendo el request!
02-Jan-2023 20:23:00.702 INFORMACIÓN [http-nio-8080-exec-71] org.apache.catalina.core.ApplicationContext.log Inicializando el request!
02-Jan-2023 20:23:00.749 INFORMACIÓN [http-nio-8080-exec-71] org.apache.catalina.core.ApplicationContext.log Destruyendo el request!
02-Jan-2023 20:23:01.663 INFORMACIÓN [http-nio-8080-exec-68] org.apache.catalina.core.ApplicationContext.log Inicializando el request!
02-Jan-2023 20:23:01.697 INFORMACIÓN [http-nio-8080-exec-68] org.apache.catalina.core.ApplicationContext.log Destruyendo el request!
02-Jan-2023 20:23:01.707 INFORMACIÓN [http-nio-8080-exec-62] org.apache.catalina.core.ApplicationContext.log Inicializando el request!
02-Jan-2023 20:23:01.748 INFORMACIÓN [http-nio-8080-exec-62] org.apache.catalina.core.ApplicationContext.log Destruyendo el request!
02-Jan-2023 20:23:03.134 INFORMACIÓN [http-nio-8080-exec-69] org.apache.catalina.core.ApplicationContext.log Inicializando el request!
02-Jan-2023 20:23:03.186 INFORMACIÓN [http-nio-8080-exec-69] org.apache.catalina.core.ApplicationContext.log Destruyendo el request!
02-Jan-2023 20:23:04.233 INFORMACIÓN [http-nio-8080-exec-63] org.apache.catalina.core.ApplicationContext.log Inicializando el request!
02-Jan-2023 20:23:04.273 INFORMACIÓN [http-nio-8080-exec-63] org.apache.catalina.core.ApplicationContext.log Destruyendo el request!
02-Jan-2023 20:23:04.279 INFORMACIÓN [http-nio-8080-exec-64] org.apache.catalina.core.ApplicationContext.log Inicializando el request!
02-Jan-2023 20:23:04.330 INFORMACIÓN [http-nio-8080-exec-64] org.apache.catalina.core.ApplicationContext.log Destruyendo el request!
02-Jan-2023 20:23:08.429 INFORMACIÓN [http-nio-8080-exec-65] org.apache.catalina.core.ApplicationContext.log Inicializando el request!
02-Jan-2023 20:23:08.469 INFORMACIÓN [http-nio-8080-exec-65] org.apache.catalina.core.ApplicationContext.log Destruyendo el request!
02-Jan-2023 20:23:08.475 INFORMACIÓN [http-nio-8080-exec-70] org.apache.catalina.core.ApplicationContext.log Inicializando el request!
02-Jan-2023 20:23:08.523 INFORMACIÓN [http-nio-8080-exec-70] org.apache.catalina.core.ApplicationContext.log Destruyendo el request!
02-Jan-2023 20:23:11.436 INFORMACIÓN [http-nio-8080-exec-66] org.apache.catalina.core.ApplicationContext.log Inicializando el request!
02-Jan-2023 20:23:11.467 INFORMACIÓN [http-nio-8080-exec-66] org.apache.catalina.core.ApplicationContext.log Destruyendo el request!
02-Jan-2023 20:23:11.473 INFORMACIÓN [http-nio-8080-exec-67] org.apache.catalina.core.ApplicationContext.log Inicializando el request!
02-Jan-2023 20:23:11.510 INFORMACIÓN [http-nio-8080-exec-67] org.apache.catalina.core.ApplicationContext.log Destruyendo el request!
02-Jan-2023 20:23:14.484 INFORMACIÓN [http-nio-8080-exec-71] org.apache.catalina.core.ApplicationContext.log Inicializando el request!
02-Jan-2023 20:23:14.531 INFORMACIÓN [http-nio-8080-exec-71] org.apache.catalina.core.ApplicationContext.log Destruyendo el request!
02-Jan-2023 20:23:14.536 INFORMACIÓN [http-nio-8080-exec-68] org.apache.catalina.core.ApplicationContext.log Inicializando el request!
02-Jan-2023 20:23:14.581 INFORMACIÓN [http-nio-8080-exec-68] org.apache.catalina.core.ApplicationContext.log Destruyendo el request!
02-Jan-2023 20:54:11.358 INFORMACIÓN [Catalina-utility-2] org.apache.catalina.core.ApplicationContext.log Destrutendo la sesión http.
