19-Dec-2022 13:27:36.563 INFORMACIÓN [Thread-3] org.apache.catalina.core.ApplicationContext.log SessionListener: contextDestroyed()
19-Dec-2022 13:27:36.577 INFORMACIÓN [Thread-3] org.apache.catalina.core.ApplicationContext.log ContextListener: contextDestroyed()
19-Dec-2022 13:28:07.631 INFORMACIÓN [main] org.apache.catalina.core.ApplicationContext.log ContextListener: contextInitialized()
19-Dec-2022 13:28:07.631 INFORMACIÓN [main] org.apache.catalina.core.ApplicationContext.log SessionListener: contextInitialized()
19-Dec-2022 13:28:07.639 INFORMACIÓN [main] org.apache.catalina.core.ApplicationContext.log ContextListener: attributeAdded('StockTicker', 'async.Stockticker@6ed87b1c')
19-Dec-2022 13:29:38.179 INFORMACIÓN [http-nio-8080-exec-8] org.apache.catalina.core.ApplicationContext.log Inicializando la aplicación.
19-Dec-2022 13:29:38.528 INFORMACIÓN [http-nio-8080-exec-7] org.apache.catalina.core.ApplicationContext.log Inicializando el request!
19-Dec-2022 13:29:40.332 INFORMACIÓN [http-nio-8080-exec-7] org.apache.catalina.core.ApplicationContext.log Destruyendo el request!
19-Dec-2022 13:29:43.059 INFORMACIÓN [http-nio-8080-exec-9] org.apache.catalina.core.ApplicationContext.log Inicializando el request!
19-Dec-2022 13:29:43.306 INFORMACIÓN [http-nio-8080-exec-9] org.apache.catalina.core.ApplicationContext.log Inicialiazando la sesión http.
19-Dec-2022 13:29:46.623 INFORMACIÓN [http-nio-8080-exec-9] org.apache.catalina.core.ApplicationContext.log Destruyendo el request!
19-Dec-2022 13:52:01.788 INFORMACIÓN [Thread-3] org.apache.catalina.core.ApplicationContext.log SessionListener: contextDestroyed()
19-Dec-2022 13:52:01.788 INFORMACIÓN [Thread-3] org.apache.catalina.core.ApplicationContext.log ContextListener: contextDestroyed()
19-Dec-2022 13:52:01.804 INFORMACIÓN [Thread-3] org.apache.catalina.core.ApplicationContext.log Destrutendo la sesión http.
19-Dec-2022 13:52:01.805 INFORMACIÓN [Thread-3] org.apache.catalina.core.ApplicationContext.log Destruyendo la aplicación.
19-Dec-2022 22:15:00.016 INFORMACIÓN [main] org.apache.catalina.core.ApplicationContext.log Inicializando la aplicación.
19-Dec-2022 22:15:00.923 INFORMACIÓN [main] org.apache.catalina.core.ApplicationContext.log ContextListener: contextInitialized()
19-Dec-2022 22:15:00.923 INFORMACIÓN [main] org.apache.catalina.core.ApplicationContext.log SessionListener: contextInitialized()
19-Dec-2022 22:15:00.923 INFORMACIÓN [main] org.apache.catalina.core.ApplicationContext.log ContextListener: attributeAdded('StockTicker', 'async.Stockticker@7fec6c2f')
19-Dec-2022 22:15:11.324 INFORMACIÓN [http-nio-8080-exec-1] org.apache.catalina.core.ApplicationContext.log Destruyendo la aplicación.
19-Dec-2022 22:15:11.953 INFORMACIÓN [http-nio-8080-exec-1] org.apache.catalina.core.ApplicationContext.log Inicializando la aplicación.
19-Dec-2022 22:15:41.694 INFORMACIÓN [http-nio-8080-exec-3] org.apache.catalina.core.ApplicationContext.log Destruyendo la aplicación.
19-Dec-2022 22:15:42.482 INFORMACIÓN [http-nio-8080-exec-3] org.apache.catalina.core.ApplicationContext.log Inicializando la aplicación.
19-Dec-2022 22:16:45.072 INFORMACIÓN [http-nio-8080-exec-8] org.apache.catalina.core.ApplicationContext.log Inicializando el request!
19-Dec-2022 22:16:45.816 INFORMACIÓN [http-nio-8080-exec-8] org.apache.catalina.core.ApplicationContext.log Inicialiazando la sesión http.
19-Dec-2022 22:16:47.114 INFORMACIÓN [http-nio-8080-exec-8] org.apache.catalina.core.ApplicationContext.log Destruyendo el request!
19-Dec-2022 22:17:14.866 INFORMACIÓN [http-nio-8080-exec-10] org.apache.catalina.core.ApplicationContext.log Inicializando el request!
19-Dec-2022 22:17:15.025 INFORMACIÓN [http-nio-8080-exec-10] org.apache.catalina.core.ApplicationContext.log Destruyendo el request!
19-Dec-2022 22:17:17.526 INFORMACIÓN [http-nio-8080-exec-9] org.apache.catalina.core.ApplicationContext.log Inicializando el request!
19-Dec-2022 22:17:17.557 INFORMACIÓN [http-nio-8080-exec-9] org.apache.catalina.core.ApplicationContext.log Destruyendo el request!
19-Dec-2022 22:17:19.515 INFORMACIÓN [http-nio-8080-exec-2] org.apache.catalina.core.ApplicationContext.log Inicializando el request!
19-Dec-2022 22:17:19.545 INFORMACIÓN [http-nio-8080-exec-2] org.apache.catalina.core.ApplicationContext.log Destruyendo el request!
19-Dec-2022 22:17:24.861 INFORMACIÓN [http-nio-8080-exec-6] org.apache.catalina.core.ApplicationContext.log Inicializando el request!
19-Dec-2022 22:17:24.882 INFORMACIÓN [http-nio-8080-exec-6] org.apache.catalina.core.ApplicationContext.log Destruyendo el request!
19-Dec-2022 22:17:24.889 INFORMACIÓN [http-nio-8080-exec-13] org.apache.catalina.core.ApplicationContext.log Inicializando el request!
19-Dec-2022 22:17:24.913 INFORMACIÓN [http-nio-8080-exec-13] org.apache.catalina.core.ApplicationContext.log Destruyendo el request!
19-Dec-2022 22:17:27.326 INFORMACIÓN [http-nio-8080-exec-14] org.apache.catalina.core.ApplicationContext.log Inicializando el request!
19-Dec-2022 22:17:27.348 INFORMACIÓN [http-nio-8080-exec-14] org.apache.catalina.core.ApplicationContext.log Destruyendo el request!
19-Dec-2022 22:17:28.210 INFORMACIÓN [http-nio-8080-exec-12] org.apache.catalina.core.ApplicationContext.log Inicializando el request!
19-Dec-2022 22:17:28.232 INFORMACIÓN [http-nio-8080-exec-12] org.apache.catalina.core.ApplicationContext.log Destruyendo el request!
19-Dec-2022 22:17:30.498 INFORMACIÓN [http-nio-8080-exec-15] org.apache.catalina.core.ApplicationContext.log Inicializando el request!
19-Dec-2022 22:17:30.545 INFORMACIÓN [http-nio-8080-exec-15] org.apache.catalina.core.ApplicationContext.log Destruyendo el request!
19-Dec-2022 22:17:30.545 INFORMACIÓN [http-nio-8080-exec-16] org.apache.catalina.core.ApplicationContext.log Inicializando el request!
19-Dec-2022 22:17:30.755 INFORMACIÓN [http-nio-8080-exec-16] org.apache.catalina.core.ApplicationContext.log Destruyendo el request!
19-Dec-2022 22:17:38.564 INFORMACIÓN [http-nio-8080-exec-17] org.apache.catalina.core.ApplicationContext.log Inicializando el request!
19-Dec-2022 22:17:38.594 INFORMACIÓN [http-nio-8080-exec-17] org.apache.catalina.core.ApplicationContext.log Destruyendo el request!
19-Dec-2022 22:17:46.658 INFORMACIÓN [http-nio-8080-exec-18] org.apache.catalina.core.ApplicationContext.log Inicializando el request!
19-Dec-2022 22:17:46.884 INFORMACIÓN [http-nio-8080-exec-18] org.apache.catalina.core.ApplicationContext.log Destruyendo el request!
19-Dec-2022 22:18:30.619 INFORMACIÓN [http-nio-8080-exec-20] org.apache.catalina.core.ApplicationContext.log Inicializando el request!
19-Dec-2022 22:18:30.644 INFORMACIÓN [http-nio-8080-exec-20] org.apache.catalina.core.ApplicationContext.log Destruyendo el request!
