13-Dec-2022 13:02:39.236 INFORMACIÓN [http-nio-8080-exec-48] org.apache.catalina.core.ApplicationContext.log Destruyendo la aplicación.
13-Dec-2022 13:04:22.954 INFORMACIÓN [http-nio-8080-exec-54] org.apache.catalina.core.ApplicationContext.log Inicializando la aplicación.
13-Dec-2022 13:04:24.591 INFORMACIÓN [http-nio-8080-exec-55] org.apache.catalina.core.ApplicationContext.log Inicializando el request!
13-Dec-2022 13:04:24.593 INFORMACIÓN [http-nio-8080-exec-55] org.apache.catalina.core.ApplicationContext.log Destruyendo el request!
13-Dec-2022 13:04:26.618 INFORMACIÓN [http-nio-8080-exec-45] org.apache.catalina.core.ApplicationContext.log Inicializando el request!
13-Dec-2022 13:04:26.627 INFORMACIÓN [http-nio-8080-exec-45] org.apache.catalina.core.ApplicationContext.log Inicialiazando la sesión http.
13-Dec-2022 13:04:26.638 INFORMACIÓN [http-nio-8080-exec-45] org.apache.catalina.core.ApplicationContext.log Destruyendo el request!
13-Dec-2022 13:04:28.898 INFORMACIÓN [http-nio-8080-exec-61] org.apache.catalina.core.ApplicationContext.log Inicializando el request!
13-Dec-2022 13:04:28.900 INFORMACIÓN [http-nio-8080-exec-61] org.apache.catalina.core.ApplicationContext.log Destruyendo el request!
13-Dec-2022 13:04:28.948 INFORMACIÓN [http-nio-8080-exec-58] org.apache.catalina.core.ApplicationContext.log Inicializando el request!
13-Dec-2022 13:04:29.262 INFORMACIÓN [http-nio-8080-exec-58] org.apache.catalina.core.ApplicationContext.log Destruyendo el request!
13-Dec-2022 13:04:31.089 INFORMACIÓN [http-nio-8080-exec-57] org.apache.catalina.core.ApplicationContext.log Inicializando el request!
13-Dec-2022 13:04:31.090 INFORMACIÓN [http-nio-8080-exec-57] org.apache.catalina.core.ApplicationContext.log Destruyendo el request!
13-Dec-2022 13:04:43.195 INFORMACIÓN [http-nio-8080-exec-52] org.apache.catalina.core.ApplicationContext.log Inicializando el request!
13-Dec-2022 13:04:43.196 INFORMACIÓN [http-nio-8080-exec-52] org.apache.catalina.core.ApplicationContext.log Destruyendo el request!
13-Dec-2022 13:05:03.413 INFORMACIÓN [http-nio-8080-exec-62] org.apache.catalina.core.ApplicationContext.log Inicializando el request!
13-Dec-2022 13:05:03.422 INFORMACIÓN [http-nio-8080-exec-62] org.apache.catalina.core.ApplicationContext.log Destruyendo el request!
13-Dec-2022 13:05:13.453 INFORMACIÓN [http-nio-8080-exec-60] org.apache.catalina.core.ApplicationContext.log Inicializando el request!
13-Dec-2022 13:05:13.453 INFORMACIÓN [http-nio-8080-exec-60] org.apache.catalina.core.ApplicationContext.log Destruyendo el request!
13-Dec-2022 13:05:13.493 INFORMACIÓN [http-nio-8080-exec-63] org.apache.catalina.core.ApplicationContext.log Inicializando el request!
13-Dec-2022 13:05:13.494 INFORMACIÓN [http-nio-8080-exec-63] org.apache.catalina.core.ApplicationContext.log Destruyendo el request!
13-Dec-2022 13:05:18.074 INFORMACIÓN [http-nio-8080-exec-55] org.apache.catalina.core.ApplicationContext.log Inicializando el request!
13-Dec-2022 13:05:18.076 INFORMACIÓN [http-nio-8080-exec-55] org.apache.catalina.core.ApplicationContext.log Destruyendo el request!
13-Dec-2022 13:05:20.055 INFORMACIÓN [http-nio-8080-exec-64] org.apache.catalina.core.ApplicationContext.log Inicializando el request!
13-Dec-2022 13:05:20.307 INFORMACIÓN [http-nio-8080-exec-64] org.apache.catalina.core.ApplicationContext.log Destruyendo el request!
13-Dec-2022 13:35:25.299 INFORMACIÓN [Catalina-utility-2] org.apache.catalina.core.ApplicationContext.log Destrutendo la sesión http.
13-Dec-2022 17:26:49.402 INFORMACIÓN [http-nio-8080-exec-66] org.apache.catalina.core.ApplicationContext.log Destruyendo la aplicación.
13-Dec-2022 17:26:50.543 INFORMACIÓN [http-nio-8080-exec-66] org.apache.catalina.core.ApplicationContext.log Inicializando la aplicación.
13-Dec-2022 17:27:15.145 INFORMACIÓN [http-nio-8080-exec-69] org.apache.catalina.core.ApplicationContext.log Inicializando el request!
13-Dec-2022 17:27:15.148 INFORMACIÓN [http-nio-8080-exec-69] org.apache.catalina.core.ApplicationContext.log Destruyendo el request!
13-Dec-2022 17:27:16.223 INFORMACIÓN [http-nio-8080-exec-64] org.apache.catalina.core.ApplicationContext.log Inicializando el request!
13-Dec-2022 17:27:16.547 INFORMACIÓN [http-nio-8080-exec-64] org.apache.catalina.core.ApplicationContext.log Inicialiazando la sesión http.
13-Dec-2022 17:27:16.548 INFORMACIÓN [http-nio-8080-exec-64] org.apache.catalina.core.ApplicationContext.log Destruyendo el request!
13-Dec-2022 17:27:23.130 INFORMACIÓN [http-nio-8080-exec-68] org.apache.catalina.core.ApplicationContext.log Inicializando el request!
13-Dec-2022 17:27:23.142 INFORMACIÓN [http-nio-8080-exec-68] org.apache.catalina.core.ApplicationContext.log Destruyendo el request!
13-Dec-2022 17:27:33.907 INFORMACIÓN [http-nio-8080-exec-62] org.apache.catalina.core.ApplicationContext.log Inicializando el request!
13-Dec-2022 17:27:33.910 GRAVE [http-nio-8080-exec-62] org.apache.catalina.core.StandardWrapperValve.invoke Servlet.service() para servlet [com.arthe.apiservlet.webapp.headers.controllers.AddCarroServlet] lanzó excepción
	java.lang.NumberFormatException: null
		at java.lang.Long.parseLong(Long.java:552)
		at java.lang.Long.parseLong(Long.java:631)
		at com.arthe.apiservlet.webapp.headers.controllers.AddCarroServlet.doGet(AddCarroServlet.java:23)
		at jakarta.servlet.http.HttpServlet.service(HttpServlet.java:668)
		at jakarta.servlet.http.HttpServlet.service(HttpServlet.java:777)
		at org.apache.catalina.core.ApplicationFilterChain.internalDoFilter(ApplicationFilterChain.java:223)
		at org.apache.catalina.core.ApplicationFilterChain.doFilter(ApplicationFilterChain.java:158)
		at org.apache.tomcat.websocket.server.WsFilter.doFilter(WsFilter.java:53)
		at org.apache.catalina.core.ApplicationFilterChain.internalDoFilter(ApplicationFilterChain.java:185)
		at org.apache.catalina.core.ApplicationFilterChain.doFilter(ApplicationFilterChain.java:158)
		at org.apache.catalina.core.StandardWrapperValve.invoke(StandardWrapperValve.java:197)
		at org.apache.catalina.core.StandardContextValve.invoke(StandardContextValve.java:97)
		at org.apache.catalina.authenticator.AuthenticatorBase.invoke(AuthenticatorBase.java:541)
		at org.apache.catalina.core.StandardHostValve.invoke(StandardHostValve.java:119)
		at org.apache.catalina.valves.ErrorReportValve.invoke(ErrorReportValve.java:92)
		at org.apache.catalina.valves.AbstractAccessLogValve.invoke(AbstractAccessLogValve.java:690)
		at org.apache.catalina.core.StandardEngineValve.invoke(StandardEngineValve.java:78)
		at org.apache.catalina.connector.CoyoteAdapter.service(CoyoteAdapter.java:355)
		at org.apache.coyote.http11.Http11Processor.service(Http11Processor.java:399)
		at org.apache.coyote.AbstractProcessorLight.process(AbstractProcessorLight.java:65)
		at org.apache.coyote.AbstractProtocol$ConnectionHandler.process(AbstractProtocol.java:866)
		at org.apache.tomcat.util.net.NioEndpoint$SocketProcessor.doRun(NioEndpoint.java:1708)
		at org.apache.tomcat.util.net.SocketProcessorBase.run(SocketProcessorBase.java:49)
		at org.apache.tomcat.util.threads.ThreadPoolExecutor.runWorker(ThreadPoolExecutor.java:1191)
		at org.apache.tomcat.util.threads.ThreadPoolExecutor$Worker.run(ThreadPoolExecutor.java:659)
		at org.apache.tomcat.util.threads.TaskThread$WrappingRunnable.run(TaskThread.java:61)
		at java.lang.Thread.run(Thread.java:748)
13-Dec-2022 17:27:33.910 INFORMACIÓN [http-nio-8080-exec-62] org.apache.catalina.core.ApplicationContext.log Destruyendo el request!
13-Dec-2022 17:27:43.632 INFORMACIÓN [http-nio-8080-exec-67] org.apache.catalina.core.ApplicationContext.log Inicializando el request!
13-Dec-2022 17:27:43.635 INFORMACIÓN [http-nio-8080-exec-67] org.apache.catalina.core.ApplicationContext.log Destruyendo el request!
13-Dec-2022 17:27:47.315 INFORMACIÓN [http-nio-8080-exec-71] org.apache.catalina.core.ApplicationContext.log Inicializando el request!
13-Dec-2022 17:27:47.315 INFORMACIÓN [http-nio-8080-exec-71] org.apache.catalina.core.ApplicationContext.log Destruyendo el request!
13-Dec-2022 17:28:57.574 INFORMACIÓN [http-nio-8080-exec-74] org.apache.catalina.core.ApplicationContext.log Destrutendo la sesión http.
13-Dec-2022 17:28:57.574 INFORMACIÓN [http-nio-8080-exec-74] org.apache.catalina.core.ApplicationContext.log Destruyendo la aplicación.
13-Dec-2022 17:28:59.289 INFORMACIÓN [http-nio-8080-exec-74] org.apache.catalina.core.ApplicationContext.log Inicializando la aplicación.
13-Dec-2022 17:29:02.728 INFORMACIÓN [http-nio-8080-exec-73] org.apache.catalina.core.ApplicationContext.log Inicializando el request!
13-Dec-2022 17:29:02.730 INFORMACIÓN [http-nio-8080-exec-73] org.apache.catalina.core.ApplicationContext.log Destruyendo el request!
13-Dec-2022 17:29:04.254 INFORMACIÓN [http-nio-8080-exec-77] org.apache.catalina.core.ApplicationContext.log Inicializando el request!
13-Dec-2022 17:29:04.263 INFORMACIÓN [http-nio-8080-exec-77] org.apache.catalina.core.ApplicationContext.log Inicialiazando la sesión http.
13-Dec-2022 17:29:04.263 INFORMACIÓN [http-nio-8080-exec-77] org.apache.catalina.core.ApplicationContext.log Destruyendo el request!
13-Dec-2022 17:59:53.300 INFORMACIÓN [Catalina-utility-2] org.apache.catalina.core.ApplicationContext.log Destrutendo la sesión http.
13-Dec-2022 22:35:30.136 INFORMACIÓN [http-nio-8080-exec-82] org.apache.catalina.core.ApplicationContext.log Destruyendo la aplicación.
13-Dec-2022 22:35:31.930 INFORMACIÓN [http-nio-8080-exec-82] org.apache.catalina.core.ApplicationContext.log Inicializando la aplicación.
13-Dec-2022 22:35:59.677 INFORMACIÓN [http-nio-8080-exec-83] org.apache.catalina.core.ApplicationContext.log Inicializando el request!
13-Dec-2022 22:35:59.684 INFORMACIÓN [http-nio-8080-exec-83] org.apache.catalina.core.ApplicationContext.log Destruyendo el request!
13-Dec-2022 22:37:13.356 INFORMACIÓN [http-nio-8080-exec-92] org.apache.catalina.core.ApplicationContext.log Destruyendo la aplicación.
13-Dec-2022 22:37:14.120 INFORMACIÓN [http-nio-8080-exec-92] org.apache.catalina.core.ApplicationContext.log Inicializando la aplicación.
13-Dec-2022 22:37:18.917 INFORMACIÓN [http-nio-8080-exec-94] org.apache.catalina.core.ApplicationContext.log Inicializando el request!
13-Dec-2022 22:37:18.922 INFORMACIÓN [http-nio-8080-exec-94] org.apache.catalina.core.ApplicationContext.log Destruyendo el request!
13-Dec-2022 22:37:21.401 INFORMACIÓN [http-nio-8080-exec-93] org.apache.catalina.core.ApplicationContext.log Inicializando el request!
13-Dec-2022 22:37:21.407 INFORMACIÓN [http-nio-8080-exec-93] org.apache.catalina.core.ApplicationContext.log Destruyendo el request!
13-Dec-2022 22:37:22.136 INFORMACIÓN [http-nio-8080-exec-91] org.apache.catalina.core.ApplicationContext.log Inicializando el request!
13-Dec-2022 22:37:22.142 INFORMACIÓN [http-nio-8080-exec-91] org.apache.catalina.core.ApplicationContext.log Destruyendo el request!
13-Dec-2022 22:37:22.299 INFORMACIÓN [http-nio-8080-exec-85] org.apache.catalina.core.ApplicationContext.log Inicializando el request!
13-Dec-2022 22:37:22.305 INFORMACIÓN [http-nio-8080-exec-85] org.apache.catalina.core.ApplicationContext.log Destruyendo el request!
13-Dec-2022 22:37:23.301 INFORMACIÓN [http-nio-8080-exec-98] org.apache.catalina.core.ApplicationContext.log Inicializando el request!
13-Dec-2022 22:37:23.307 INFORMACIÓN [http-nio-8080-exec-98] org.apache.catalina.core.ApplicationContext.log Destruyendo el request!
13-Dec-2022 22:39:29.504 INFORMACIÓN [http-nio-8080-exec-99] org.apache.catalina.core.ApplicationContext.log Destruyendo la aplicación.
13-Dec-2022 22:39:29.944 INFORMACIÓN [http-nio-8080-exec-99] org.apache.catalina.core.ApplicationContext.log Inicializando la aplicación.
13-Dec-2022 22:39:32.274 INFORMACIÓN [http-nio-8080-exec-107] org.apache.catalina.core.ApplicationContext.log Inicializando el request!
13-Dec-2022 22:39:32.284 INFORMACIÓN [http-nio-8080-exec-107] org.apache.catalina.core.ApplicationContext.log Destruyendo el request!
13-Dec-2022 22:39:34.434 INFORMACIÓN [http-nio-8080-exec-101] org.apache.catalina.core.ApplicationContext.log Inicializando el request!
13-Dec-2022 22:39:34.439 INFORMACIÓN [http-nio-8080-exec-101] org.apache.catalina.core.ApplicationContext.log Destruyendo el request!
13-Dec-2022 22:41:06.176 INFORMACIÓN [http-nio-8080-exec-109] org.apache.catalina.core.ApplicationContext.log Destruyendo la aplicación.
13-Dec-2022 22:41:06.584 INFORMACIÓN [http-nio-8080-exec-109] org.apache.catalina.core.ApplicationContext.log Inicializando la aplicación.
13-Dec-2022 22:41:16.989 INFORMACIÓN [http-nio-8080-exec-112] org.apache.catalina.core.ApplicationContext.log Inicializando el request!
13-Dec-2022 22:41:16.994 INFORMACIÓN [http-nio-8080-exec-112] org.apache.catalina.core.ApplicationContext.log Destruyendo el request!
13-Dec-2022 22:41:20.104 INFORMACIÓN [http-nio-8080-exec-106] org.apache.catalina.core.ApplicationContext.log Inicializando el request!
13-Dec-2022 22:41:20.105 INFORMACIÓN [http-nio-8080-exec-106] org.apache.catalina.core.ApplicationContext.log Destruyendo el request!
13-Dec-2022 22:42:28.633 INFORMACIÓN [http-nio-8080-exec-115] org.apache.catalina.core.ApplicationContext.log Destruyendo la aplicación.
13-Dec-2022 22:42:28.994 INFORMACIÓN [http-nio-8080-exec-115] org.apache.catalina.core.ApplicationContext.log Inicializando la aplicación.
13-Dec-2022 22:42:31.464 INFORMACIÓN [http-nio-8080-exec-117] org.apache.catalina.core.ApplicationContext.log Inicializando el request!
13-Dec-2022 22:42:31.470 INFORMACIÓN [http-nio-8080-exec-117] org.apache.catalina.core.ApplicationContext.log Destruyendo el request!
13-Dec-2022 22:42:33.767 INFORMACIÓN [http-nio-8080-exec-110] org.apache.catalina.core.ApplicationContext.log Inicializando el request!
13-Dec-2022 22:42:33.770 INFORMACIÓN [http-nio-8080-exec-110] org.apache.catalina.core.ApplicationContext.log Destruyendo el request!
13-Dec-2022 22:42:37.364 INFORMACIÓN [http-nio-8080-exec-119] org.apache.catalina.core.ApplicationContext.log Inicializando el request!
13-Dec-2022 22:42:37.365 INFORMACIÓN [http-nio-8080-exec-119] org.apache.catalina.core.ApplicationContext.log Destruyendo el request!
13-Dec-2022 22:42:57.620 INFORMACIÓN [main] org.apache.catalina.core.ApplicationContext.log SessionListener: contextDestroyed()
13-Dec-2022 22:42:57.620 INFORMACIÓN [main] org.apache.catalina.core.ApplicationContext.log ContextListener: contextDestroyed()
13-Dec-2022 22:42:57.624 INFORMACIÓN [main] org.apache.catalina.core.ApplicationContext.log Destruyendo la aplicación.
13-Dec-2022 22:43:02.969 INFORMACIÓN [main] org.apache.catalina.core.ApplicationContext.log Inicializando la aplicación.
13-Dec-2022 22:43:04.411 INFORMACIÓN [main] org.apache.catalina.core.ApplicationContext.log ContextListener: contextInitialized()
13-Dec-2022 22:43:04.411 INFORMACIÓN [main] org.apache.catalina.core.ApplicationContext.log SessionListener: contextInitialized()
13-Dec-2022 22:43:04.414 INFORMACIÓN [main] org.apache.catalina.core.ApplicationContext.log ContextListener: attributeAdded('StockTicker', 'async.Stockticker@4e68aede')
13-Dec-2022 22:43:08.115 INFORMACIÓN [http-nio-8080-exec-1] org.apache.catalina.core.ApplicationContext.log Inicializando el request!
13-Dec-2022 22:43:08.731 INFORMACIÓN [http-nio-8080-exec-1] org.apache.catalina.core.ApplicationContext.log Destruyendo el request!
13-Dec-2022 22:43:09.487 INFORMACIÓN [http-nio-8080-exec-2] org.apache.catalina.core.ApplicationContext.log Inicializando el request!
13-Dec-2022 22:43:09.517 INFORMACIÓN [http-nio-8080-exec-2] org.apache.catalina.core.ApplicationContext.log Destruyendo el request!
13-Dec-2022 22:43:18.094 INFORMACIÓN [http-nio-8080-exec-3] org.apache.catalina.core.ApplicationContext.log Destruyendo la aplicación.
13-Dec-2022 22:43:18.732 INFORMACIÓN [http-nio-8080-exec-3] org.apache.catalina.core.ApplicationContext.log Inicializando la aplicación.
13-Dec-2022 22:43:23.950 INFORMACIÓN [http-nio-8080-exec-10] org.apache.catalina.core.ApplicationContext.log Inicializando el request!
13-Dec-2022 22:43:23.975 INFORMACIÓN [http-nio-8080-exec-10] org.apache.catalina.core.ApplicationContext.log Destruyendo el request!
13-Dec-2022 22:43:24.909 INFORMACIÓN [http-nio-8080-exec-1] org.apache.catalina.core.ApplicationContext.log Inicializando el request!
13-Dec-2022 22:43:24.937 INFORMACIÓN [http-nio-8080-exec-1] org.apache.catalina.core.ApplicationContext.log Destruyendo el request!
13-Dec-2022 22:43:25.084 INFORMACIÓN [http-nio-8080-exec-9] org.apache.catalina.core.ApplicationContext.log Inicializando el request!
13-Dec-2022 22:43:25.109 INFORMACIÓN [http-nio-8080-exec-9] org.apache.catalina.core.ApplicationContext.log Destruyendo el request!
13-Dec-2022 22:44:53.864 INFORMACIÓN [main] org.apache.catalina.core.ApplicationContext.log Inicializando la aplicación.
13-Dec-2022 22:44:55.180 INFORMACIÓN [main] org.apache.catalina.core.ApplicationContext.log ContextListener: contextInitialized()
13-Dec-2022 22:44:55.180 INFORMACIÓN [main] org.apache.catalina.core.ApplicationContext.log SessionListener: contextInitialized()
13-Dec-2022 22:44:55.181 INFORMACIÓN [main] org.apache.catalina.core.ApplicationContext.log ContextListener: attributeAdded('StockTicker', 'async.Stockticker@4e68aede')
13-Dec-2022 22:45:01.718 INFORMACIÓN [http-nio-8080-exec-1] org.apache.catalina.core.ApplicationContext.log Inicializando el request!
13-Dec-2022 22:45:02.246 INFORMACIÓN [http-nio-8080-exec-1] org.apache.catalina.core.ApplicationContext.log Destruyendo el request!
13-Dec-2022 22:46:07.389 INFORMACIÓN [http-nio-8080-exec-4] org.apache.catalina.core.ApplicationContext.log Destruyendo la aplicación.
13-Dec-2022 22:46:08.017 INFORMACIÓN [http-nio-8080-exec-4] org.apache.catalina.core.ApplicationContext.log Inicializando la aplicación.
13-Dec-2022 22:46:12.271 INFORMACIÓN [http-nio-8080-exec-7] org.apache.catalina.core.ApplicationContext.log Inicializando el request!
13-Dec-2022 22:46:12.324 INFORMACIÓN [http-nio-8080-exec-7] org.apache.catalina.core.ApplicationContext.log Destruyendo el request!
13-Dec-2022 22:46:16.619 INFORMACIÓN [http-nio-8080-exec-2] org.apache.catalina.core.ApplicationContext.log Inicializando el request!
13-Dec-2022 22:46:16.674 INFORMACIÓN [http-nio-8080-exec-2] org.apache.catalina.core.ApplicationContext.log Inicialiazando la sesión http.
13-Dec-2022 22:46:16.681 INFORMACIÓN [http-nio-8080-exec-2] org.apache.catalina.core.ApplicationContext.log Destruyendo el request!
13-Dec-2022 22:46:35.717 INFORMACIÓN [http-nio-8080-exec-3] org.apache.catalina.core.ApplicationContext.log Inicializando el request!
13-Dec-2022 22:46:36.850 INFORMACIÓN [http-nio-8080-exec-3] org.apache.catalina.core.ApplicationContext.log Destruyendo el request!
13-Dec-2022 22:46:44.241 INFORMACIÓN [http-nio-8080-exec-10] org.apache.catalina.core.ApplicationContext.log Inicializando el request!
13-Dec-2022 22:46:44.259 INFORMACIÓN [http-nio-8080-exec-10] org.apache.catalina.core.ApplicationContext.log Destruyendo el request!
13-Dec-2022 22:46:44.278 INFORMACIÓN [http-nio-8080-exec-9] org.apache.catalina.core.ApplicationContext.log Inicializando el request!
13-Dec-2022 22:46:44.294 INFORMACIÓN [http-nio-8080-exec-9] org.apache.catalina.core.ApplicationContext.log Destruyendo el request!
13-Dec-2022 22:46:47.189 INFORMACIÓN [http-nio-8080-exec-5] org.apache.catalina.core.ApplicationContext.log Inicializando el request!
13-Dec-2022 22:46:47.204 INFORMACIÓN [http-nio-8080-exec-5] org.apache.catalina.core.ApplicationContext.log Destruyendo el request!
13-Dec-2022 22:46:48.311 INFORMACIÓN [http-nio-8080-exec-8] org.apache.catalina.core.ApplicationContext.log Inicializando el request!
13-Dec-2022 22:46:48.344 INFORMACIÓN [http-nio-8080-exec-8] org.apache.catalina.core.ApplicationContext.log Destruyendo el request!
13-Dec-2022 22:48:34.532 INFORMACIÓN [http-nio-8080-exec-11] org.apache.catalina.core.ApplicationContext.log Destrutendo la sesión http.
13-Dec-2022 22:48:34.532 INFORMACIÓN [http-nio-8080-exec-11] org.apache.catalina.core.ApplicationContext.log Destruyendo la aplicación.
13-Dec-2022 22:48:35.194 INFORMACIÓN [http-nio-8080-exec-11] org.apache.catalina.core.ApplicationContext.log Inicializando la aplicación.
13-Dec-2022 22:48:37.600 INFORMACIÓN [http-nio-8080-exec-17] org.apache.catalina.core.ApplicationContext.log Inicializando el request!
13-Dec-2022 22:48:37.624 INFORMACIÓN [http-nio-8080-exec-17] org.apache.catalina.core.ApplicationContext.log Inicialiazando la sesión http.
13-Dec-2022 22:48:37.624 INFORMACIÓN [http-nio-8080-exec-17] org.apache.catalina.core.ApplicationContext.log Destruyendo el request!
13-Dec-2022 22:48:42.995 INFORMACIÓN [http-nio-8080-exec-12] org.apache.catalina.core.ApplicationContext.log Inicializando el request!
13-Dec-2022 22:48:43.005 INFORMACIÓN [http-nio-8080-exec-12] org.apache.catalina.core.ApplicationContext.log Destruyendo el request!
13-Dec-2022 22:48:45.406 INFORMACIÓN [http-nio-8080-exec-18] org.apache.catalina.core.ApplicationContext.log Inicializando el request!
13-Dec-2022 22:48:45.524 INFORMACIÓN [http-nio-8080-exec-18] org.apache.catalina.core.ApplicationContext.log Destruyendo el request!
13-Dec-2022 22:48:51.055 INFORMACIÓN [http-nio-8080-exec-13] org.apache.catalina.core.ApplicationContext.log Inicializando el request!
13-Dec-2022 22:48:51.071 INFORMACIÓN [http-nio-8080-exec-13] org.apache.catalina.core.ApplicationContext.log Destruyendo el request!
13-Dec-2022 22:48:51.075 INFORMACIÓN [http-nio-8080-exec-19] org.apache.catalina.core.ApplicationContext.log Inicializando el request!
13-Dec-2022 22:48:51.086 INFORMACIÓN [http-nio-8080-exec-19] org.apache.catalina.core.ApplicationContext.log Destruyendo el request!
13-Dec-2022 22:48:54.684 INFORMACIÓN [http-nio-8080-exec-16] org.apache.catalina.core.ApplicationContext.log Inicializando el request!
13-Dec-2022 22:48:54.709 INFORMACIÓN [http-nio-8080-exec-16] org.apache.catalina.core.ApplicationContext.log Destruyendo el request!
13-Dec-2022 22:48:56.167 INFORMACIÓN [http-nio-8080-exec-20] org.apache.catalina.core.ApplicationContext.log Inicializando el request!
13-Dec-2022 22:48:56.184 INFORMACIÓN [http-nio-8080-exec-20] org.apache.catalina.core.ApplicationContext.log Destruyendo el request!
13-Dec-2022 22:48:56.184 INFORMACIÓN [http-nio-8080-exec-15] org.apache.catalina.core.ApplicationContext.log Inicializando el request!
13-Dec-2022 22:48:56.340 INFORMACIÓN [http-nio-8080-exec-15] org.apache.catalina.core.ApplicationContext.log Destruyendo el request!
13-Dec-2022 22:49:01.344 INFORMACIÓN [http-nio-8080-exec-21] org.apache.catalina.core.ApplicationContext.log Inicializando el request!
13-Dec-2022 22:49:01.365 INFORMACIÓN [http-nio-8080-exec-21] org.apache.catalina.core.ApplicationContext.log Destruyendo el request!
13-Dec-2022 22:49:01.369 INFORMACIÓN [http-nio-8080-exec-14] org.apache.catalina.core.ApplicationContext.log Inicializando el request!
13-Dec-2022 22:49:01.385 INFORMACIÓN [http-nio-8080-exec-14] org.apache.catalina.core.ApplicationContext.log Destruyendo el request!
13-Dec-2022 22:49:02.472 INFORMACIÓN [http-nio-8080-exec-22] org.apache.catalina.core.ApplicationContext.log Inicializando el request!
13-Dec-2022 22:49:02.484 INFORMACIÓN [http-nio-8080-exec-22] org.apache.catalina.core.ApplicationContext.log Destruyendo el request!
13-Dec-2022 22:49:03.744 INFORMACIÓN [http-nio-8080-exec-23] org.apache.catalina.core.ApplicationContext.log Inicializando el request!
13-Dec-2022 22:49:03.762 INFORMACIÓN [http-nio-8080-exec-23] org.apache.catalina.core.ApplicationContext.log Destruyendo el request!
13-Dec-2022 22:49:03.766 INFORMACIÓN [http-nio-8080-exec-24] org.apache.catalina.core.ApplicationContext.log Inicializando el request!
13-Dec-2022 22:49:03.784 INFORMACIÓN [http-nio-8080-exec-24] org.apache.catalina.core.ApplicationContext.log Destruyendo el request!
13-Dec-2022 22:49:18.817 INFORMACIÓN [http-nio-8080-exec-25] org.apache.catalina.core.ApplicationContext.log Inicializando el request!
13-Dec-2022 22:49:18.834 INFORMACIÓN [http-nio-8080-exec-25] org.apache.catalina.core.ApplicationContext.log Destruyendo el request!
13-Dec-2022 22:49:18.841 INFORMACIÓN [http-nio-8080-exec-19] org.apache.catalina.core.ApplicationContext.log Inicializando el request!
13-Dec-2022 22:49:18.854 INFORMACIÓN [http-nio-8080-exec-19] org.apache.catalina.core.ApplicationContext.log Destruyendo el request!
13-Dec-2022 22:49:26.915 INFORMACIÓN [http-nio-8080-exec-26] org.apache.catalina.core.ApplicationContext.log Inicializando el request!
13-Dec-2022 22:49:26.930 INFORMACIÓN [http-nio-8080-exec-26] org.apache.catalina.core.ApplicationContext.log Destruyendo el request!
13-Dec-2022 22:49:26.934 INFORMACIÓN [http-nio-8080-exec-27] org.apache.catalina.core.ApplicationContext.log Inicializando el request!
13-Dec-2022 22:49:26.946 INFORMACIÓN [http-nio-8080-exec-27] org.apache.catalina.core.ApplicationContext.log Destruyendo el request!
13-Dec-2022 22:49:33.809 INFORMACIÓN [http-nio-8080-exec-15] org.apache.catalina.core.ApplicationContext.log Inicializando el request!
13-Dec-2022 22:49:33.834 INFORMACIÓN [http-nio-8080-exec-15] org.apache.catalina.core.ApplicationContext.log Destruyendo el request!
13-Dec-2022 22:49:33.837 INFORMACIÓN [http-nio-8080-exec-21] org.apache.catalina.core.ApplicationContext.log Inicializando el request!
13-Dec-2022 22:49:33.855 INFORMACIÓN [http-nio-8080-exec-21] org.apache.catalina.core.ApplicationContext.log Destruyendo el request!
13-Dec-2022 22:49:38.274 INFORMACIÓN [http-nio-8080-exec-28] org.apache.catalina.core.ApplicationContext.log Inicializando el request!
13-Dec-2022 22:49:38.284 INFORMACIÓN [http-nio-8080-exec-28] org.apache.catalina.core.ApplicationContext.log Destruyendo el request!
13-Dec-2022 22:49:38.294 INFORMACIÓN [http-nio-8080-exec-22] org.apache.catalina.core.ApplicationContext.log Inicializando el request!
13-Dec-2022 22:49:38.304 INFORMACIÓN [http-nio-8080-exec-22] org.apache.catalina.core.ApplicationContext.log Destruyendo el request!
13-Dec-2022 22:49:41.201 INFORMACIÓN [http-nio-8080-exec-23] org.apache.catalina.core.ApplicationContext.log Inicializando el request!
13-Dec-2022 22:49:41.214 INFORMACIÓN [http-nio-8080-exec-23] org.apache.catalina.core.ApplicationContext.log Destruyendo el request!
13-Dec-2022 22:49:41.214 INFORMACIÓN [http-nio-8080-exec-24] org.apache.catalina.core.ApplicationContext.log Inicializando el request!
13-Dec-2022 22:49:41.234 INFORMACIÓN [http-nio-8080-exec-24] org.apache.catalina.core.ApplicationContext.log Destruyendo el request!
13-Dec-2022 22:49:46.863 INFORMACIÓN [http-nio-8080-exec-25] org.apache.catalina.core.ApplicationContext.log Inicializando el request!
13-Dec-2022 22:49:46.879 INFORMACIÓN [http-nio-8080-exec-25] org.apache.catalina.core.ApplicationContext.log Destruyendo el request!
13-Dec-2022 22:49:46.879 INFORMACIÓN [http-nio-8080-exec-29] org.apache.catalina.core.ApplicationContext.log Inicializando el request!
13-Dec-2022 22:49:46.899 INFORMACIÓN [http-nio-8080-exec-29] org.apache.catalina.core.ApplicationContext.log Destruyendo el request!
13-Dec-2022 22:49:52.407 INFORMACIÓN [http-nio-8080-exec-26] org.apache.catalina.core.ApplicationContext.log Inicializando el request!
13-Dec-2022 22:49:52.417 INFORMACIÓN [http-nio-8080-exec-26] org.apache.catalina.core.ApplicationContext.log Destruyendo el request!
13-Dec-2022 22:49:52.425 INFORMACIÓN [http-nio-8080-exec-27] org.apache.catalina.core.ApplicationContext.log Inicializando el request!
13-Dec-2022 22:49:52.434 INFORMACIÓN [http-nio-8080-exec-27] org.apache.catalina.core.ApplicationContext.log Destruyendo el request!
13-Dec-2022 23:20:29.418 INFORMACIÓN [Catalina-utility-1] org.apache.catalina.core.ApplicationContext.log Destrutendo la sesión http.
13-Dec-2022 23:46:25.289 INFORMACIÓN [http-nio-8080-exec-21] org.apache.catalina.core.ApplicationContext.log Destruyendo la aplicación.
13-Dec-2022 23:46:26.399 INFORMACIÓN [http-nio-8080-exec-21] org.apache.catalina.core.ApplicationContext.log Inicializando la aplicación.
13-Dec-2022 23:46:49.400 INFORMACIÓN [http-nio-8080-exec-24] org.apache.catalina.core.ApplicationContext.log Inicializando el request!
13-Dec-2022 23:46:49.424 INFORMACIÓN [http-nio-8080-exec-24] org.apache.catalina.core.ApplicationContext.log Inicialiazando la sesión http.
13-Dec-2022 23:46:49.425 INFORMACIÓN [http-nio-8080-exec-24] org.apache.catalina.core.ApplicationContext.log Destruyendo el request!
13-Dec-2022 23:46:56.002 INFORMACIÓN [http-nio-8080-exec-30] org.apache.catalina.core.ApplicationContext.log Inicializando el request!
13-Dec-2022 23:46:56.019 INFORMACIÓN [http-nio-8080-exec-30] org.apache.catalina.core.ApplicationContext.log Destruyendo el request!
13-Dec-2022 23:46:56.023 INFORMACIÓN [http-nio-8080-exec-29] org.apache.catalina.core.ApplicationContext.log Inicializando el request!
13-Dec-2022 23:46:56.123 INFORMACIÓN [http-nio-8080-exec-29] org.apache.catalina.core.ApplicationContext.log Destruyendo el request!
13-Dec-2022 23:46:59.173 INFORMACIÓN [http-nio-8080-exec-25] org.apache.catalina.core.ApplicationContext.log Inicializando el request!
13-Dec-2022 23:46:59.191 INFORMACIÓN [http-nio-8080-exec-25] org.apache.catalina.core.ApplicationContext.log Destruyendo el request!
13-Dec-2022 23:47:01.921 INFORMACIÓN [http-nio-8080-exec-23] org.apache.catalina.core.ApplicationContext.log Inicializando el request!
13-Dec-2022 23:47:01.936 INFORMACIÓN [http-nio-8080-exec-23] org.apache.catalina.core.ApplicationContext.log Destruyendo el request!
13-Dec-2022 23:47:09.354 INFORMACIÓN [http-nio-8080-exec-22] org.apache.catalina.core.ApplicationContext.log Inicializando el request!
13-Dec-2022 23:47:09.500 INFORMACIÓN [http-nio-8080-exec-22] org.apache.catalina.core.ApplicationContext.log Destruyendo el request!
13-Dec-2022 23:47:13.928 INFORMACIÓN [http-nio-8080-exec-28] org.apache.catalina.core.ApplicationContext.log Inicializando el request!
13-Dec-2022 23:47:13.945 INFORMACIÓN [http-nio-8080-exec-28] org.apache.catalina.core.ApplicationContext.log Destruyendo el request!
13-Dec-2022 23:48:00.049 INFORMACIÓN [http-nio-8080-exec-32] org.apache.catalina.core.ApplicationContext.log Destrutendo la sesión http.
13-Dec-2022 23:48:00.049 INFORMACIÓN [http-nio-8080-exec-32] org.apache.catalina.core.ApplicationContext.log Destruyendo la aplicación.
13-Dec-2022 23:48:00.755 INFORMACIÓN [http-nio-8080-exec-32] org.apache.catalina.core.ApplicationContext.log Inicializando la aplicación.
13-Dec-2022 23:48:11.789 INFORMACIÓN [http-nio-8080-exec-39] org.apache.catalina.core.ApplicationContext.log Inicializando el request!
13-Dec-2022 23:48:11.815 INFORMACIÓN [http-nio-8080-exec-39] org.apache.catalina.core.ApplicationContext.log Inicialiazando la sesión http.
13-Dec-2022 23:48:11.936 INFORMACIÓN [http-nio-8080-exec-39] org.apache.catalina.core.ApplicationContext.log Destruyendo el request!
13-Dec-2022 23:48:14.633 INFORMACIÓN [http-nio-8080-exec-38] org.apache.catalina.core.ApplicationContext.log Inicializando el request!
13-Dec-2022 23:48:14.645 INFORMACIÓN [http-nio-8080-exec-38] org.apache.catalina.core.ApplicationContext.log Destruyendo el request!
13-Dec-2022 23:48:21.227 INFORMACIÓN [http-nio-8080-exec-35] org.apache.catalina.core.ApplicationContext.log Destrutendo la sesión http.
13-Dec-2022 23:48:21.227 INFORMACIÓN [http-nio-8080-exec-35] org.apache.catalina.core.ApplicationContext.log Destruyendo la aplicación.
13-Dec-2022 23:48:21.995 INFORMACIÓN [http-nio-8080-exec-35] org.apache.catalina.core.ApplicationContext.log Inicializando la aplicación.
13-Dec-2022 23:48:25.176 INFORMACIÓN [http-nio-8080-exec-41] org.apache.catalina.core.ApplicationContext.log Inicializando el request!
13-Dec-2022 23:48:25.201 INFORMACIÓN [http-nio-8080-exec-41] org.apache.catalina.core.ApplicationContext.log Destruyendo el request!
13-Dec-2022 23:48:29.058 INFORMACIÓN [http-nio-8080-exec-31] org.apache.catalina.core.ApplicationContext.log Inicializando el request!
13-Dec-2022 23:48:29.069 INFORMACIÓN [http-nio-8080-exec-31] org.apache.catalina.core.ApplicationContext.log Destruyendo el request!
13-Dec-2022 23:48:29.507 INFORMACIÓN [http-nio-8080-exec-37] org.apache.catalina.core.ApplicationContext.log Inicializando el request!
13-Dec-2022 23:48:29.521 INFORMACIÓN [http-nio-8080-exec-37] org.apache.catalina.core.ApplicationContext.log Destruyendo el request!
13-Dec-2022 23:48:29.708 INFORMACIÓN [http-nio-8080-exec-40] org.apache.catalina.core.ApplicationContext.log Inicializando el request!
13-Dec-2022 23:48:29.724 INFORMACIÓN [http-nio-8080-exec-40] org.apache.catalina.core.ApplicationContext.log Destruyendo el request!
13-Dec-2022 23:48:31.549 INFORMACIÓN [http-nio-8080-exec-43] org.apache.catalina.core.ApplicationContext.log Inicializando el request!
13-Dec-2022 23:48:31.566 INFORMACIÓN [http-nio-8080-exec-43] org.apache.catalina.core.ApplicationContext.log Inicialiazando la sesión http.
13-Dec-2022 23:48:31.666 INFORMACIÓN [http-nio-8080-exec-43] org.apache.catalina.core.ApplicationContext.log Destruyendo el request!
13-Dec-2022 23:48:54.967 INFORMACIÓN [http-nio-8080-exec-33] org.apache.catalina.core.ApplicationContext.log Inicializando el request!
13-Dec-2022 23:48:55.067 INFORMACIÓN [http-nio-8080-exec-33] org.apache.catalina.core.ApplicationContext.log Destruyendo el request!
13-Dec-2022 23:49:00.491 INFORMACIÓN [http-nio-8080-exec-44] org.apache.catalina.core.ApplicationContext.log Inicializando el request!
13-Dec-2022 23:49:00.505 INFORMACIÓN [http-nio-8080-exec-44] org.apache.catalina.core.ApplicationContext.log Destruyendo el request!
13-Dec-2022 23:49:00.505 INFORMACIÓN [http-nio-8080-exec-42] org.apache.catalina.core.ApplicationContext.log Inicializando el request!
13-Dec-2022 23:49:00.525 INFORMACIÓN [http-nio-8080-exec-42] org.apache.catalina.core.ApplicationContext.log Destruyendo el request!
13-Dec-2022 23:49:03.248 INFORMACIÓN [http-nio-8080-exec-45] org.apache.catalina.core.ApplicationContext.log Inicializando el request!
13-Dec-2022 23:49:03.265 INFORMACIÓN [http-nio-8080-exec-45] org.apache.catalina.core.ApplicationContext.log Destruyendo el request!
13-Dec-2022 23:49:04.831 INFORMACIÓN [http-nio-8080-exec-41] org.apache.catalina.core.ApplicationContext.log Inicializando el request!
13-Dec-2022 23:49:04.845 INFORMACIÓN [http-nio-8080-exec-41] org.apache.catalina.core.ApplicationContext.log Destruyendo el request!
13-Dec-2022 23:49:04.857 INFORMACIÓN [http-nio-8080-exec-46] org.apache.catalina.core.ApplicationContext.log Inicializando el request!
13-Dec-2022 23:49:04.971 INFORMACIÓN [http-nio-8080-exec-46] org.apache.catalina.core.ApplicationContext.log Destruyendo el request!
13-Dec-2022 23:49:06.052 INFORMACIÓN [http-nio-8080-exec-37] org.apache.catalina.core.ApplicationContext.log Inicializando el request!
13-Dec-2022 23:49:06.065 INFORMACIÓN [http-nio-8080-exec-37] org.apache.catalina.core.ApplicationContext.log Destruyendo el request!
13-Dec-2022 23:49:06.065 INFORMACIÓN [http-nio-8080-exec-40] org.apache.catalina.core.ApplicationContext.log Inicializando el request!
13-Dec-2022 23:49:06.085 INFORMACIÓN [http-nio-8080-exec-40] org.apache.catalina.core.ApplicationContext.log Destruyendo el request!
13-Dec-2022 23:49:09.897 INFORMACIÓN [http-nio-8080-exec-47] org.apache.catalina.core.ApplicationContext.log Inicializando el request!
13-Dec-2022 23:49:09.912 INFORMACIÓN [http-nio-8080-exec-47] org.apache.catalina.core.ApplicationContext.log Destruyendo el request!
13-Dec-2022 23:49:09.955 INFORMACIÓN [http-nio-8080-exec-48] org.apache.catalina.core.ApplicationContext.log Inicializando el request!
13-Dec-2022 23:49:09.975 INFORMACIÓN [http-nio-8080-exec-48] org.apache.catalina.core.ApplicationContext.log Destruyendo el request!
13-Dec-2022 23:50:35.595 INFORMACIÓN [http-nio-8080-exec-44] org.apache.catalina.core.ApplicationContext.log Inicializando el request!
13-Dec-2022 23:50:35.614 INFORMACIÓN [http-nio-8080-exec-44] org.apache.catalina.core.ApplicationContext.log Destruyendo el request!
